  0%|          | 0/108 [00:00<?, ?it/s]  1%|          | 1/108 [02:19<4:08:28, 139.33s/it]12:27:35 AM PIT >> INFO : Verbose logging is disabled. If you encounter a problem, please enable it before reporting an issue.
12:27:37 AM PIT >> INFO : Incremental analysis reduced number of mutations by 0
12:27:37 AM PIT >> INFO : Created  159 mutation test units in pre scan
12:27:38 AM PIT >> INFO : Sending 7 test classes to minion
12:27:38 AM PIT >> INFO : Sent tests to minion
12:27:38 AM PIT >> SEVERE : Description [testClass=org.jeecg.test.sqlinjection.TestInjectWithSqlParser, name=test(org.jeecg.test.sqlinjection.TestInjectWithSqlParser)] did not pass without mutation.
12:27:38 AM PIT >> SEVERE : Description [testClass=org.jeecg.test.sqlinjection.TestSqlInjectForOnlineReport, name=test(org.jeecg.test.sqlinjection.TestSqlInjectForOnlineReport)] did not pass without mutation.
12:27:38 AM PIT >> INFO : Calculated coverage in 0 seconds.
12:27:38 AM PIT >> SEVERE : Tests failing without mutation: 
Description [testClass=org.jeecg.test.sqlinjection.TestInjectWithSqlParser, name=test(org.jeecg.test.sqlinjection.TestInjectWithSqlParser)]
Description [testClass=org.jeecg.test.sqlinjection.TestSqlInjectForOnlineReport, name=test(org.jeecg.test.sqlinjection.TestSqlInjectForOnlineReport)]
12:28:09 AM PIT >> INFO : Verbose logging is disabled. If you encounter a problem, please enable it before reporting an issue.
12:28:11 AM PIT >> INFO : Incremental analysis reduced number of mutations by 0
12:28:11 AM PIT >> INFO : Created  160 mutation test units in pre scan
12:28:12 AM PIT >> INFO : Sending 6 test classes to minion
12:28:12 AM PIT >> INFO : Sent tests to minion
12:28:12 AM PIT >> SEVERE : Description [testClass=org.jeecg.test.sqlinjection.TestInjectWithSqlParser, name=test(org.jeecg.test.sqlinjection.TestInjectWithSqlParser)] did not pass without mutation.
12:28:12 AM PIT >> SEVERE : Description [testClass=org.jeecg.test.sqlinjection.TestSqlInjectForOnlineReport, name=test(org.jeecg.test.sqlinjection.TestSqlInjectForOnlineReport)] did not pass without mutation.
12:28:12 AM PIT >> INFO : Calculated coverage in 0 seconds.
12:28:12 AM PIT >> SEVERE : Tests failing without mutation: 
Description [testClass=org.jeecg.test.sqlinjection.TestInjectWithSqlParser, name=test(org.jeecg.test.sqlinjection.TestInjectWithSqlParser)]
Description [testClass=org.jeecg.test.sqlinjection.TestSqlInjectForOnlineReport, name=test(org.jeecg.test.sqlinjection.TestSqlInjectForOnlineReport)]
