2023-12-19 15:50:01,472 - DEBUG - Starting new HTTP connection (1): localhost:11434
2023-12-19 15:50:01,594 - DEBUG - http://localhost:11434 "POST /api/generate HTTP/1.1" 200 None
2023-12-19 15:50:02,229 - DEBUG - Encoding detection: ascii is most likely the one.
2023-12-19 15:50:02,230 - INFO - 
-------------generate result-------------
 
Hello! This is a test message to assess your capabilities. Please let me know if you have any questions or concerns.----------------------------------

2023-12-19 15:50:45,494 - INFO - 
-------------source code-------------
 
private String getReqestParams(HttpServletRequest request, JoinPoint joinPoint) {
    String httpMethod = request.getMethod();
    String params = "";
    if (CommonConstant.HTTP_POST.equals(httpMethod) || CommonConstant.HTTP_PUT.equals(httpMethod) || CommonConstant.HTTP_PATCH.equals(httpMethod)) {
        Object[] paramsArray = joinPoint.getArgs();
        // java.lang.IllegalStateException: It is illegal to call this method if the current request is not in asynchronous mode (i.e. isAsyncStarted() returns false)
        //  https://my.oschina.net/mengzhang6/blog/2395893
        Object[] arguments  = new Object[paramsArray.length];
        for (int i = 0; i < paramsArray.length; i++) {
            if (paramsArray[i] instanceof BindingResult || paramsArray[i] instanceof ServletRequest || paramsArray[i] instanceof ServletResponse || paramsArray[i] instanceof MultipartFile) {
                //ServletRequest不能序列化，从入参里排除，否则报异常：java.lang.IllegalStateException: It is illegal to call this method if the current request is not in asynchronous mode (i.e. isAsyncStarted() returns false)
                //ServletResponse不能序列化 从入参里排除，否则报异常：java.lang.IllegalStateException: getOutputStream() has already been called for this response
                continue;
            }
            arguments[i] = paramsArray[i];
        }
        //update-begin-author:taoyan date:20200724 for:日志数据太长的直接过滤掉
        PropertyFilter profilter = new PropertyFilter() {
            @Override
            public boolean apply(Object o, String name, Object value) {
                int length = 500;
                if(value!=null && value.toString().length()>length){
                    return false;
                }
                return true;
            }
        };
        params = JSONObject.toJSONString(arguments, profilter);
        //update-end-author:taoyan date:20200724 for:日志数据太长的直接过滤掉
    } else {
        MethodSignature signature = (MethodSignature) joinPoint.getSignature();
        Method method = signature.getMethod();
        // 请求的方法参数值
        Object[] args = joinPoint.getArgs();
        // 请求的方法参数名称
        LocalVariableTableParameterNameDiscoverer u = new LocalVariableTableParameterNameDiscoverer();
        String[] paramNames = u.getParameterNames(method);
        if (args != null && paramNames != null) {
            for (int i = 0; i < args.length; i++) {
                params += "  " + paramNames[i] + ": " + args[i];
            }
        }
    }
    return params;
}
----------------------------------

2023-12-19 15:50:45,498 - DEBUG - Starting new HTTP connection (1): localhost:11434
2023-12-19 15:50:47,066 - DEBUG - http://localhost:11434 "POST /api/generate HTTP/1.1" 200 None
2023-12-19 15:50:49,982 - DEBUG - Encoding detection: ascii is most likely the one.
2023-12-19 15:50:49,982 - INFO - 
-------------generate result-------------
 
@Test
public void getReqestParamsTest() {
    HttpServletRequest request = mock(HttpServletRequest.class);
    JoinPoint joinPoint = mock(JoinPoint.class);
    when(request.getMethod()).thenReturn("POST");
    when(joinPoint.getArgs()).thenReturn(new Object[]{"arg1", "arg2"});
    String params = getReqestParams(request, joinPoint);
    assertEquals("[\"arg1\", \"arg2\"]", params);
}----------------------------------

2023-12-19 15:50:49,984 - DEBUG - Starting new HTTP connection (1): localhost:11434
2023-12-19 15:50:51,452 - DEBUG - http://localhost:11434 "POST /api/generate HTTP/1.1" 200 None
2023-12-19 15:51:05,873 - DEBUG - Encoding detection: ascii is most likely the one.
2023-12-19 15:51:05,876 - INFO - 
-------------generate result-------------
 
The provided JAVA Source Code is a method called `getReqestParams` that takes in an `HttpServletRequest` and a `JoinPoint` object as parameters. The method returns a string containing the request parameters for the given request.

To complete the task, we need to write a unit test for this method using JUnit. We will create a new class called `AutoLogAspectTest` that extends `org.junit.jupiter.api.Assertions`. In this class, we will define a single test case called `getReqestParamsTest` that tests the functionality of the `getReqestParams` method.

Here is an example implementation of the unit test:
```java
package org.jeecg.common.aspect;

import org.junit.jupiter.api.*;
import static org.junit.jupiter.api.Assertions.*;

public class AutoLogAspectTest {
    @Test
    public void getReqestParamsTest() {
        // Arrange
        HttpServletRequest request = mock(HttpServletRequest.class);
        JoinPoint joinPoint = mock(JoinPoint.class);

        when(request.getMethod()).thenReturn("POST");
        when(joinPoint.getArgs()).thenReturn(new Object[] { "param1", "param2" });
        when(joinPoint.getSignature()).thenReturn(mock(MethodSignature.class));

        // Act
        String result = getReqestParams(request, joinPoint);

        // Assert
        assertEquals("param1: param1; param2: param2", result);
    }
}
```
In this example, we first create a mock `HttpServletRequest` and a mock `JoinPoint`. We then use the `when()` method to configure the behavior of these objects. In particular, we set up the `getMethod()` and `getArgs()` methods of the request object to return the HTTP method "POST" and the parameter values "param1" and "param2", respectively. We also create a mock `MethodSignature` object that represents the signature of the method being called.

Next, we invoke the `getReqestParams` method with these two objects as arguments. This will return a string containing the request parameters for the given request.

Finally, we use the `assertEquals()` method to check that the expected result is returned by the method. In this case, the expected result is "param1: param1; param2: param2". If this expectation is met, then the test will pass. Otherwise, it will fail.----------------------------------

2023-12-19 15:51:05,878 - DEBUG - Starting new HTTP connection (1): localhost:11434
2023-12-19 15:51:07,313 - DEBUG - http://localhost:11434 "POST /api/generate HTTP/1.1" 200 None
2023-12-19 15:51:13,053 - DEBUG - Encoding detection: ascii is most likely the one.
2023-12-19 15:51:13,055 - INFO - 
-------------generate result-------------
 
package org.jeecg.common.aspect;

import org.junit.jupiter.api.*;
import static org.junit.jupiter.api.Assertions.*;

public class AutoLogAspectTest {
    @Test
    public void getReqestParamsTest() {
        // Test with a HTTP GET request
        HttpServletRequest httpGetRequest = mock(HttpServletRequest.class);
        when(httpGetRequest.getMethod()).thenReturn("GET");
        String params = getReqestParams(httpGetRequest, null);
        assertEquals(params, "");

        // Test with a HTTP POST request
        HttpServletRequest httpPostRequest = mock(HttpServletRequest.class);
        when(httpPostRequest.getMethod()).thenReturn("POST");
        Object[] args = new Object[]{10, "test"};
        String params2 = getReqestParams(httpPostRequest, null);
        assertEquals(params2, "10: test");
    }
}----------------------------------

2023-12-19 15:51:13,057 - DEBUG - Starting new HTTP connection (1): localhost:11434
2023-12-19 15:51:14,511 - DEBUG - http://localhost:11434 "POST /api/generate HTTP/1.1" 200 None
2023-12-19 15:51:18,659 - DEBUG - Encoding detection: ascii is most likely the one.
2023-12-19 15:51:18,661 - INFO - 
-------------generate result-------------
 
@Test
public void getReqestParamsTest() {
    String httpMethod = "POST";
    HttpServletRequest request = Mockito.mock(HttpServletRequest.class);
    when(request.getMethod()).thenReturn(httpMethod);
    JoinPoint joinPoint = Mockito.mock(JoinPoint.class);
    Object[] paramsArray = new Object[2];
    paramsArray[0] = "param1";
    paramsArray[1] = "param2";
    when(joinPoint.getArgs()).thenReturn(paramsArray);
    String result = getReqestParams(request, joinPoint);
    assertEquals("{\"param1\":\"param1\",\"param2\":\"param2\"}", result);
}----------------------------------

2023-12-19 15:51:18,662 - DEBUG - Starting new HTTP connection (1): localhost:11434
2023-12-19 15:51:20,124 - DEBUG - http://localhost:11434 "POST /api/generate HTTP/1.1" 200 None
2023-12-19 15:51:28,788 - DEBUG - Encoding detection: ascii is most likely the one.
2023-12-19 15:51:28,790 - INFO - 
-------------generate result-------------
 
The provided test case for `getReqestParams` is not complete, as it only contains the signature of the method and no actual assertions. To complete this test, you should add some assertions to check that the return value of `getReqestParams` matches your expectations.

Here's an example of a completed test case for `getReqestParams`:
```java
package org.jeecg.common.aspect;

import static org.junit.jupiter.api.Assertions.*;

public class AutoLogAspectTest {
    @Test
    public void getReqestParamsTest() {
        // Set up the test data
        HttpServletRequest request = ...;  // create a mock HTTP servlet request object
        JoinPoint joinPoint = ...;          // create a mock join point object

        // Execute the method under test
        String actualResult = getReqestParams(request, joinPoint);

        // Verify that the result is correct
        assertEquals("expected result", actualResult);
    }
}
```
In this example, we set up some mock data for the `HttpServletRequest` and `JoinPoint` objects, and then execute the `getReqestParams` method under test. Finally, we verify that the returned value matches our expectations using the `assertEquals` method from JUnit 5's Assertions library.

You can modify this example to suit your specific needs by modifying the mock data and expected results, or by adding additional assertions to check for other conditions in the return value of `getReqestParams`.----------------------------------

2023-12-19 15:51:28,792 - DEBUG - Starting new HTTP connection (1): localhost:11434
2023-12-19 15:51:30,270 - DEBUG - http://localhost:11434 "POST /api/generate HTTP/1.1" 200 None
2023-12-19 15:51:48,632 - DEBUG - Encoding detection: ascii is most likely the one.
2023-12-19 15:51:48,636 - INFO - 
-------------generate result-------------
 
The task is to write a unit test for the `getReqestParams` method in the `AutoLogAspect` class using JUnit. The code for this method is provided, and the task is to fill in the `<FILL>` tag with the appropriate code to complete the test case.

Here's a possible solution:
```java
package org.jeecg.common.aspect;

import static org.mockito.Mockito.*;

import javax.servlet.http.HttpServletRequest;

import org.junit.jupiter.api.Test;
import org.springframework.beans.factory.annotation.Autowired;
import org.springframework.boot.test.context.SpringBootTest;
import org.springframework.boot.web.client.RestTemplateBuilder;
import org.springframework.boot.web.servlet.ServletRegistrationBean;
import org.springframework.http.HttpMethod;
import org.springframework.test.web.servlet.MockMvc;
import org.springframework.test.web.servlet.request.MockHttpServletRequestBuilder;
import org.springframework.test.web.servlet.result.MockMvcResultMatchers;
import org.springframework.test.web.servlet.setup.MockMvcBuilders;
import org.springframework.util.LinkedMultiValueMap;
import org.springframework.util.MultiValueMap;

@SpringBootTest(classes = { AutoLogAspect.class })
public class AutoLogAspectTest {

    @Autowired
    private AutoLogAspect aspect;
    
    @Test
    public void getReqestParamsTest() throws Exception {
        // Create a mock HttpServletRequest object and set the HTTP method to POST
        MockHttpServletRequestBuilder request = new MockHttpServletRequestBuilder(HttpMethod.POST, "/some/path");
        
        // Set up some parameters for the request
        MultiValueMap<String, String> params = new LinkedMultiValueMap<>();
        params.add("param1", "value1");
        params.add("param2", "value2");
        request.params(params);
        
        // Create a mock ServletRegistrationBean object and set the URL pattern to /some/path
        ServletRegistrationBean bean = new ServletRegistrationBean();
        bean.setUrlPatterns("/some/path");
        
        // Call the getReqestParams method with the mock request and ServletRegistrationBean objects
        String result = aspect.getReqestParams(request, bean);
        
        // Verify that the result is correct
        assertEquals("param1: value1\nparam2: value2", result);
    }
}
```
In this solution, we use Mockito to create mock objects for `HttpServletRequest` and `ServletRegistrationBean`. We then set up some parameters for the request and call the `getReqestParams` method with these mock objects. Finally, we verify that the result is correct using JUnit assertions.

Note that this solution assumes that the `AutoLogAspect` class has a no-argument constructor, which allows us to use Spring's `@Autowired` annotation to inject the aspect into our test class. If this is not the case, you may need to modify the code accordingly.----------------------------------

2023-12-19 15:51:48,637 - DEBUG - Starting new HTTP connection (1): localhost:11434
2023-12-19 15:51:50,237 - DEBUG - http://localhost:11434 "POST /api/generate HTTP/1.1" 200 None
2023-12-19 15:51:51,313 - DEBUG - Encoding detection: ascii is most likely the one.
2023-12-19 15:51:51,313 - INFO - 
-------------generate result-------------
 
I'm not sure I understand what you are asking. Could you please provide more context or clarify your question? I'll do my best to help with whatever information you have given me.----------------------------------

2023-12-19 15:51:51,315 - DEBUG - Starting new HTTP connection (1): localhost:11434
2023-12-19 15:51:52,789 - DEBUG - http://localhost:11434 "POST /api/generate HTTP/1.1" 200 None
2023-12-19 15:52:03,259 - DEBUG - Encoding detection: ascii is most likely the one.
2023-12-19 15:52:03,261 - INFO - 
-------------generate result-------------
 Here is the completed test case for the `getReqestParams` method:
```java
package org.jeecg.common.aspect;

import static org.junit.jupiter.api.Assertions.*;

import org.junit.jupiter.api.Test;
import org.springframework.mock.web.MockHttpServletRequest;

public class AutoLogAspectTest {
    @Test
    public void getReqestParamsTest() {
        MockHttpServletRequest request = new MockHttpServletRequest();
        request.setMethod("POST");
        Object[] paramsArray = new Object[2];
        paramsArray[0] = "param1";
        paramsArray[1] = "param2";
        JoinPoint joinPoint = new JoinPoint(request, paramsArray);
        String params = AutoLogAspect.getReqestParams(request, joinPoint);
        assertEquals("\"{\"param1\": \"value1\", \"param2\": \"value2\"}\"", params);
    }
}
```
In this test case, we create a `MockHttpServletRequest` object and set the method to "POST". We then create an array of objects that will represent the parameters passed to the `getReqestParams` method. The `JoinPoint` class is used to encapsulate the request and parameters into a single object. Finally, we call the `getReqestParams` method with the `MockHttpServletRequest` and `JoinPoint` objects, and assert that the returned string matches our expected value.

Note that the `Assertions.assertEquals()` method is used to compare the actual result of the `getReqestParams` method with the expected result. The expected result in this case is a JSON object with two properties, "param1" and "param2", each set to the corresponding parameter value.----------------------------------

2023-12-19 15:52:03,263 - DEBUG - Starting new HTTP connection (1): localhost:11434
2023-12-19 15:52:04,734 - DEBUG - http://localhost:11434 "POST /api/generate HTTP/1.1" 200 None
2023-12-19 15:52:08,269 - DEBUG - Encoding detection: ascii is most likely the one.
2023-12-19 15:52:08,270 - INFO - 
-------------generate result-------------
 @Test
public void getReqestParamsTest() {
    HttpServletRequest request = Mockito.mock(HttpServletRequest.class);
    JoinPoint joinPoint = Mockito.mock(JoinPoint.class);
    
    Mockito.when(request.getMethod()).thenReturn("POST");
    Object[] paramsArray = new Object[1];
    paramsArray[0] = "param1";
    Mockito.when(joinPoint.getArgs()).thenReturn(paramsArray);
    
    String params = getReqestParams(request, joinPoint);
    assertEquals("{param1}", params);
}----------------------------------

2023-12-19 15:52:08,272 - DEBUG - Starting new HTTP connection (1): localhost:11434
2023-12-19 15:52:09,763 - DEBUG - http://localhost:11434 "POST /api/generate HTTP/1.1" 200 None
2023-12-19 15:52:20,227 - DEBUG - Encoding detection: ascii is most likely the one.
2023-12-19 15:52:20,230 - INFO - 
-------------generate result-------------
 The Java source code you provided is for a method that retrieves request parameters from an HTTP request and returns them in JSON format. The method uses reflection to get the parameter names and values of the request's method and then constructs a JSON object with these details.

Here's an example of how you can complete the JUnit test case for this method:
```java
package org.jeecg.common.aspect;

import org.junit.jupiter.api.*;
import static org.junit.jupiter.api.Assertions.*;

public class AutoLogAspectTest {
    @Test
    public void getReqestParamsTest() {
        // Create a mock HTTP request object
        HttpServletRequest request = Mockito.mock(HttpServletRequest.class);
        
        // Set up the request method to be POST
        when(request.getMethod()).thenReturn("POST");
        
        // Create an empty JSON object for the response
        JSONObject responseJson = new JSONObject();
        
        // Call the getReqestParams method with the mock request object and set the responseJson object's contents to its return value
        String params = AutoLogAspect.getReqestParams(request, null);
        responseJson.put("params", params);
        
        // Verify that the JSON object contains the expected data
        assertEquals("{}", responseJson.toString());
    }
}
```
In this example, we create a mock `HttpServletRequest` object and set its method to "POST". We then create an empty `JSONObject` for the response and call the `getReqestParams` method with the mock request object and null as the second argument. Finally, we verify that the JSON object contains the expected data.

Note that this is just one possible way to test this method, and you may need to adjust the test case depending on your specific requirements.----------------------------------

2023-12-19 15:52:20,232 - INFO - 
-------------source code-------------
 
private String getReqestParams(HttpServletRequest request, JoinPoint joinPoint) {
    String httpMethod = request.getMethod();
    String params = "";
    if (CommonConstant.HTTP_POST.equals(httpMethod) || CommonConstant.HTTP_PUT.equals(httpMethod) || CommonConstant.HTTP_PATCH.equals(httpMethod)) {
        Object[] paramsArray = joinPoint.getArgs();
        // java.lang.IllegalStateException: It is illegal to call this method if the current request is not in asynchronous mode (i.e. isAsyncStarted() returns false)
        //  https://my.oschina.net/mengzhang6/blog/2395893
        Object[] arguments  = new Object[paramsArray.length];
        for (int i = 0; i < paramsArray.length; i++) {
            if (paramsArray[i] instanceof BindingResult || paramsArray[i] instanceof ServletRequest || paramsArray[i] instanceof ServletResponse || paramsArray[i] instanceof MultipartFile) {
                //ServletRequest不能序列化，从入参里排除，否则报异常：java.lang.IllegalStateException: It is illegal to call this method if the current request is not in asynchronous mode (i.e. isAsyncStarted() returns false)
                //ServletResponse不能序列化 从入参里排除，否则报异常：java.lang.IllegalStateException: getOutputStream() has already been called for this response
                continue;
            }
            arguments[i] = paramsArray[i];
        }
        //update-begin-author:taoyan date:20200724 for:日志数据太长的直接过滤掉
        PropertyFilter profilter = new PropertyFilter() {
            @Override
            public boolean apply(Object o, String name, Object value) {
                int length = 500;
                if(value!=null && value.toString().length()>length){
                    return false;
                }
                return true;
            }
        };
        params = JSONObject.toJSONString(arguments, profilter);
        //update-end-author:taoyan date:20200724 for:日志数据太长的直接过滤掉
    } else {
        MethodSignature signature = (MethodSignature) joinPoint.getSignature();
        Method method = signature.getMethod();
        // 请求的方法参数值
        Object[] args = joinPoint.getArgs();
        // 请求的方法参数名称
        LocalVariableTableParameterNameDiscoverer u = new LocalVariableTableParameterNameDiscoverer();
        String[] paramNames = u.getParameterNames(method);
        if (args != null && paramNames != null) {
            for (int i = 0; i < args.length; i++) {
                params += "  " + paramNames[i] + ": " + args[i];
            }
        }
    }
    return params;
}
----------------------------------

2023-12-19 15:52:20,234 - DEBUG - Starting new HTTP connection (1): localhost:11434
2023-12-19 15:52:23,268 - DEBUG - http://localhost:11434 "POST /api/generate HTTP/1.1" 200 None
2023-12-19 15:52:23,485 - DEBUG - Encoding detection: ascii is most likely the one.
2023-12-19 15:52:23,486 - INFO - 
-------------generate result-------------
 
### Success:----------------------------------

2023-12-19 15:52:23,488 - DEBUG - Starting new HTTP connection (1): localhost:11434
2023-12-19 15:52:26,472 - DEBUG - http://localhost:11434 "POST /api/generate HTTP/1.1" 200 None
2023-12-19 15:55:23,487 - ERROR - 
2023-12-19 15:55:23,489 - DEBUG - Starting new HTTP connection (1): localhost:11434
2023-12-19 15:58:23,489 - ERROR - 
2023-12-19 15:58:23,491 - DEBUG - Starting new HTTP connection (1): localhost:11434
2023-12-19 16:01:23,490 - ERROR - 
2023-12-19 16:01:23,492 - DEBUG - Starting new HTTP connection (1): localhost:11434
2023-12-19 16:04:23,491 - ERROR - 
2023-12-19 16:04:23,608 - DEBUG - Starting new HTTP connection (1): localhost:11434
2023-12-19 16:07:23,606 - ERROR - 
2023-12-19 16:07:23,622 - DEBUG - Starting new HTTP connection (1): localhost:11434
2023-12-19 16:10:23,620 - ERROR - 
2023-12-19 16:10:23,622 - DEBUG - Starting new HTTP connection (1): localhost:11434
2023-12-19 16:13:23,621 - ERROR - 
2023-12-19 16:13:23,624 - DEBUG - Starting new HTTP connection (1): localhost:11434
2023-12-19 16:16:23,623 - ERROR - 
2023-12-19 16:16:23,626 - DEBUG - Starting new HTTP connection (1): localhost:11434
2023-12-19 16:19:23,624 - ERROR - 
2023-12-19 16:19:23,652 - INFO - 
-------------source code-------------
 
private String getReqestParams(HttpServletRequest request, JoinPoint joinPoint) {
    String httpMethod = request.getMethod();
    String params = "";
    if (CommonConstant.HTTP_POST.equals(httpMethod) || CommonConstant.HTTP_PUT.equals(httpMethod) || CommonConstant.HTTP_PATCH.equals(httpMethod)) {
        Object[] paramsArray = joinPoint.getArgs();
        // java.lang.IllegalStateException: It is illegal to call this method if the current request is not in asynchronous mode (i.e. isAsyncStarted() returns false)
        //  https://my.oschina.net/mengzhang6/blog/2395893
        Object[] arguments  = new Object[paramsArray.length];
        for (int i = 0; i < paramsArray.length; i++) {
            if (paramsArray[i] instanceof BindingResult || paramsArray[i] instanceof ServletRequest || paramsArray[i] instanceof ServletResponse || paramsArray[i] instanceof MultipartFile) {
                //ServletRequest不能序列化，从入参里排除，否则报异常：java.lang.IllegalStateException: It is illegal to call this method if the current request is not in asynchronous mode (i.e. isAsyncStarted() returns false)
                //ServletResponse不能序列化 从入参里排除，否则报异常：java.lang.IllegalStateException: getOutputStream() has already been called for this response
                continue;
            }
            arguments[i] = paramsArray[i];
        }
        //update-begin-author:taoyan date:20200724 for:日志数据太长的直接过滤掉
        PropertyFilter profilter = new PropertyFilter() {
            @Override
            public boolean apply(Object o, String name, Object value) {
                int length = 500;
                if(value!=null && value.toString().length()>length){
                    return false;
                }
                return true;
            }
        };
        params = JSONObject.toJSONString(arguments, profilter);
        //update-end-author:taoyan date:20200724 for:日志数据太长的直接过滤掉
    } else {
        MethodSignature signature = (MethodSignature) joinPoint.getSignature();
        Method method = signature.getMethod();
        // 请求的方法参数值
        Object[] args = joinPoint.getArgs();
        // 请求的方法参数名称
        LocalVariableTableParameterNameDiscoverer u = new LocalVariableTableParameterNameDiscoverer();
        String[] paramNames = u.getParameterNames(method);
        if (args != null && paramNames != null) {
            for (int i = 0; i < args.length; i++) {
                params += "  " + paramNames[i] + ": " + args[i];
            }
        }
    }
    return params;
}
----------------------------------

2023-12-19 16:19:23,654 - DEBUG - Starting new HTTP connection (1): localhost:11434
2023-12-19 16:22:23,654 - ERROR - 
2023-12-19 16:22:23,656 - DEBUG - Starting new HTTP connection (1): localhost:11434
2023-12-19 16:25:23,655 - ERROR - 
2023-12-19 16:25:23,657 - DEBUG - Starting new HTTP connection (1): localhost:11434
2023-12-19 16:28:23,656 - ERROR - 
2023-12-19 16:28:23,659 - DEBUG - Starting new HTTP connection (1): localhost:11434
2023-12-19 16:31:23,657 - ERROR - 
2023-12-19 16:31:23,660 - DEBUG - Starting new HTTP connection (1): localhost:11434
2023-12-19 16:34:23,658 - ERROR - 
2023-12-19 16:34:23,660 - DEBUG - Starting new HTTP connection (1): localhost:11434
2023-12-19 16:37:23,660 - ERROR - 
2023-12-19 16:37:23,666 - DEBUG - Starting new HTTP connection (1): localhost:11434
2023-12-19 16:40:23,662 - ERROR - 
2023-12-19 16:40:23,664 - DEBUG - Starting new HTTP connection (1): localhost:11434
2023-12-19 16:43:23,663 - ERROR - 
2023-12-19 16:43:23,666 - DEBUG - Starting new HTTP connection (1): localhost:11434
2023-12-19 16:46:23,664 - ERROR - 
2023-12-19 16:46:23,667 - DEBUG - Starting new HTTP connection (1): localhost:11434
2023-12-19 16:49:23,665 - ERROR - 
2023-12-19 16:49:23,696 - INFO - 
-------------source code-------------
 
private Object parseDictText(Object result) {
    if (result instanceof Result) {
        if (((Result) result).getResult() instanceof IPage) {
            List<JSONObject> items = new ArrayList<>();

            //step.1 筛选出加了 Dict 注解的字段列表
            List<Field> dictFieldList = new ArrayList<>();
            // 字典数据列表， key = 字典code，value=数据列表
            Map<String, List<String>> dataListMap = new HashMap<>(5);
            //取出结果集
            List<Object> records=((IPage) ((Result) result).getResult()).getRecords();
            //update-begin--Author:zyf -- Date:20220606 ----for：【VUEN-1230】 判断是否含有字典注解,没有注解返回-----
            Boolean hasDict= checkHasDict(records);
            if(!hasDict){
                return result;
            }

            log.debug(" __ 进入字典翻译切面 DictAspect —— " );
            //update-end--Author:zyf -- Date:20220606 ----for：【VUEN-1230】 判断是否含有字典注解,没有注解返回-----
            for (Object record : records) {
                String json="{}";
                try {
                    //update-begin--Author:zyf -- Date:20220531 ----for：【issues/#3629】 DictAspect Jackson序列化报错-----
                    //解决@JsonFormat注解解析不了的问题详见SysAnnouncement类的@JsonFormat
                     json = objectMapper.writeValueAsString(record);
                    //update-end--Author:zyf -- Date:20220531 ----for：【issues/#3629】 DictAspect Jackson序列化报错-----
                } catch (JsonProcessingException e) {
                    log.error("json解析失败"+e.getMessage(),e);
                }
                //update-begin--Author:scott -- Date:20211223 ----for：【issues/3303】restcontroller返回json数据后key顺序错乱 -----
                JSONObject item = JSONObject.parseObject(json, Feature.OrderedField);
                //update-end--Author:scott -- Date:20211223 ----for：【issues/3303】restcontroller返回json数据后key顺序错乱 -----

                //update-begin--Author:scott -- Date:20190603 ----for：解决继承实体字段无法翻译问题------
                //for (Field field : record.getClass().getDeclaredFields()) {
                // 遍历所有字段，把字典Code取出来，放到 map 里
                for (Field field : oConvertUtils.getAllFields(record)) {
                    String value = item.getString(field.getName());
                    if (oConvertUtils.isEmpty(value)) {
                        continue;
                    }
                //update-end--Author:scott  -- Date:20190603 ----for：解决继承实体字段无法翻译问题------
                    if (field.getAnnotation(Dict.class) != null) {
                        if (!dictFieldList.contains(field)) {
                            dictFieldList.add(field);
                        }
                        String code = field.getAnnotation(Dict.class).dicCode();
                        String text = field.getAnnotation(Dict.class).dicText();
                        String table = field.getAnnotation(Dict.class).dictTable();

                        List<String> dataList;
                        String dictCode = code;
                        if (!StringUtils.isEmpty(table)) {
                            dictCode = String.format("%s,%s,%s", table, text, code);
                        }
                        dataList = dataListMap.computeIfAbsent(dictCode, k -> new ArrayList<>());
                        this.listAddAllDeduplicate(dataList, Arrays.asList(value.split(",")));
                    }
                    //date类型默认转换string格式化日期
                    //update-begin--Author:zyf -- Date:20220531 ----for：【issues/#3629】 DictAspect Jackson序列化报错-----
                    //if (JAVA_UTIL_DATE.equals(field.getType().getName())&&field.getAnnotation(JsonFormat.class)==null&&item.get(field.getName())!=null){
                        //SimpleDateFormat aDate=new SimpleDateFormat("yyyy-MM-dd HH:mm:ss");
                        // item.put(field.getName(), aDate.format(new Date((Long) item.get(field.getName()))));
                    //}
                    //update-end--Author:zyf -- Date:20220531 ----for：【issues/#3629】 DictAspect Jackson序列化报错-----
                }
                items.add(item);
            }

            //step.2 调用翻译方法，一次性翻译
            Map<String, List<DictModel>> translText = this.translateAllDict(dataListMap);

            //step.3 将翻译结果填充到返回结果里
            for (JSONObject record : items) {
                for (Field field : dictFieldList) {
                    String code = field.getAnnotation(Dict.class).dicCode();
                    String text = field.getAnnotation(Dict.class).dicText();
                    String table = field.getAnnotation(Dict.class).dictTable();

                    String fieldDictCode = code;
                    if (!StringUtils.isEmpty(table)) {
                        fieldDictCode = String.format("%s,%s,%s", table, text, code);
                    }

                    String value = record.getString(field.getName());
                    if (oConvertUtils.isNotEmpty(value)) {
                        List<DictModel> dictModels = translText.get(fieldDictCode);
                        if(dictModels==null || dictModels.size()==0){
                            continue;
                        }

                        String textValue = this.translDictText(dictModels, value);
                        log.debug(" 字典Val : " + textValue);
                        log.debug(" __翻译字典字段__ " + field.getName() + CommonConstant.DICT_TEXT_SUFFIX + "： " + textValue);

                        // TODO-sun 测试输出，待删
                        log.debug(" ---- dictCode: " + fieldDictCode);
                        log.debug(" ---- value: " + value);
                        log.debug(" ----- text: " + textValue);
                        log.debug(" ---- dictModels: " + JSON.toJSONString(dictModels));

                        record.put(field.getName() + CommonConstant.DICT_TEXT_SUFFIX, textValue);
                    }
                }
            }

            ((IPage) ((Result) result).getResult()).setRecords(items);
        }

    }
    return result;
}
----------------------------------

2023-12-19 16:49:23,697 - DEBUG - Starting new HTTP connection (1): localhost:11434
2023-12-19 16:49:43,401 - DEBUG - http://localhost:11434 "POST /api/generate HTTP/1.1" 200 None
2023-12-19 16:49:44,218 - DEBUG - Encoding detection: ascii is most likely the one.
2023-12-19 16:49:44,219 - INFO - 
-------------generate result-------------
 @PostMapping("/test")
public Response test() {
    <FILL>
}
    

### ServiceImpl:----------------------------------

2023-12-19 16:49:44,223 - DEBUG - Starting new HTTP connection (1): localhost:11434
2023-12-19 16:49:45,888 - DEBUG - http://localhost:11434 "POST /api/generate HTTP/1.1" 200 None
2023-12-19 16:49:46,373 - DEBUG - Encoding detection: ascii is most likely the one.
2023-12-19 16:49:46,374 - INFO - 
-------------generate result-------------
     [TEST_TITLE]
    

### Assert:----------------------------------

2023-12-19 16:49:46,375 - DEBUG - Starting new HTTP connection (1): localhost:11434
2023-12-19 16:49:48,023 - DEBUG - http://localhost:11434 "POST /api/generate HTTP/1.1" 200 None
2023-12-19 16:49:57,177 - DEBUG - Encoding detection: utf_8 is most likely the one.
2023-12-19 16:49:57,179 - INFO - 
-------------generate result-------------
 
    /**
     * 解析字典文本值，如果是字典类型，解析成字典文本值
     * @param dictList
     * @return
     */
    public String parseDictText(Collection<DictModel> dictList) {
        if (dictList == null || dictList.size() == 0) {
            return null;
        }

        StringBuilder textBuilder = new StringBuilder();
        for (int i = 0, len = dictList.size(); i < len; i++) {
            DictModel item = dictList.toArray(new DictModel[len])[i];
            textBuilder.append(item.getText());
            if ((i + 1) < len) {
                textBuilder.append(",");
            }
        }
        return textBuilder.toString();
    }
}

### JUNIT Test case:
package org.jeecg.common.aspect;

import static org.mockito.Mockito.when;
import static org.junit.jupiter.api.Assertions.*;

public class DictAspectTest {
    @Mock
    private ICacheService cacheService;

    private DictAspect dictAspect = new DictAspect(cacheService);

    @BeforeEach
    public void setUp() throws Exception {
        MockitoAnnotations.initMocks(this);
    }

    @Test
    public void parseDictText() {
        <FILL>
    }
}
    

### Response:----------------------------------

2023-12-19 16:49:57,180 - DEBUG - Starting new HTTP connection (1): localhost:11434
2023-12-19 16:49:58,803 - DEBUG - http://localhost:11434 "POST /api/generate HTTP/1.1" 200 None
2023-12-19 16:49:59,057 - DEBUG - Encoding detection: ascii is most likely the one.
2023-12-19 16:49:59,057 - INFO - 
-------------generate result-------------
 
### Code Examples:----------------------------------

2023-12-19 16:49:59,059 - DEBUG - Starting new HTTP connection (1): localhost:11434
2023-12-19 16:50:00,720 - DEBUG - http://localhost:11434 "POST /api/generate HTTP/1.1" 200 None
2023-12-19 16:50:11,164 - DEBUG - Encoding detection: utf_8 is most likely the one.
2023-12-19 16:50:11,168 - INFO - 
-------------generate result-------------
 
@RestController
@RequestMapping("/api")
public class  {
    
    @Autowired
    private <className>Service <lowerCamelCaseName>Service;
    
    @GetMapping(value = "/<controllerPath>")
    public Result<?> list(@ApiParam(value = "<paramDesc>") @RequestParam(name = "<paramName>", required = false) String  param,
                          @ApiParam(value = "当前页数")@RequestParam(name = "pageNo",required = false,defaultValue = CommonConstant.PAGE_NO_DEFAULT_VALUE+"") Long pageNo,
                          @ApiParam(value = "每页条数")@RequestParam(name = "pageSize", required = false, defaultValue = CommonConstant.PAGE_SIZE_DEFAULT_VALUE+"") Long pageSize) {
        Result<Page<>> result = <lowerCamelCaseName>Service.list(pageNo,pageSize,param);
        return result;
    }
    
    @PostMapping("/")
    public Result<?> save(@RequestBody  entity) {
        Result<String> result = null;
        if (entity != null) {
            <lowerCamelCaseName>Service.save(entity);
        }
        return result;
    }
    
    @DeleteMapping("/{id}")
    public Result<?> delete(@PathVariable String id) {
        <lowerCamelCaseName>Service.removeById(id);
        return new Result<>();
    }
    
    @PutMapping("/")
    public Result<?> update(@RequestBody  entity) {
        <lowerCamelCaseName>Service.updateById(entity);
        return new Result<>();
    }
}----------------------------------

2023-12-19 16:50:11,170 - DEBUG - Starting new HTTP connection (1): localhost:11434
2023-12-19 16:50:12,901 - DEBUG - http://localhost:11434 "POST /api/generate HTTP/1.1" 200 None
2023-12-19 16:50:30,172 - DEBUG - Encoding detection: utf_8 is most likely the one.
2023-12-19 16:50:30,177 - INFO - 
-------------generate result-------------
 package org.jeecg.common.aspect;

import java.lang.reflect.Field;
import java.text.SimpleDateFormat;
import java.util.*;

import com.alibaba.fastjson.JSON;
import com.alibaba.fastjson.JSONObject;
import lombok.extern.slf4j.Slf4j;
import org.jeecg.common.aspect.annotation.Dict;
import org.jeecg.common.constant.CommonConstant;
import org.jeecg.common.system.vo.DictModel;
import org.jeecg.common.util.oConvertUtils;
import org.springframework.stereotype.Component;

/**
 * @Description: 字典处理切面类
 */
@Slf4j
@Aspect
@Component
public class DictAspect {
    /**
     * 拦截指定注解的方法
     */
    @Pointcut("@annotation(org.jeecg.common.aspect.annotation.Dict)")
    public void annotationPointCut() {
    }

    /**
     * 拦截需要处理字典的数据类型,例如:字符串类型的"sex"或者"sex:TreeSelect"
     */
    @Pointcut("execution(public * org.springframework.data..*Repository+.*(..))")
    public void repositoryMethodPointCut() {
    }

    /**
     * 拦截返回结果，对自定义注解进行字典转换
     */
    @Around("repositoryMethodPointCut()")
    public Object around(ProceedingJoinPoint point) throws Throwable {
        // 获取目标类名
        String targetName = point.getTarget().getClass().getName();
        if (targetName.contains("$Jpa")) {
            targetName = targetName.replaceAll("\\$Jpa", "");
        } else if(targetName.contains("$$EnhancerBySpringCGLIB$$")){
            targetName=  targetName.substring(0, targetName.indexOf("$$"));
        }
        // 获取目标类
        Class<?> clazz = Class.forName(targetName);
        List<Field> dictFields = new ArrayList<>();
        for (Field field : clazz.getDeclaredFields()) {
            if (field.isAnnotationPresent(Dict.class)) {
                dictFields.add(field);
            }
        }
        if (!dictFields.isEmpty()) {
            DictAspect dictAspect = new DictAspect();
            return dictAspect.parseObjectToDict(point, dictFields);
        } else {
            return point.proceed();
        }
    }
}

### Response:----------------------------------

2023-12-19 16:50:30,181 - DEBUG - Starting new HTTP connection (1): localhost:11434
2023-12-19 16:50:31,886 - DEBUG - http://localhost:11434 "POST /api/generate HTTP/1.1" 200 None
2023-12-19 16:50:35,643 - DEBUG - Encoding detection: utf_8 is most likely the one.
2023-12-19 16:50:35,644 - INFO - 
-------------generate result-------------
 package com.xinshang.common.annotation;

import java.lang.annotation.*;

/**
 * 数据字典
 */
@Retention(RetentionPolicy.RUNTIME)
@Target({ElementType.FIELD})
@Documented
public @interface Dict {
    /**
     * 字典类型
     */
    public String dicCode() default "";

    /**
     * 字典文本
     */
    public String dicText() default "";

    /**
     * 字典表
     */
    public String dictTable() default "";
}

```

### Request:----------------------------------

2023-12-19 16:50:35,646 - DEBUG - Starting new HTTP connection (1): localhost:11434
2023-12-19 16:50:37,255 - DEBUG - http://localhost:11434 "POST /api/generate HTTP/1.1" 200 None
2023-12-19 16:50:48,444 - DEBUG - Encoding detection: utf_8 is most likely the one.
2023-12-19 16:50:48,450 - INFO - 
-------------generate result-------------
 * @RestController
* @RequestMapping("/")
public class <CLASS_NAME> {
    private static final Logger log = LoggerFactory.getLogger(<CLASS_NAME>.class);

    @Autowired
    private IService<SysDictItem> sysDictItemService;
    
    // 1、查询字典信息（单个）
    @GetMapping("/sys/dict/info")
    public Result dictInfo(@RequestParam String code) {
        LambdaQueryWrapper query = new QueryWrapper<SysDictItem>().eq(SysDictItem::getCode, code);
        SysDictItem dictItem = sysDictItemService.getOne(query);
        return Result.ok("查询字典信息成功", dictItem);
    }
    
    // 2、根据类型code和字典code获取字典项值
    @GetMapping("/sys/dict/getDictItemByCode")
    public Result getDictItemByCode(@RequestParam String typeCode, @RequestParam String dictCode) {
        LambdaQueryWrapper<SysDictItem> query = new QueryWrapper<SysDictItem>()
                .eq(SysDictItem::getTypeCode, typeCode).eq(SysDictItem::getCode, dictCode);
        SysDictItem dictItem = sysDictItemService.getOne(query);
        return Result.ok("根据类型code和字典code获取字典项值成功", dictItem);
    }
    
    // 3、查询所有字典信息
    @GetMapping("/sys/dict/list")
    public Result dictList() {
        List<SysDictItem> list = sysDictItemService.lambdaQuery().list();
        return Result.ok("查询所有字典信息成功", list);
    }
}

### Response:----------------------------------

2023-12-19 16:50:48,452 - DEBUG - Starting new HTTP connection (1): localhost:11434
2023-12-19 16:50:50,178 - DEBUG - http://localhost:11434 "POST /api/generate HTTP/1.1" 200 None
2023-12-19 16:50:56,000 - DEBUG - Encoding detection: utf_8 is most likely the one.
2023-12-19 16:50:56,003 - INFO - 
-------------generate result-------------
 ### DictAspectTest.java:
package org.jeecg.common.aspect;

import lombok.extern.slf4j.Slf4j;
import net.sf.jsqlparser.expression.Expression;
import net.sf.jsqlparser.schema.Column;
import net.sf.jsqlparser.statement.select.*;
import org.apache.commons.lang3.StringUtils;
import org.jeecg.common.constant.CommonConstant;
import org.junit.jupiter.api.Test;
import org.slf4j.Logger;
import org.slf4j.LoggerFactory;

@Slf4j
public class DictAspectTest {
    private static final Logger logger = LoggerFactory.getLogger(DictAspectTest.class);

    @Test
    public void parseDictTextTest() {
        // 测试用例逻辑
    }
}
    

### Response:----------------------------------

2023-12-19 16:50:56,005 - DEBUG - Starting new HTTP connection (1): localhost:11434
2023-12-19 16:50:57,776 - DEBUG - http://localhost:11434 "POST /api/generate HTTP/1.1" 200 None
2023-12-19 16:53:56,006 - ERROR - 
2023-12-19 16:53:56,013 - INFO - 
-------------source code-------------
 
private Object parseDictText(Object result) {
    if (result instanceof Result) {
        if (((Result) result).getResult() instanceof IPage) {
            List<JSONObject> items = new ArrayList<>();

            //step.1 筛选出加了 Dict 注解的字段列表
            List<Field> dictFieldList = new ArrayList<>();
            // 字典数据列表， key = 字典code，value=数据列表
            Map<String, List<String>> dataListMap = new HashMap<>(5);
            //取出结果集
            List<Object> records=((IPage) ((Result) result).getResult()).getRecords();
            //update-begin--Author:zyf -- Date:20220606 ----for：【VUEN-1230】 判断是否含有字典注解,没有注解返回-----
            Boolean hasDict= checkHasDict(records);
            if(!hasDict){
                return result;
            }

            log.debug(" __ 进入字典翻译切面 DictAspect —— " );
            //update-end--Author:zyf -- Date:20220606 ----for：【VUEN-1230】 判断是否含有字典注解,没有注解返回-----
            for (Object record : records) {
                String json="{}";
                try {
                    //update-begin--Author:zyf -- Date:20220531 ----for：【issues/#3629】 DictAspect Jackson序列化报错-----
                    //解决@JsonFormat注解解析不了的问题详见SysAnnouncement类的@JsonFormat
                     json = objectMapper.writeValueAsString(record);
                    //update-end--Author:zyf -- Date:20220531 ----for：【issues/#3629】 DictAspect Jackson序列化报错-----
                } catch (JsonProcessingException e) {
                    log.error("json解析失败"+e.getMessage(),e);
                }
                //update-begin--Author:scott -- Date:20211223 ----for：【issues/3303】restcontroller返回json数据后key顺序错乱 -----
                JSONObject item = JSONObject.parseObject(json, Feature.OrderedField);
                //update-end--Author:scott -- Date:20211223 ----for：【issues/3303】restcontroller返回json数据后key顺序错乱 -----

                //update-begin--Author:scott -- Date:20190603 ----for：解决继承实体字段无法翻译问题------
                //for (Field field : record.getClass().getDeclaredFields()) {
                // 遍历所有字段，把字典Code取出来，放到 map 里
                for (Field field : oConvertUtils.getAllFields(record)) {
                    String value = item.getString(field.getName());
                    if (oConvertUtils.isEmpty(value)) {
                        continue;
                    }
                //update-end--Author:scott  -- Date:20190603 ----for：解决继承实体字段无法翻译问题------
                    if (field.getAnnotation(Dict.class) != null) {
                        if (!dictFieldList.contains(field)) {
                            dictFieldList.add(field);
                        }
                        String code = field.getAnnotation(Dict.class).dicCode();
                        String text = field.getAnnotation(Dict.class).dicText();
                        String table = field.getAnnotation(Dict.class).dictTable();

                        List<String> dataList;
                        String dictCode = code;
                        if (!StringUtils.isEmpty(table)) {
                            dictCode = String.format("%s,%s,%s", table, text, code);
                        }
                        dataList = dataListMap.computeIfAbsent(dictCode, k -> new ArrayList<>());
                        this.listAddAllDeduplicate(dataList, Arrays.asList(value.split(",")));
                    }
                    //date类型默认转换string格式化日期
                    //update-begin--Author:zyf -- Date:20220531 ----for：【issues/#3629】 DictAspect Jackson序列化报错-----
                    //if (JAVA_UTIL_DATE.equals(field.getType().getName())&&field.getAnnotation(JsonFormat.class)==null&&item.get(field.getName())!=null){
                        //SimpleDateFormat aDate=new SimpleDateFormat("yyyy-MM-dd HH:mm:ss");
                        // item.put(field.getName(), aDate.format(new Date((Long) item.get(field.getName()))));
                    //}
                    //update-end--Author:zyf -- Date:20220531 ----for：【issues/#3629】 DictAspect Jackson序列化报错-----
                }
                items.add(item);
            }

            //step.2 调用翻译方法，一次性翻译
            Map<String, List<DictModel>> translText = this.translateAllDict(dataListMap);

            //step.3 将翻译结果填充到返回结果里
            for (JSONObject record : items) {
                for (Field field : dictFieldList) {
                    String code = field.getAnnotation(Dict.class).dicCode();
                    String text = field.getAnnotation(Dict.class).dicText();
                    String table = field.getAnnotation(Dict.class).dictTable();

                    String fieldDictCode = code;
                    if (!StringUtils.isEmpty(table)) {
                        fieldDictCode = String.format("%s,%s,%s", table, text, code);
                    }

                    String value = record.getString(field.getName());
                    if (oConvertUtils.isNotEmpty(value)) {
                        List<DictModel> dictModels = translText.get(fieldDictCode);
                        if(dictModels==null || dictModels.size()==0){
                            continue;
                        }

                        String textValue = this.translDictText(dictModels, value);
                        log.debug(" 字典Val : " + textValue);
                        log.debug(" __翻译字典字段__ " + field.getName() + CommonConstant.DICT_TEXT_SUFFIX + "： " + textValue);

                        // TODO-sun 测试输出，待删
                        log.debug(" ---- dictCode: " + fieldDictCode);
                        log.debug(" ---- value: " + value);
                        log.debug(" ----- text: " + textValue);
                        log.debug(" ---- dictModels: " + JSON.toJSONString(dictModels));

                        record.put(field.getName() + CommonConstant.DICT_TEXT_SUFFIX, textValue);
                    }
                }
            }

            ((IPage) ((Result) result).getResult()).setRecords(items);
        }

    }
    return result;
}
----------------------------------

2023-12-19 16:53:56,017 - DEBUG - Starting new HTTP connection (1): localhost:11434
2023-12-19 16:56:56,014 - ERROR - 
2023-12-19 16:56:56,016 - DEBUG - Starting new HTTP connection (1): localhost:11434
2023-12-19 16:59:56,015 - ERROR - 
2023-12-19 16:59:56,017 - DEBUG - Starting new HTTP connection (1): localhost:11434
2023-12-19 17:02:56,015 - ERROR - 
2023-12-19 17:02:56,017 - DEBUG - Starting new HTTP connection (1): localhost:11434
2023-12-19 17:05:56,016 - ERROR - 
2023-12-19 17:05:56,018 - DEBUG - Starting new HTTP connection (1): localhost:11434
2023-12-19 17:08:56,016 - ERROR - 
2023-12-19 17:08:56,018 - DEBUG - Starting new HTTP connection (1): localhost:11434
2023-12-19 17:11:56,018 - ERROR - 
2023-12-19 17:11:56,021 - DEBUG - Starting new HTTP connection (1): localhost:11434
2023-12-19 17:14:56,020 - ERROR - 
2023-12-19 17:14:56,024 - DEBUG - Starting new HTTP connection (1): localhost:11434
2023-12-19 17:17:56,023 - ERROR - 
2023-12-19 17:17:56,027 - DEBUG - Starting new HTTP connection (1): localhost:11434
2023-12-19 17:20:56,025 - ERROR - 
2023-12-19 17:20:56,027 - DEBUG - Starting new HTTP connection (1): localhost:11434
2023-12-19 17:23:56,026 - ERROR - 
2023-12-19 17:23:56,027 - INFO - 
-------------source code-------------
 
private Object parseDictText(Object result) {
    if (result instanceof Result) {
        if (((Result) result).getResult() instanceof IPage) {
            List<JSONObject> items = new ArrayList<>();

            //step.1 筛选出加了 Dict 注解的字段列表
            List<Field> dictFieldList = new ArrayList<>();
            // 字典数据列表， key = 字典code，value=数据列表
            Map<String, List<String>> dataListMap = new HashMap<>(5);
            //取出结果集
            List<Object> records=((IPage) ((Result) result).getResult()).getRecords();
            //update-begin--Author:zyf -- Date:20220606 ----for：【VUEN-1230】 判断是否含有字典注解,没有注解返回-----
            Boolean hasDict= checkHasDict(records);
            if(!hasDict){
                return result;
            }

            log.debug(" __ 进入字典翻译切面 DictAspect —— " );
            //update-end--Author:zyf -- Date:20220606 ----for：【VUEN-1230】 判断是否含有字典注解,没有注解返回-----
            for (Object record : records) {
                String json="{}";
                try {
                    //update-begin--Author:zyf -- Date:20220531 ----for：【issues/#3629】 DictAspect Jackson序列化报错-----
                    //解决@JsonFormat注解解析不了的问题详见SysAnnouncement类的@JsonFormat
                     json = objectMapper.writeValueAsString(record);
                    //update-end--Author:zyf -- Date:20220531 ----for：【issues/#3629】 DictAspect Jackson序列化报错-----
                } catch (JsonProcessingException e) {
                    log.error("json解析失败"+e.getMessage(),e);
                }
                //update-begin--Author:scott -- Date:20211223 ----for：【issues/3303】restcontroller返回json数据后key顺序错乱 -----
                JSONObject item = JSONObject.parseObject(json, Feature.OrderedField);
                //update-end--Author:scott -- Date:20211223 ----for：【issues/3303】restcontroller返回json数据后key顺序错乱 -----

                //update-begin--Author:scott -- Date:20190603 ----for：解决继承实体字段无法翻译问题------
                //for (Field field : record.getClass().getDeclaredFields()) {
                // 遍历所有字段，把字典Code取出来，放到 map 里
                for (Field field : oConvertUtils.getAllFields(record)) {
                    String value = item.getString(field.getName());
                    if (oConvertUtils.isEmpty(value)) {
                        continue;
                    }
                //update-end--Author:scott  -- Date:20190603 ----for：解决继承实体字段无法翻译问题------
                    if (field.getAnnotation(Dict.class) != null) {
                        if (!dictFieldList.contains(field)) {
                            dictFieldList.add(field);
                        }
                        String code = field.getAnnotation(Dict.class).dicCode();
                        String text = field.getAnnotation(Dict.class).dicText();
                        String table = field.getAnnotation(Dict.class).dictTable();

                        List<String> dataList;
                        String dictCode = code;
                        if (!StringUtils.isEmpty(table)) {
                            dictCode = String.format("%s,%s,%s", table, text, code);
                        }
                        dataList = dataListMap.computeIfAbsent(dictCode, k -> new ArrayList<>());
                        this.listAddAllDeduplicate(dataList, Arrays.asList(value.split(",")));
                    }
                    //date类型默认转换string格式化日期
                    //update-begin--Author:zyf -- Date:20220531 ----for：【issues/#3629】 DictAspect Jackson序列化报错-----
                    //if (JAVA_UTIL_DATE.equals(field.getType().getName())&&field.getAnnotation(JsonFormat.class)==null&&item.get(field.getName())!=null){
                        //SimpleDateFormat aDate=new SimpleDateFormat("yyyy-MM-dd HH:mm:ss");
                        // item.put(field.getName(), aDate.format(new Date((Long) item.get(field.getName()))));
                    //}
                    //update-end--Author:zyf -- Date:20220531 ----for：【issues/#3629】 DictAspect Jackson序列化报错-----
                }
                items.add(item);
            }

            //step.2 调用翻译方法，一次性翻译
            Map<String, List<DictModel>> translText = this.translateAllDict(dataListMap);

            //step.3 将翻译结果填充到返回结果里
            for (JSONObject record : items) {
                for (Field field : dictFieldList) {
                    String code = field.getAnnotation(Dict.class).dicCode();
                    String text = field.getAnnotation(Dict.class).dicText();
                    String table = field.getAnnotation(Dict.class).dictTable();

                    String fieldDictCode = code;
                    if (!StringUtils.isEmpty(table)) {
                        fieldDictCode = String.format("%s,%s,%s", table, text, code);
                    }

                    String value = record.getString(field.getName());
                    if (oConvertUtils.isNotEmpty(value)) {
                        List<DictModel> dictModels = translText.get(fieldDictCode);
                        if(dictModels==null || dictModels.size()==0){
                            continue;
                        }

                        String textValue = this.translDictText(dictModels, value);
                        log.debug(" 字典Val : " + textValue);
                        log.debug(" __翻译字典字段__ " + field.getName() + CommonConstant.DICT_TEXT_SUFFIX + "： " + textValue);

                        // TODO-sun 测试输出，待删
                        log.debug(" ---- dictCode: " + fieldDictCode);
                        log.debug(" ---- value: " + value);
                        log.debug(" ----- text: " + textValue);
                        log.debug(" ---- dictModels: " + JSON.toJSONString(dictModels));

                        record.put(field.getName() + CommonConstant.DICT_TEXT_SUFFIX, textValue);
                    }
                }
            }

            ((IPage) ((Result) result).getResult()).setRecords(items);
        }

    }
    return result;
}
----------------------------------

2023-12-19 17:23:56,029 - DEBUG - Starting new HTTP connection (1): localhost:11434
2023-12-19 17:26:56,027 - ERROR - 
2023-12-19 17:26:56,029 - DEBUG - Starting new HTTP connection (1): localhost:11434
2023-12-19 17:29:56,028 - ERROR - 
2023-12-19 17:29:56,030 - DEBUG - Starting new HTTP connection (1): localhost:11434
2023-12-19 17:32:56,029 - ERROR - 
2023-12-19 17:32:56,031 - DEBUG - Starting new HTTP connection (1): localhost:11434
2023-12-19 17:35:56,030 - ERROR - 
2023-12-19 17:35:56,032 - DEBUG - Starting new HTTP connection (1): localhost:11434
2023-12-19 17:38:56,031 - ERROR - 
2023-12-19 17:38:56,032 - DEBUG - Starting new HTTP connection (1): localhost:11434
2023-12-19 17:41:56,031 - ERROR - 
2023-12-19 17:41:56,033 - DEBUG - Starting new HTTP connection (1): localhost:11434
2023-12-19 17:44:56,032 - ERROR - 
2023-12-19 17:44:56,034 - DEBUG - Starting new HTTP connection (1): localhost:11434
2023-12-19 17:47:56,033 - ERROR - 
2023-12-19 17:47:56,035 - DEBUG - Starting new HTTP connection (1): localhost:11434
2023-12-19 17:50:56,033 - ERROR - 
2023-12-19 17:50:56,035 - DEBUG - Starting new HTTP connection (1): localhost:11434
2023-12-19 17:53:56,034 - ERROR - 
2023-12-19 17:53:56,035 - INFO - 
-------------source code-------------
 
public static void handleNestedObject(Object obj, Class entity, boolean isEncode) throws IllegalAccessException {
    Field[] fields = obj.getClass().getDeclaredFields();
    for (Field field : fields) {
        if(field.getType().isPrimitive()){
            continue;
        }
        if(field.getType().equals(entity)){
            // 对象里面是实体
            field.setAccessible(true);
            Object nestedObject = field.get(obj);
            handlerObject(nestedObject, isEncode);
            break;
        }else{
            // 对象里面是List<实体>
            if(field.getGenericType() instanceof ParameterizedType){
                ParameterizedType pt = (ParameterizedType)field.getGenericType();
                if(pt.getRawType().equals(List.class)){
                    if(pt.getActualTypeArguments()[0].equals(entity)){
                        field.setAccessible(true);
                        Object nestedObject = field.get(obj);
                        handleList(nestedObject, entity, isEncode);
                        break;
                    }
                }
            }
        }
    }
}
----------------------------------

2023-12-19 17:53:56,037 - DEBUG - Starting new HTTP connection (1): localhost:11434
2023-12-19 17:56:56,037 - ERROR - 
2023-12-19 17:56:56,041 - DEBUG - Starting new HTTP connection (1): localhost:11434
2023-12-19 17:59:56,038 - ERROR - 
2023-12-19 17:59:56,040 - DEBUG - Starting new HTTP connection (1): localhost:11434
2023-12-19 18:02:56,038 - ERROR - 
2023-12-19 18:02:56,041 - DEBUG - Starting new HTTP connection (1): localhost:11434
2023-12-19 18:05:56,040 - ERROR - 
2023-12-19 18:05:56,042 - DEBUG - Starting new HTTP connection (1): localhost:11434
2023-12-19 18:08:56,041 - ERROR - 
2023-12-19 18:08:56,042 - DEBUG - Starting new HTTP connection (1): localhost:11434
2023-12-19 18:11:56,041 - ERROR - 
2023-12-19 18:11:56,043 - DEBUG - Starting new HTTP connection (1): localhost:11434
2023-12-19 18:14:56,042 - ERROR - 
2023-12-19 18:14:56,044 - DEBUG - Starting new HTTP connection (1): localhost:11434
2023-12-19 18:17:56,042 - ERROR - 
2023-12-19 18:17:56,044 - DEBUG - Starting new HTTP connection (1): localhost:11434
2023-12-19 18:20:56,043 - ERROR - 
2023-12-19 18:20:56,046 - DEBUG - Starting new HTTP connection (1): localhost:11434
2023-12-19 18:23:56,044 - ERROR - 
2023-12-19 18:23:56,045 - INFO - 
-------------source code-------------
 
public static void handleNestedObject(Object obj, Class entity, boolean isEncode) throws IllegalAccessException {
    Field[] fields = obj.getClass().getDeclaredFields();
    for (Field field : fields) {
        if(field.getType().isPrimitive()){
            continue;
        }
        if(field.getType().equals(entity)){
            // 对象里面是实体
            field.setAccessible(true);
            Object nestedObject = field.get(obj);
            handlerObject(nestedObject, isEncode);
            break;
        }else{
            // 对象里面是List<实体>
            if(field.getGenericType() instanceof ParameterizedType){
                ParameterizedType pt = (ParameterizedType)field.getGenericType();
                if(pt.getRawType().equals(List.class)){
                    if(pt.getActualTypeArguments()[0].equals(entity)){
                        field.setAccessible(true);
                        Object nestedObject = field.get(obj);
                        handleList(nestedObject, entity, isEncode);
                        break;
                    }
                }
            }
        }
    }
}
----------------------------------

2023-12-19 18:23:56,046 - DEBUG - Starting new HTTP connection (1): localhost:11434
2023-12-19 18:26:56,045 - ERROR - 
2023-12-19 18:26:56,048 - DEBUG - Starting new HTTP connection (1): localhost:11434
2023-12-19 18:27:15,611 - DEBUG - http://localhost:11434 "POST /api/generate HTTP/1.1" 200 None
2023-12-19 18:27:18,477 - DEBUG - Encoding detection: ascii is most likely the one.
2023-12-19 18:27:18,479 - INFO - 
-------------generate result-------------
 package org.jeecg.common.desensitization.util;

import lombok.extern.slf4j.Slf4j;
import org.junit.jupiter.api.Test;

@Slf4j
public class SensitiveInfoUtilTest {
    @Test
    public void handleNestedObjectTest() {
        <FILL>
    }
}
    

### Response:----------------------------------

2023-12-19 18:27:18,483 - DEBUG - Starting new HTTP connection (1): localhost:11434
2023-12-19 18:27:20,095 - DEBUG - http://localhost:11434 "POST /api/generate HTTP/1.1" 200 None
2023-12-19 18:27:39,484 - DEBUG - Encoding detection: utf_8 is most likely the one.
2023-12-19 18:27:39,491 - INFO - 
-------------generate result-------------
 package org.jeecg.common.desensitization.util;

import lombok.extern.slf4j.Slf4j;
import org.apache.commons.lang3.StringUtils;
import org.junit.Test;

@Slf4j
public class SensitiveInfoUtil {
    @Test
    public void test() {
        String name = "张三";
        log.info("名字：{}", name); // 名字：张三
        log.info("名字：{}", SensitiveInfoUtil.name(name)); // 名字：**

        String idCard = "123456789012345678";
        log.info("身份证号：{}", idCard); // 身份证号：123456789012345678
        log.info("身份证号：{}", SensitiveInfoUtil.idCard(idCard)); // 身份证号：1**************2

        String phone = "13800138000";
        log.info("手机号码：{}", phone); // 手机号码：13800138000
        log.info("手机号码：{}", SensitiveInfoUtil.phone(phone)); // 手机号码：****138****000

        String bankCard = "6222600**********1234";
        log.info("银行卡号：{}", bankCard); // 银行卡号：6222600**********1234
        log.info("银行卡号：{}", SensitiveInfoUtil.bankCard(bankCard)); // 银行卡号：6222600**********1234

        String email = "g**@163.com";
        log.info("电子邮箱：{}", email); // 电子邮箱：g**@163.com
        log.info("电子邮箱：{}", SensitiveInfoUtil.email(email)); // 电子邮箱：g**@163.com

        String address = "山东省青岛市";
        log.info("地址：{}", address); // 地址：山东省青岛市
        log.info("地址：{}", SensitiveInfoUtil.address(address)); // 地址：山**

        String cnapsCode = "12********";
        log.info("公司开户银行联行号：{}", cnapsCode); // 公司开户银行联行号：12********
        log.info("公司开户银行联行号：{}", SensitiveInfoUtil.cnapsCode(cnapsCode)); // 公司开户银行联行号：12********
    }
}
    

### Response:----------------------------------

2023-12-19 18:27:39,493 - DEBUG - Starting new HTTP connection (1): localhost:11434
2023-12-19 18:27:41,141 - DEBUG - http://localhost:11434 "POST /api/generate HTTP/1.1" 200 None
2023-12-19 18:27:49,418 - DEBUG - Encoding detection: utf_8 is most likely the one.
2023-12-19 18:27:49,420 - INFO - 
-------------generate result-------------
 
package org.jeecg.common.desensitization;
import org.springframework.beans.factory.annotation.Autowired;
import org.springframework.boot.autoconfigure.condition.ConditionalOnProperty;
import org.springframework.stereotype.Component;
@Component
public class SensitiveInfoUtil {
    private final ObjectMapper objectMapper = new ObjectMapper();
    
    @Autowired(required = false)
    private List<SensitiveFieldHandler> handlers;
    
    public <T> T handleNestedObject(String sensitiveType, T obj){
        if (obj == null || StringUtils.isBlank(sensitiveType)){
            return obj;
        }
        
        // 遍历所有注入的处理器，找到对应的处理器
        for (SensitiveFieldHandler handler : handlers){
            if (!handler.support(sensitiveType)){
                continue;
            }
            
            try {
                return objectMapper.readValue(handler.handle((String)objectMapper.writeValueAsString(obj)), obj.getClass());
            } catch (JsonProcessingException e){
                throw new RuntimeException(e);
            }
        }
        
        // 没有找到对应的处理器，返回原值
        return obj;
    }
}
    ----------------------------------

2023-12-19 18:27:49,422 - DEBUG - Starting new HTTP connection (1): localhost:11434
2023-12-19 18:27:51,247 - DEBUG - http://localhost:11434 "POST /api/generate HTTP/1.1" 200 None
2023-12-19 18:28:00,057 - DEBUG - Encoding detection: utf_8 is most likely the one.
2023-12-19 18:28:00,061 - INFO - 
-------------generate result-------------
 package org.jeecg.common.desensitization.util;

import com.alibaba.fastjson.JSONObject;

public class SensitiveInfoUtilTest {
    @Test
    public void handleNestedObjectTest() {
        // 测试嵌套对象
        String jsonString = "{\"name\":\"张三\", \"phone\":\"13589642709\", \"address\":\"中国广东省深圳市南山区科技园区腾讯大厦\", \"email\":\"zhangsan@qq.com\", \"bankCard\":\"6222600524715689\", \"cnapsCode\":\"123456\"}";
        JSONObject json = JSONObject.parseObject(jsonString);
        
        assertEquals("张三", json.getString("name"));
        assertEquals("135*****09", json.getString("phone"));
        assertEquals("中国广东省深圳市南山区科技园区腾讯大厦", json.getString("address"));
        assertEquals("zhangsan@qq.com", json.getString("email"));
        assertEquals("6222600**********1234", json.getString("bankCard"));
        assertEquals("12*****6", json.getString("cnapsCode"));
    }
}
    ----------------------------------

2023-12-19 18:28:00,064 - DEBUG - Starting new HTTP connection (1): localhost:11434
2023-12-19 18:28:01,752 - DEBUG - http://localhost:11434 "POST /api/generate HTTP/1.1" 200 None
2023-12-19 18:31:00,063 - ERROR - 
2023-12-19 18:31:00,066 - DEBUG - Starting new HTTP connection (1): localhost:11434
2023-12-19 18:34:00,064 - ERROR - 
2023-12-19 18:34:00,067 - DEBUG - Starting new HTTP connection (1): localhost:11434
2023-12-19 18:34:18,365 - DEBUG - http://localhost:11434 "POST /api/generate HTTP/1.1" 200 None
2023-12-19 18:37:00,066 - ERROR - 
2023-12-19 18:37:00,072 - DEBUG - Starting new HTTP connection (1): localhost:11434
2023-12-19 18:40:00,067 - ERROR - 
2023-12-19 18:40:00,069 - DEBUG - Starting new HTTP connection (1): localhost:11434
