2023-12-12 00:04:07,022 - INFO - 
-------------source code-------------
 
public static String writeKeyedValues(KeyedValues data) {
    Args.nullNotPermitted(data, "data");
    StringWriter sw = new StringWriter();
    try {
        writeKeyedValues(data, sw);
    } catch (IOException ex) {
        throw new RuntimeException(ex);
    }
    return sw.toString();
}
----------------------------------

2023-12-12 00:04:07,023 - DEBUG - Starting new HTTP connection (1): 172.19.96.1:7890
2023-12-12 00:04:07,274 - DEBUG - http://172.19.96.1:7890 "POST http://localhost:11434/api/generate HTTP/1.1" 200 None
2023-12-12 00:04:34,574 - DEBUG - Encoding detection: ascii is most likely the one.
2023-12-12 00:04:34,574 - INFO - 
-------------generate result-------------
 The response to the instruction would be:
```java
package org.jfree.data.json;

import org.junit.jupiter.api.*;
import static org.junit.jupiter.api.Assertions.*;

public class JSONUtilsTest {
    @Test
    public void writeKeyedValuesTest() {
        KeyedValues data = new KeyedValues();
        String expectedOutput = "{\"key1\":\"value1\",\"key2\":\"value2\"}";
        assertEquals(expectedOutput, JSONUtils.writeKeyedValues(data));
    }
}
```
This test case uses the `assertEquals()` method to compare the output of the `writeKeyedValues()` method with the expected output, which is a string containing two key-value pairs in the format "key": "value". The test passes if the output matches the expected output.----------------------------------

2023-12-12 00:04:34,575 - DEBUG - Starting new HTTP connection (1): 172.19.96.1:7890
2023-12-12 00:04:34,791 - DEBUG - http://172.19.96.1:7890 "POST http://localhost:11434/api/generate HTTP/1.1" 200 None
2023-12-12 00:04:47,691 - DEBUG - Encoding detection: ascii is most likely the one.
2023-12-12 00:04:47,691 - INFO - 
-------------generate result-------------
 
@Test
public void writeKeyedValuesTest() {
    KeyedValues data = new KeyedValues();
    StringWriter sw = new StringWriter();
    try {
        JSONUtils.writeKeyedValues(data, sw);
    } catch (IOException ex) {
        throw new RuntimeException(ex);
    }
    assertEquals("{\"Key\":\"Value\"}", sw.toString());
}----------------------------------

2023-12-12 00:04:47,692 - DEBUG - Starting new HTTP connection (1): 172.19.96.1:7890
2023-12-12 00:04:47,891 - DEBUG - http://172.19.96.1:7890 "POST http://localhost:11434/api/generate HTTP/1.1" 200 None
2023-12-12 00:05:02,800 - DEBUG - Encoding detection: ascii is most likely the one.
2023-12-12 00:05:02,800 - INFO - 
-------------generate result-------------
 @Test
public void writeKeyedValuesTest() {
    KeyedValues data = new KeyedValues(Arrays.asList("key1", "key2"), Arrays.asList("value1", "value2"));
    String expectedOutput = "{\"key1\":\"value1\", \"key2\":\"value2\"}";
    
    String actualOutput = JSONUtils.writeKeyedValues(data);
    
    assertEquals(expectedOutput, actualOutput);
}----------------------------------

2023-12-12 00:05:02,801 - DEBUG - Starting new HTTP connection (1): 172.19.96.1:7890
2023-12-12 00:05:03,014 - DEBUG - http://172.19.96.1:7890 "POST http://localhost:11434/api/generate HTTP/1.1" 200 None
2023-12-12 00:05:22,001 - DEBUG - Encoding detection: ascii is most likely the one.
2023-12-12 00:05:22,001 - INFO - 
-------------generate result-------------
 package org.jfree.data.json;

import org.junit.jupiter.api.*;
import static org.junit.jupiter.api.Assertions.*;

public class JSONUtilsTest {
    @Test
    public void writeKeyedValuesTest() {
        KeyedValues data = new KeyedValues();
        StringWriter sw = new StringWriter();
        try {
            JSONUtils.writeKeyedValues(data, sw);
        } catch (IOException ex) {
            throw new RuntimeException(ex);
        }
        assertEquals("", sw.toString());
    }
}----------------------------------

2023-12-12 00:05:22,002 - DEBUG - Starting new HTTP connection (1): 172.19.96.1:7890
2023-12-12 00:05:22,219 - DEBUG - http://172.19.96.1:7890 "POST http://localhost:11434/api/generate HTTP/1.1" 200 None
2023-12-12 00:06:05,101 - DEBUG - Encoding detection: ascii is most likely the one.
2023-12-12 00:06:05,101 - INFO - 
-------------generate result-------------
 The test case for the `writeKeyedValues` method should be something like this:
```java
@Test
public void writeKeyedValuesTest() {
    // create a KeyedValues object with some data
    KeyedValues keyedValues = new KeyedValues();
    keyedValues.add("key1", "value1");
    keyedValues.add("key2", 5);
    
    // write the data to a StringWriter
    StringWriter sw = new StringWriter();
    JSONUtils.writeKeyedValues(keyedValues, sw);
    
    // convert the StringWriter to a String
    String jsonString = sw.toString();
    
    // parse the JSON string and check that it matches the expected output
    ObjectMapper mapper = new ObjectMapper();
    JsonNode node = mapper.readTree(jsonString);
    assertEquals("key1", node.get("key1").asText());
    assertEquals(5, node.get("key2").asInt());
}
```
This test creates a `KeyedValues` object with some data and writes it to a `StringWriter`. It then converts the `StringWriter` to a `String` and uses an `ObjectMapper` to parse the JSON string. Finally, it checks that the parsed JSON matches the expected output.----------------------------------

2023-12-12 00:06:05,102 - DEBUG - Starting new HTTP connection (1): 172.19.96.1:7890
2023-12-12 00:06:05,295 - DEBUG - http://172.19.96.1:7890 "POST http://localhost:11434/api/generate HTTP/1.1" 200 None
2023-12-12 00:07:09,978 - DEBUG - Encoding detection: ascii is most likely the one.
2023-12-12 00:07:09,979 - INFO - 
-------------generate result-------------
 The test case for the `writeKeyedValues` method should test that it correctly writes a `KeyedValues` object to a `StringWriter`. The method takes a `KeyedValues` object as an argument and returns a `String`, so we can use the `@Test` annotation to indicate that this is a test method.

Here's an example of how the test case for the `writeKeyedValues` method might look:
```java
package org.jfree.data.json;

import org.junit.jupiter.api.*;
import static org.junit.jupiter.api.Assertions.*;

public class JSONUtilsTest {
    @Test
    public void writeKeyedValuesTest() {
        // Create a KeyedValues object with some test data
        KeyedValues data = new KeyedValues("key1", "value1");
        data.add("key2", "value2");
        data.add("key3", "value3");
        
        // Write the KeyedValues object to a StringWriter
        StringWriter sw = new StringWriter();
        JSONUtils.writeKeyedValues(data, sw);
        
        // Check that the output is correct
        assertEquals("{\"key1\":\"value1\",\"key2\":\"value2\",\"key3\":\"value3\"}", sw.toString());
    }
}
```
In this example, we create a `KeyedValues` object with some test data and then write it to a `StringWriter`. We then check that the output is correct by comparing it to the expected JSON string representation of the `KeyedValues` object. If the two values match, the test passes; otherwise, the test fails.

Note that this is just one example of how you might test the `writeKeyedValues` method. Depending on your specific requirements and preferences, you may need to modify the test case or add additional tests.----------------------------------

2023-12-12 00:07:09,980 - DEBUG - Starting new HTTP connection (1): 172.19.96.1:7890
2023-12-12 00:07:10,196 - DEBUG - http://172.19.96.1:7890 "POST http://localhost:11434/api/generate HTTP/1.1" 200 None
2023-12-12 00:07:27,552 - DEBUG - Encoding detection: ascii is most likely the one.
2023-12-12 00:07:27,552 - INFO - 
-------------generate result-------------
 
@Test
public void writeKeyedValuesTest() {
    KeyedValues data = new KeyedValues();
    data.put("key1", "value1");
    data.put("key2", "value2");
    StringWriter sw = new StringWriter();
    try {
        JSONUtils.writeKeyedValues(data, sw);
    } catch (IOException ex) {
        throw new RuntimeException(ex);
    }
    assertEquals("{\"key1\":\"value1\",\"key2\":\"value2\"}", sw.toString());
}----------------------------------

2023-12-12 00:07:27,553 - DEBUG - Starting new HTTP connection (1): 172.19.96.1:7890
2023-12-12 00:07:27,751 - DEBUG - http://172.19.96.1:7890 "POST http://localhost:11434/api/generate HTTP/1.1" 200 None
2023-12-12 00:08:00,279 - DEBUG - Encoding detection: ascii is most likely the one.
2023-12-12 00:08:00,280 - INFO - 
-------------generate result-------------
 The `writeKeyedValues` method is not a static method, so it cannot be called directly from the test case. Instead, we need to create an instance of the `JSONUtils` class and then call the `writeKeyedValues` method on that instance.
Here's an updated version of the `writeKeyedValuesTest` method that should work:
```
@Test
public void writeKeyedValuesTest() {
    JSONUtils jsonUtils = new JSONUtils();
    KeyedValues data = new KeyedValues();
    StringWriter sw = new StringWriter();
    try {
        jsonUtils.writeKeyedValues(data, sw);
    } catch (IOException ex) {
        throw new RuntimeException(ex);
    }
    assertEquals("", sw.toString());
}
```
In this updated test case, we create a new instance of the `JSONUtils` class and then call the `writeKeyedValues` method on that instance with the input data and output writer. We then check that the output string is empty.----------------------------------

2023-12-12 00:08:00,281 - DEBUG - Starting new HTTP connection (1): 172.19.96.1:7890
2023-12-12 00:08:00,475 - DEBUG - http://172.19.96.1:7890 "POST http://localhost:11434/api/generate HTTP/1.1" 200 None
2023-12-12 00:08:48,162 - DEBUG - Encoding detection: ascii is most likely the one.
2023-12-12 00:08:48,163 - INFO - 
-------------generate result-------------
 
package org.jfree.data.json;

import java.io.IOException;
import java.io.StringWriter;
import java.util.HashMap;

import org.junit.jupiter.api.*;
import static org.junit.jupiter.api.Assertions.*;

public class JSONUtilsTest {
    @Test
    public void writeKeyedValuesTest() throws IOException {
        KeyedValues data = new KeyedValues();
        StringWriter sw = new StringWriter();
        
        // Test for null argument
        assertThrows(IllegalArgumentException.class, () -> {
            JSONUtils.writeKeyedValues(null, sw);
        });
        
        // Test for empty data
        JSONUtils.writeKeyedValues(data, sw);
        String output = sw.toString();
        assertTrue(output.isEmpty());
        
        // Test for non-empty data
        data.put("key1", "value1");
        data.put("key2", "value2");
        JSONUtils.writeKeyedValues(data, sw);
        output = sw.toString();
        assertFalse(output.isEmpty());
        
        // Test for exception handling
        data.setValue("key3", null);
        sw = new StringWriter();
        assertThrows(IOException.class, () -> {
            JSONUtils.writeKeyedValues(data, sw);
        });
    }
}----------------------------------

2023-12-12 00:08:48,164 - DEBUG - Starting new HTTP connection (1): 172.19.96.1:7890
2023-12-12 00:08:48,359 - DEBUG - http://172.19.96.1:7890 "POST http://localhost:11434/api/generate HTTP/1.1" 200 None
2023-12-12 00:09:06,951 - DEBUG - Encoding detection: ascii is most likely the one.
2023-12-12 00:09:06,952 - INFO - 
-------------generate result-------------
 package org.jfree.data.json;

import org.junit.jupiter.api.*;
import static org.junit.jupiter.api.Assertions.*;

public class JSONUtilsTest {
    @Test
    public void writeKeyedValuesTest() {
        KeyedValues data = new KeyedValues();
        StringWriter sw = new StringWriter();
        try {
            writeKeyedValues(data, sw);
        } catch (IOException ex) {
            throw new RuntimeException(ex);
        }
        assertEquals("", sw.toString());
    }
}----------------------------------

2023-12-12 00:09:06,952 - INFO - 
-------------source code-------------
 
public static String writeKeyedValues(KeyedValues data) {
    Args.nullNotPermitted(data, "data");
    StringWriter sw = new StringWriter();
    try {
        writeKeyedValues(data, sw);
    } catch (IOException ex) {
        throw new RuntimeException(ex);
    }
    return sw.toString();
}
----------------------------------

2023-12-12 00:09:06,953 - DEBUG - Starting new HTTP connection (1): 172.19.96.1:7890
2023-12-12 00:09:15,216 - DEBUG - http://172.19.96.1:7890 "POST http://localhost:11434/api/generate HTTP/1.1" 200 None
2023-12-12 00:10:34,178 - DEBUG - Encoding detection: ascii is most likely the one.
2023-12-12 00:10:34,179 - INFO - 
-------------generate result-------------
 You can use the `writeKeyedValues()` method to output your key-value data in a JSON format. This method takes an instance of `org.jfree.data.general.KeyedValues` and writes its data as a JSON array to the supplied writer. Here's an example:
```java
import org.jfree.data.json.*;
import java.io.StringWriter;

public class Test {
    public static void main(String[] args) throws Exception {
        KeyedValues keyedValues = new KeyedValues();
        // Add your data to the keyed values object...
        StringWriter sw = new StringWriter();
        JSONUtils.writeKeyedValues(keyedValues, sw);
        System.out.println("JSON: " + sw.toString());
    }
}
```
This will output a JSON array with your data.

If you want to write the key-value data as a JSON object (i.e., with keys and values), then use the `writeKeyedValues2D()` method, like this:
```java
import org.jfree.data.json.*;
import java.io.StringWriter;

public class Test {
    public static void main(String[] args) throws Exception {
        KeyedValues2D keyedValues = new KeyedValues2D();
        // Add your data to the keyed values object...
        StringWriter sw = new StringWriter();
        JSONUtils.writeKeyedValues2D(keyedValues, sw);
        System.out.println("JSON: " + sw.toString());
    }
}
```
This will output a JSON object with your data.

----------------------------------

2023-12-12 00:10:34,180 - DEBUG - Starting new HTTP connection (1): 172.19.96.1:7890
2023-12-12 00:10:34,399 - DEBUG - http://172.19.96.1:7890 "POST http://localhost:11434/api/generate HTTP/1.1" 200 None
2023-12-12 00:11:13,850 - DEBUG - Encoding detection: ascii is most likely the one.
2023-12-12 00:11:13,851 - INFO - 
-------------generate result-------------
 package org.jfree.data.json;

import java.io.IOException;
import java.io.StringWriter;
import java.util.Arrays;
import org.junit.jupiter.api.*;
import static org.junit.jupiter.api.Assertions.*;

public class JSONUtilsTest {
    @Test
    public void writeKeyedValuesTest() throws IOException {
        KeyedValues data = new DefaultKeyedValues();
        data.put("item1", 20);
        data.put("item2", 30);
        StringWriter sw = new StringWriter();
        JSONUtils.writeKeyedValues(data, sw);
        assertEquals("[ [\"item1\", 20], [\"item2\", 30] ]", sw.toString());
    }
}----------------------------------

2023-12-12 00:11:13,852 - DEBUG - Starting new HTTP connection (1): 172.19.96.1:7890
2023-12-12 00:11:14,071 - DEBUG - http://172.19.96.1:7890 "POST http://localhost:11434/api/generate HTTP/1.1" 200 None
2023-12-12 00:11:52,446 - DEBUG - Encoding detection: ascii is most likely the one.
2023-12-12 00:11:52,446 - INFO - 
-------------generate result-------------
 @RunWith(JUnitPlatform.class)
public class JSONUtilsTest {
    private static final Logger logger = LoggerFactory.getLogger(JSONUtilsTest.class);
    @Test
    public void writeKeyedValuesTest() {
        KeyedValues data = new DefaultKeyedValues();
        //add some values to the dataset
        for (int i=1;i<=5;i++) {
            data.setValue(Integer.toString(i), Math.random());
        }
        logger.info("Original Data:");
        StringWriter sw = new StringWriter();
        try {
            JSONUtils.writeKeyedValues(data, sw);
        } catch (IOException ex) {
            fail(ex.getMessage());
        }
        assertNotNull(sw.toString());
    }
}----------------------------------

2023-12-12 00:11:52,447 - DEBUG - Starting new HTTP connection (1): 172.19.96.1:7890
2023-12-12 00:11:52,640 - DEBUG - http://172.19.96.1:7890 "POST http://localhost:11434/api/generate HTTP/1.1" 200 None
2023-12-12 00:12:35,929 - DEBUG - Encoding detection: ascii is most likely the one.
2023-12-12 00:12:35,930 - INFO - 
-------------generate result-------------
 package org.jfree.data.json;

import java.io.IOException;
import java.io.StringWriter;
import java.util.ArrayList;
import java.util.List;
import org.junit.jupiter.api.Test;
import static org.junit.jupiter.api.Assertions.*;

public class JSONUtilsTest {
    @Test
    public void writeKeyedValuesTest() throws IOException {
        KeyedValues data = new DefaultKeyedValues();
        data.setValue("R1C1", 1);
        data.setValue("R2C1", 2);
        StringWriter sw = new StringWriter();
        JSONUtils.writeKeyedValues(data, sw);
        assertEquals("[\"R1C1\", 1], [\"R2C1\", 2]", sw.toString());
    }
}
    
### Response:----------------------------------

2023-12-12 00:12:35,931 - DEBUG - Starting new HTTP connection (1): 172.19.96.1:7890
2023-12-12 00:12:36,144 - DEBUG - http://172.19.96.1:7890 "POST http://localhost:11434/api/generate HTTP/1.1" 200 None
2023-12-12 00:13:52,322 - DEBUG - Encoding detection: ascii is most likely the one.
2023-12-12 00:13:52,323 - INFO - 
-------------generate result-------------
 package org.jfree.data.json;

import java.io.IOException;
import java.io.StringWriter;
import java.util.Iterator;
import java.util.List;

import org.jfree.chart.api.PublicCloneable;

public class JSONUtilsTest {
    private static void assertEqualJSON(String expected, String actual) {
        // implement this method using your preferred JSON comparison library
    }
    
    @Test
    public void writeKeyedValuesTest() throws IOException {
        KeyedValues data = new DefaultKeyedValues();
        data.setValue("A", 1.0);
        data.setValue("B", 2.0);
        
        StringWriter writer = new StringWriter();
        JSONUtils.writeKeyedValues(data, writer);
        
        assertEqualJSON("[['A', 1], ['B', 2]]", writer.toString());
    }
    
    @Test
    public void writeKeyedValues2DTest() throws IOException {
        KeyedValues2D data = new DefaultKeyedValues2D();
        data.setValue("A", "X", 1.0);
        data.setValue("B", "Y", 2.0);
        
        StringWriter writer = new StringWriter();
        JSONUtils.writeKeyedValues2D(data, writer);
        
        assertEqualJSON("{'columnKeys': ['X', 'Y'], rows: [['A', [1, null]], ['B', [null, 2]]]}", writer.toString());
    }
}----------------------------------

2023-12-12 00:13:52,324 - DEBUG - Starting new HTTP connection (1): 172.19.96.1:7890
2023-12-12 00:13:52,521 - DEBUG - http://172.19.96.1:7890 "POST http://localhost:11434/api/generate HTTP/1.1" 200 None
2023-12-12 00:16:25,232 - DEBUG - Encoding detection: ascii is most likely the one.
2023-12-12 00:16:25,234 - INFO - 
-------------generate result-------------
 We will start by writing a JUnit test case for the `JSONUtils` class. We can start by defining a new class in the `org.jfree.data.json` package named `JSONUtilsTest`. This class will contain all of our unit tests.

Next, we need to add some imports at the top of the file:
```java
import org.junit.jupiter.api.*;
import static org.junit.jupiter.api.Assertions.*;
import org.jfree.data.json.JSONUtils;
```
Now, let's define our first test method:
```java
@Test
public void writeKeyedValuesTest() {
    // TODO: Write the test code
}
```
In this test method, we will verify that the `writeKeyedValues()` method correctly writes the data to a JSON string. To do this, we'll need to create an instance of `KeyedValues` and call the `writeKeyedValues()` method with it as an argument. We'll also need to compare the resulting JSON string with an expected output.

Here is the updated test code:
```java
import org.junit.jupiter.api.*;
import static org.junit.jupiter.api.Assertions.*;
import org.jfree.data.json.JSONUtils;

public class JSONUtilsTest {
    @Test
    public void writeKeyedValuesTest() {
        KeyedValues data = new KeyedValues();
        // TODO: Add some test data to the dataset
        
        String expectedOutput = "{\"data\": [\"A\", 1, \"B\", 2]}";
        String actualOutput = JSONUtils.writeKeyedValues(data);
        assertEquals(expectedOutput, actualOutput);
    }
}
```
Note that we are using the `assertEquals()` method from JUnit to compare the expected and actual output strings. If they are not equal, the test will fail with an error message.

Now that we have our first test method defined, let's add some test data to the dataset. We can do this by adding a call to the `addValue()` method of the `KeyedValues` class:
```java
@Test
public void writeKeyedValuesTest() {
    KeyedValues data = new KeyedValues();
    data.addValue("A", 1);
    data.addValue("B", 2);
    
    String expectedOutput = "{\"data\": [\"A\", 1, \"B\", 2]}";
    String actualOutput = JSONUtils.writeKeyedValues(data);
    assertEquals(expectedOutput, actualOutput);
}
```
Finally, let's run our test case by clicking on the "Run All Tests" button in the JUnit plugin or by running `mvn test` in the command line. If everything is working correctly, the test should pass and you should see a message saying that all tests passed.

Note that we are only testing one method of the `JSONUtils` class for now. We'll add more methods as we continue to work on this exercise.----------------------------------

2023-12-12 00:16:25,235 - DEBUG - Starting new HTTP connection (1): 172.19.96.1:7890
2023-12-12 00:16:25,442 - DEBUG - http://172.19.96.1:7890 "POST http://localhost:11434/api/generate HTTP/1.1" 200 None
2023-12-12 00:18:49,269 - DEBUG - Encoding detection: ascii is most likely the one.
2023-12-12 00:18:49,270 - INFO - 
-------------generate result-------------
 Here is an example of how you can use JFreeChart to create a pie chart using data from a CSV file in the format you described:
```java
import java.io.*;
import java.util.*;
import org.jfree.chart.plot.*;
import org.jfree.data.category.*;
import org.jfree.data.general.*;
import org.jfree.ui.*;

public class CSVPieChartDemo {
    public static void main(String[] args) throws IOException {
        String fileName = "data/pie-chart-example.csv";  // replace with your file name
        CategoryDataset dataset = createDatasetFromCSVFile(fileName);
        JFreeChart chart = createPieChart("Pie Chart", dataset);
        PiePlot plot = (PiePlot) chart.getPlot();
        plot.setLabelFormat(new DecimalFormat("#0.0"));  // display values as percentages
        plot.setLabelLinkPaint(Color.WHITE);  
        new SwingWrapper(chart).displayChart();     // opens a window with the pie chart 
    }

    private static CategoryDataset createDatasetFromCSVFile(String fileName) throws IOException {
        DefaultCategoryDataset dataset = new DefaultCategoryDataset();
        try (BufferedReader reader = Files.newBufferedReader(Paths.get(fileName))) {
            String line;
            while ((line = reader.readLine()) != null) {
                // split the line into parts separated by commas
                String[] columns = line.split(",");  
                if (columns[0].equals("Category")) continue;  // skip the header row
                dataset.addValue(Integer.parseInt(columns[1]), "Pie Chart", columns[0]);
            }
        }
        return dataset;
    }

    private static JFreeChart createPieChart(String title, CategoryDataset dataset) {
        JFreeChart chart = ChartFactory.createPieChart(title, dataset);
        PiePlot plot = (PiePlot) chart.getPlot();
        plot.setLabelLinkStyle(LinkStyle.Standard);  // add links to the slices of the pie chart
        return chart;
    }
}
```
This code reads a CSV file with data in the format you described, creates a dataset from it using `DefaultCategoryDataset`, and displays a pie chart of the data using `ChartFactory.createPieChart()`. The resulting chart looks like this:

![Pie Chart](https://www.jfree.org/jfreechart/images/pie-chart-example.png)

Note that you will need to replace `"data/pie-chart-example.csv"` with the actual file name of your CSV file in order for this code to work.

If you have any questions about using JFreeChart, please feel free to ask!----------------------------------

2023-12-12 00:18:49,271 - DEBUG - Starting new HTTP connection (1): 172.19.96.1:7890
2023-12-12 00:18:49,507 - DEBUG - http://172.19.96.1:7890 "POST http://localhost:11434/api/generate HTTP/1.1" 200 None
2023-12-12 00:19:33,060 - DEBUG - Encoding detection: ascii is most likely the one.
2023-12-12 00:19:33,061 - INFO - 
-------------generate result-------------
 package org.jfree.data.json;

import java.io.IOException;
import java.io.StringWriter;
import java.util.ArrayList;
import java.util.List;
import org.junit.jupiter.api.*;
import static org.junit.jupiter.api.Assertions.*;

public class JSONUtilsTest {
    @Test
    public void writeKeyedValuesTest() throws IOException {
        KeyedValues data = new DefaultKeyedValues();
        List<String> keys = new ArrayList<>();
        keys.add("First");
        keys.add("Second");
        keys.add("Third");
        for (String key : keys) {
            data.setValue(key, Math.random());
        }
        StringWriter sw = new StringWriter();
        JSONUtils.writeKeyedValues(data, sw);
    }
}----------------------------------

2023-12-12 00:19:33,062 - DEBUG - Starting new HTTP connection (1): 172.19.96.1:7890
2023-12-12 00:19:33,266 - DEBUG - http://172.19.96.1:7890 "POST http://localhost:11434/api/generate HTTP/1.1" 200 None
2023-12-12 00:20:26,614 - DEBUG - Encoding detection: ascii is most likely the one.
2023-12-12 00:20:26,614 - INFO - 
-------------generate result-------------
 
package org.jfree.data;
import java.io.StringWriter;
import java.util.*;
import org.junit.jupiter.api.*;
public class JSONUtilsTest {
    private static final KeyedValues KEYED_VALUES = new DefaultKeyedValues();
    static {
        KEYED_VALUES.put("key1", 1);
        KEYED_VALUES.put("key2", 34);
        KEYED_VALUES.put("key3", -50);
        KEYED_VALUES.put("key4", 789);
    }
    
    private static final StringWriter OUTPUT = new StringWriter();
    @Test
    public void writeKeyedValues2D() {
        JSONUtils.writeKeyedValues(KEYED_VALUES, OUTPUT);
        assertEquals("[\"key1\", 1], [\"key2\", 34], "
                + "[\"key3\", -50], [\"key4\", 789]",
                    OUTPUT.toString());
    }
}----------------------------------

2023-12-12 00:20:26,615 - DEBUG - Starting new HTTP connection (1): 172.19.96.1:7890
2023-12-12 00:20:26,818 - DEBUG - http://172.19.96.1:7890 "POST http://localhost:11434/api/generate HTTP/1.1" 200 None
2023-12-12 00:21:21,804 - DEBUG - Encoding detection: ascii is most likely the one.
2023-12-12 00:21:21,805 - INFO - 
-------------generate result-------------
 The `JSONUtils` class does not contain any methods that are specifically related to chart data, as it is designed for general purpose JSON handling. However, you can use the `writeKeyedValues()` method to write a `KeyedValues` object (which represents a set of key-value pairs) to a writer in JSON format.

Here is an example of how you might use this method:
```
import java.io.*;
import org.jfree.data.json.JSONUtils;
import org.jfree.data.keyed.KeyedValues;

public class WriteKeyedValues {
    public static void main(String[] args) throws IOException {
        KeyedValues data = new KeyedValues();
        data.put("A", 1);
        data.put("B", 2);
        data.put("C", 3);
        
        JSONUtils.writeKeyedValues(data, new PrintWriter(System.out));
    }
}
```
This will write the following JSON output:
```
[["A", 1], ["B", 2], ["C", 3]]
```----------------------------------

2023-12-12 00:21:21,805 - INFO - 
-------------source code-------------
 
public static String writeKeyedValues(KeyedValues data) {
    Args.nullNotPermitted(data, "data");
    StringWriter sw = new StringWriter();
    try {
        writeKeyedValues(data, sw);
    } catch (IOException ex) {
        throw new RuntimeException(ex);
    }
    return sw.toString();
}
----------------------------------

2023-12-12 00:21:21,806 - DEBUG - Starting new HTTP connection (1): 172.19.96.1:7890
2023-12-12 00:21:26,422 - DEBUG - http://172.19.96.1:7890 "POST http://localhost:11434/api/generate HTTP/1.1" 200 None
2023-12-12 00:23:15,110 - DEBUG - Encoding detection: ascii is most likely the one.
2023-12-12 00:23:15,112 - INFO - 
-------------generate result-------------
 The provided code is a partial implementation of the `writeKeyedValues` method in the `JSONUtils` class. The method is expected to take a `KeyedValues` object as an argument and return a string containing the JSON representation of the data.

To complete this test case, you can use the following steps:

1. Create a new instance of the `KeyedValues` class and populate it with some sample data. You can use any method to do this, such as creating a new `KeyedValues` object and adding key-value pairs to it using the `addValue()` method.
2. Call the `writeKeyedValues()` method on the `JSONUtils` class with your newly created `KeyedValues` object as an argument. This will return a string containing the JSON representation of your data.
3. Use a JSON parser library such as Jackson or GSON to parse the returned string into a JSON object. You can then use this JSON object to verify that the expected values are present in the resulting JSON document.
4. Use JUnit's `assertEquals()` method to compare the expected and actual values. If the two values match, the test case will pass. Otherwise, it will fail.

Here is an example of how you can complete the test case:
```java
package org.jfree.data.json;

import org.junit.jupiter.api.*;
import static org.junit.jupiter.api.Assertions.*;

public class JSONUtilsTest {
    @Test
    public void writeKeyedValuesTest() {
        // Create a new KeyedValues object and populate it with some sample data
        KeyedValues keyedValues = new KeyedValues();
        keyedValues.addValue("key1", "value1");
        keyedValues.addValue("key2", "value2");
        keyedValues.addValue("key3", "value3");

        // Call the writeKeyedValues() method on the JSONUtils class with your KeyedValues object as an argument
        String jsonString = JSONUtils.writeKeyedValues(keyedValues);

        // Use a JSON parser library to parse the returned string into a JSON object
        ObjectMapper mapper = new ObjectMapper();
        JsonNode actualJson = mapper.readTree(jsonString);

        // Verify that the expected values are present in the resulting JSON document
        assertEquals("value1", actualJson.get("key1").asText());
        assertEquals("value2", actualJson.get("key2").asText());
        assertEquals("value3", actualJson.get("key3").asText());
    }
}
```----------------------------------

2023-12-12 00:23:15,113 - DEBUG - Starting new HTTP connection (1): 172.19.96.1:7890
2023-12-12 00:23:15,297 - DEBUG - http://172.19.96.1:7890 "POST http://localhost:11434/api/generate HTTP/1.1" 200 None
2023-12-12 00:23:31,201 - DEBUG - Encoding detection: ascii is most likely the one.
2023-12-12 00:23:31,201 - INFO - 
-------------generate result-------------
 @Test
public void writeKeyedValuesTest() {
    KeyedValues data = new KeyedValues();
    data.addValue("value1", "key1");
    data.addValue("value2", "key2");
    String result = JSONUtils.writeKeyedValues(data);
    assertEquals("{\"key1\":\"value1\",\"key2\":\"value2\"}", result);
}----------------------------------

2023-12-12 00:23:31,202 - DEBUG - Starting new HTTP connection (1): 172.19.96.1:7890
2023-12-12 00:23:31,360 - DEBUG - http://172.19.96.1:7890 "POST http://localhost:11434/api/generate HTTP/1.1" 200 None
2023-12-12 00:24:02,481 - DEBUG - Encoding detection: ascii is most likely the one.
2023-12-12 00:24:02,481 - INFO - 
-------------generate result-------------
 
package org.jfree.data.json;

import org.junit.jupiter.api.*;
import static org.junit.jupiter.api.Assertions.*;

public class JSONUtilsTest {
    @Test
    public void writeKeyedValuesTest() {
        KeyedValues data = new KeyedValues();
        data.put("key1", "value1");
        data.put("key2", "value2");
        
        StringWriter sw = new StringWriter();
        try {
            JSONUtils.writeKeyedValues(data, sw);
        } catch (IOException ex) {
            throw new RuntimeException(ex);
        }
        
        assertEquals("{\"key1\":\"value1\",\"key2\":\"value2\"}", sw.toString());
    }
}----------------------------------

2023-12-12 00:24:02,482 - DEBUG - Starting new HTTP connection (1): 172.19.96.1:7890
2023-12-12 00:24:02,651 - DEBUG - http://172.19.96.1:7890 "POST http://localhost:11434/api/generate HTTP/1.1" 200 None
2023-12-12 00:24:27,887 - DEBUG - Encoding detection: ascii is most likely the one.
2023-12-12 00:24:27,888 - INFO - 
-------------generate result-------------
 package org.jfree.data.json;

import java.io.IOException;
import java.io.StringWriter;
import org.junit.jupiter.api.*;
import static org.junit.jupiter.api.Assertions.*;

public class JSONUtilsTest {
    @Test
    public void writeKeyedValuesTest() throws IOException {
        KeyedValues data = new KeyedValues();
        StringWriter sw = new StringWriter();
        assertThrows(NullPointerException.class, () -> JSONUtils.writeKeyedValues(null));
        assertDoesNotThrow(() -> JSONUtils.writeKeyedValues(data, sw));
    }
}----------------------------------

2023-12-12 00:24:27,889 - DEBUG - Starting new HTTP connection (1): 172.19.96.1:7890
2023-12-12 00:24:28,066 - DEBUG - http://172.19.96.1:7890 "POST http://localhost:11434/api/generate HTTP/1.1" 200 None
2023-12-12 00:24:58,597 - DEBUG - Encoding detection: ascii is most likely the one.
2023-12-12 00:24:58,598 - INFO - 
-------------generate result-------------
 
package org.jfree.data.json;

import java.io.IOException;

import java.io.StringWriter;

import java.util.Iterator;

import java.util.List;

import org.jfree.chart.util.Args;

import org.jfree.data.KeyedValues;

import org.junit.jupiter.api.Test;

public class JSONUtilsTest {
    @Test
    public void writeKeyedValuesTest() throws IOException {
        KeyedValues data = new KeyedValues();
        StringWriter sw = new StringWriter();
        JSONUtils.writeKeyedValues(data, sw);
        assertEquals("{\"values\":[],\"key\":null}", sw.toString());
    }
}----------------------------------

2023-12-12 00:24:58,599 - DEBUG - Starting new HTTP connection (1): 172.19.96.1:7890
2023-12-12 00:24:58,763 - DEBUG - http://172.19.96.1:7890 "POST http://localhost:11434/api/generate HTTP/1.1" 200 None
2023-12-12 00:25:25,593 - DEBUG - Encoding detection: ascii is most likely the one.
2023-12-12 00:25:25,594 - INFO - 
-------------generate result-------------
 
package org.jfree.data.json;

import java.io.StringWriter;
import java.io.IOException;

import org.junit.jupiter.api.*;
import static org.junit.jupiter.api.Assertions.*;

public class JSONUtilsTest {
    @Test
    public void writeKeyedValuesTest() throws IOException {
        KeyedValues data = new KeyedValues();
        StringWriter sw = new StringWriter();
        
        // Arrange
        JSONUtils.writeKeyedValues(data, sw);
        
        // Act
        String result = sw.toString();
        
        // Assert
        assertNotNull(result);
    }
}----------------------------------

2023-12-12 00:25:25,595 - DEBUG - Starting new HTTP connection (1): 172.19.96.1:7890
2023-12-12 00:25:25,767 - DEBUG - http://172.19.96.1:7890 "POST http://localhost:11434/api/generate HTTP/1.1" 200 None
2023-12-12 00:25:50,508 - DEBUG - Encoding detection: ascii is most likely the one.
2023-12-12 00:25:50,509 - INFO - 
-------------generate result-------------
 package org.jfree.data.json;

import static org.junit.jupiter.api.Assertions.*;

public class JSONUtilsTest {
    @Test
    public void writeKeyedValuesTest() {
        KeyedValues data = new KeyedValues();
        assertThrows(NullPointerException.class, () -> JSONUtils.writeKeyedValues(null));
        assertEquals("{}", JSONUtils.writeKeyedValues(data));

        data.setValue("key1", "value1");
        assertEquals("{\"key1\":\"value1\"}", JSONUtils.writeKeyedValues(data));
    }
}----------------------------------

2023-12-12 00:25:50,510 - DEBUG - Starting new HTTP connection (1): 172.19.96.1:7890
2023-12-12 00:25:50,677 - DEBUG - http://172.19.96.1:7890 "POST http://localhost:11434/api/generate HTTP/1.1" 200 None
2023-12-12 00:26:56,654 - DEBUG - Encoding detection: ascii is most likely the one.
2023-12-12 00:26:56,655 - INFO - 
-------------generate result-------------
 The `writeKeyedValues` method takes a `KeyedValues` object as its input and returns a String representation of the data in JSON format. The method first checks if the `data` parameter is not null using the `Args.nullNotPermitted()` method, which throws an exception if the parameter is null.

Next, it creates a new `StringWriter` instance to write the output to, and calls the `writeKeyedValues(KeyedValues data, Writer writer)` method with the `data` parameter and the `sw` (string writer) as arguments. This method writes the JSON representation of the `KeyedValues` object to the given writer in the format:
```json
{
    "key": value,
    "key2": value2,
    ...
}
```
where `"key"` and `"value"` are the key-value pairs from the input `KeyedValues` object.

Finally, it returns the output of the writer as a string using the `sw.toString()` method.

To test this method, you can create an instance of the `JSONUtils` class and call the `writeKeyedValues(KeyedValues data)` method with some sample input. You can then assert that the output matches the expected JSON format. For example:
```java
@Test
public void writeKeyedValuesTest() {
    KeyedValues kv = new KeyedValues();
    kv.addValue("key1", "value1");
    kv.addValue("key2", "value2");
    
    String actual = JSONUtils.writeKeyedValues(kv);
    
    assertEquals("{\"key1\":\"value1\",\"key2\":\"value2\"}", actual);
}
```----------------------------------

2023-12-12 00:26:56,656 - DEBUG - Starting new HTTP connection (1): 172.19.96.1:7890
2023-12-12 00:26:56,833 - DEBUG - http://172.19.96.1:7890 "POST http://localhost:11434/api/generate HTTP/1.1" 200 None
2023-12-12 00:27:14,673 - DEBUG - Encoding detection: ascii is most likely the one.
2023-12-12 00:27:14,673 - INFO - 
-------------generate result-------------
 
package org.jfree.data.json;

import static org.junit.jupiter.api.Assertions.*;

public class JSONUtilsTest {
    @Test
    public void writeKeyedValuesTest() {
        KeyedValues data = new KeyedValues();
        StringWriter sw = new StringWriter();
        
        JSONUtils.writeKeyedValues(data, sw);
        
        assertEquals("", sw.toString());
    }
}----------------------------------

2023-12-12 00:27:14,674 - DEBUG - Starting new HTTP connection (1): 172.19.96.1:7890
2023-12-12 00:27:14,850 - DEBUG - http://172.19.96.1:7890 "POST http://localhost:11434/api/generate HTTP/1.1" 200 None
2023-12-12 00:27:40,801 - DEBUG - Encoding detection: ascii is most likely the one.
2023-12-12 00:27:40,802 - INFO - 
-------------generate result-------------
 package org.jfree.data.json;

import java.io.IOException;
import java.io.StringWriter;
import java.util.Iterator;
import java.util.List;

import org.junit.jupiter.api.Test;

class JSONUtilsTest {
    @Test
    public void writeKeyedValuesTest() throws IOException {
        KeyedValues data = new KeyedValues();
        StringWriter sw = new StringWriter();
        JSONUtils.writeKeyedValues(data, sw);
        assertEquals("{\"key1\":\"value1\",\"key2\":\"value2\"}", sw.toString());
    }
}----------------------------------

2023-12-12 00:27:40,803 - INFO - 
-------------source code-------------
 
public static double calculateQ1(List values) {
    Args.nullNotPermitted(values, "values");

    double result = Double.NaN;
    int count = values.size();
    if (count > 0) {
        if (count % 2 == 1) {
            if (count > 1) {
                result = Statistics.calculateMedian(values, 0, count / 2);
            }
            else {
                result = Statistics.calculateMedian(values, 0, 0);
            }
        }
        else {
            result = Statistics.calculateMedian(values, 0, count / 2 - 1);
        }

    }
    return result;
}
----------------------------------

2023-12-12 00:27:40,803 - DEBUG - Starting new HTTP connection (1): 172.19.96.1:7890
2023-12-12 00:27:42,923 - DEBUG - http://172.19.96.1:7890 "POST http://localhost:11434/api/generate HTTP/1.1" 200 None
2023-12-12 00:28:11,131 - DEBUG - Encoding detection: ascii is most likely the one.
2023-12-12 00:28:11,131 - INFO - 
-------------generate result-------------
 package org.jfree.data.statistics;

import java.util.*;

public class BoxAndWhiskerCalculatorTest {
    @Test
    public void calculateQ1Test() {
        // Create a list of values to test with
        List<Double> values = new ArrayList<>();
        values.add(10.0);
        values.add(20.0);
        values.add(30.0);
        values.add(40.0);
        values.add(50.0);
        
        // Calculate the Q1 value using the calculateQ1 method
        double q1 = BoxAndWhiskerCalculator.calculateQ1(values);
        
        // Assert that the Q1 value is correct
        assertEquals(25.0, q1);
    }
}----------------------------------

2023-12-12 00:28:11,132 - DEBUG - Starting new HTTP connection (1): 172.19.96.1:7890
2023-12-12 00:28:11,341 - DEBUG - http://172.19.96.1:7890 "POST http://localhost:11434/api/generate HTTP/1.1" 200 None
2023-12-12 00:28:30,862 - DEBUG - Encoding detection: ascii is most likely the one.
2023-12-12 00:28:30,862 - INFO - 
-------------generate result-------------
 
import org.junit.jupiter.api.Assertions;

public class BoxAndWhiskerCalculatorTest {
    @Test
    public void calculateQ1Test() {
        // Arrange
        List values = Arrays.asList(1, 2, 3, 4, 5);
        double expectedResult = 3;
        
        // Act
        double actualResult = BoxAndWhiskerCalculator.calculateQ1(values);
        
        // Assert
        assertEquals(expectedResult, actualResult);
    }
}----------------------------------

2023-12-12 00:28:30,863 - DEBUG - Starting new HTTP connection (1): 172.19.96.1:7890
2023-12-12 00:28:31,060 - DEBUG - http://172.19.96.1:7890 "POST http://localhost:11434/api/generate HTTP/1.1" 200 None
2023-12-12 00:29:04,139 - DEBUG - Encoding detection: ascii is most likely the one.
2023-12-12 00:29:04,140 - INFO - 
-------------generate result-------------
 
package org.jfree.data.statistics;

import java.util.List;
import org.junit.jupiter.api.Test;
import static org.junit.jupiter.api.Assertions.*;

public class BoxAndWhiskerCalculatorTest {
    @Test
    public void calculateQ1Test() {
        // Create a list of values to test the function with
        List<Double> values = new ArrayList<>();
        values.add(5.0);
        values.add(6.0);
        values.add(7.0);
        values.add(8.0);
        values.add(9.0);

        // Calculate the Q1 value and check if it is correct
        double result = BoxAndWhiskerCalculator.calculateQ1(values);
        assertEquals(7.0, result, 0.0001);
    }
}----------------------------------

2023-12-12 00:29:04,141 - DEBUG - Starting new HTTP connection (1): 172.19.96.1:7890
2023-12-12 00:29:04,338 - DEBUG - http://172.19.96.1:7890 "POST http://localhost:11434/api/generate HTTP/1.1" 200 None
2023-12-12 00:30:11,211 - DEBUG - Encoding detection: ascii is most likely the one.
2023-12-12 00:30:11,212 - INFO - 
-------------generate result-------------
 The question is asking for a unit test that covers the `calculateQ1` method in the `BoxAndWhiskerCalculator` class. The test case should verify that the method returns the correct value when given different inputs.

Here's an example of how you could write the test case:
```java
package org.jfree.data.statistics;

import org.junit.jupiter.api.*;
import static org.junit.jupiter.api.Assertions.*;

public class BoxAndWhiskerCalculatorTest {
    @Test
    public void calculateQ1Test() {
        // Test with empty list
        List<Double> values = new ArrayList<>();
        assertEquals(Double.NaN, BoxAndWhiskerCalculator.calculateQ1(values), 0.0);

        // Test with one element
        values.add(1.0);
        assertEquals(1.0, BoxAndWhiskerCalculator.calculateQ1(values), 0.0);

        // Test with multiple elements
        values.addAll(Arrays.asList(2.0, 3.0, 4.0));
        assertEquals(3.5, BoxAndWhiskerCalculator.calculateQ1(values), 0.0);
    }
}
```
In this example, we first test the method with an empty list, which should return `Double.NaN`. Then, we test it with a single element list, which should return the same value as the input. Finally, we test it with a multiple-element list, which should return the median of the list.

Note that this is just one example of how you could write the test case, and you may need to adjust it based on your specific requirements.----------------------------------

2023-12-12 00:30:11,213 - DEBUG - Starting new HTTP connection (1): 172.19.96.1:7890
2023-12-12 00:30:11,457 - DEBUG - http://172.19.96.1:7890 "POST http://localhost:11434/api/generate HTTP/1.1" 200 None
2023-12-12 00:30:26,963 - DEBUG - Encoding detection: ascii is most likely the one.
2023-12-12 00:30:26,963 - INFO - 
-------------generate result-------------
 
@Test
public void calculateQ1Test() {
    List<Double> values = Arrays.asList(1.0, 2.0, 3.0, 4.0);
    double expectedResult = Statistics.calculateMedian(values, 0, values.size() / 2 - 1);
    assertEquals(expectedResult, BoxAndWhiskerCalculator.calculateQ1(values));
}----------------------------------

2023-12-12 00:30:26,964 - DEBUG - Starting new HTTP connection (1): 172.19.96.1:7890
2023-12-12 00:30:27,167 - DEBUG - http://172.19.96.1:7890 "POST http://localhost:11434/api/generate HTTP/1.1" 200 None
2023-12-12 00:31:29,642 - DEBUG - Encoding detection: ascii is most likely the one.
2023-12-12 00:31:29,642 - INFO - 
-------------generate result-------------
 The `calculateQ1` method is a static method that takes in a list of values and returns the value at the first quartile position. The method uses the `Statistics.calculateMedian` method to calculate the median, which is then used as a starting point for calculating the first quartile.

Here's an example JUnit test case for the `calculateQ1` method:
```
package org.jfree.data.statistics;

import java.util.*;
import org.junit.jupiter.api.*;
import static org.junit.jupiter.api.Assertions.*;

public class BoxAndWhiskerCalculatorTest {
    @Test
    public void calculateQ1Test() {
        List<Double> values = new ArrayList<>();
        values.add(1.0);
        values.add(2.0);
        values.add(3.0);
        values.add(4.0);
        values.add(5.0);
        double result = BoxAndWhiskerCalculator.calculateQ1(values);
        assertEquals(2.5, result, 0.01);
    }
}
```
In this test case, we create a list of five doubles and pass it to the `calculateQ1` method. We then check that the returned value is equal to 2.5, which is the first quartile position in the list.

Note that this test case assumes that the `Statistics.calculateMedian` method returns the correct median for the input list. If this method is not working correctly, you may need to fix it before testing the `calculateQ1` method.----------------------------------

2023-12-12 00:31:29,643 - DEBUG - Starting new HTTP connection (1): 172.19.96.1:7890
2023-12-12 00:31:29,873 - DEBUG - http://172.19.96.1:7890 "POST http://localhost:11434/api/generate HTTP/1.1" 200 None
2023-12-12 00:32:54,727 - DEBUG - Encoding detection: ascii is most likely the one.
2023-12-12 00:32:54,730 - INFO - 
-------------generate result-------------
 
The JUnit test case for the `calculateQ1` method in the `BoxAndWhiskerCalculator` class is as follows:
```java
package org.jfree.data.statistics;

import static org.junit.jupiter.api.Assertions.*;
import org.junit.jupiter.api.Test;
import java.util.List;

public class BoxAndWhiskerCalculatorTest {
    @Test
    public void calculateQ1Test() {
        // Create a list of values to test the method with
        List<Double> values = new ArrayList<>();
        values.add(5.0);
        values.add(2.0);
        values.add(7.0);
        values.add(9.0);
        values.add(3.0);
        
        // Test the method with a list of size 1
        assertEquals(calculateQ1(values), 4.0, 0.01);
        
        // Test the method with a list of size greater than 1 but less than 2
        values.add(6.0);
        assertEquals(calculateQ1(values), 5.5, 0.01);
        
        // Test the method with a list of size greater than 2 but less than 3
        values.add(4.0);
        assertEquals(calculateQ1(values), 5.87, 0.01);
    }
}
```
In this test case, we have created a `List<Double>` of values to test the method with. We then use JUnit's `assertEquals` method to compare the result of the `calculateQ1` method with the expected value for each list size. The expected values are calculated using the formula for calculating Q1, which is given in the Javadoc comment for the `calculateQ1` method.

The test case also covers the edge cases where the list size is 1 and greater than 2 but less than 3. In these cases, we expect the result of the `calculateQ1` method to be equal to the expected value calculated using the formula for calculating Q1.----------------------------------

2023-12-12 00:32:54,734 - DEBUG - Starting new HTTP connection (1): 172.19.96.1:7890
2023-12-12 00:32:54,951 - DEBUG - http://172.19.96.1:7890 "POST http://localhost:11434/api/generate HTTP/1.1" 200 None
2023-12-12 00:33:11,491 - DEBUG - Encoding detection: ascii is most likely the one.
2023-12-12 00:33:11,492 - INFO - 
-------------generate result-------------
 @Test
public void calculateQ1Test() {
    // Create a list of values for testing
    List<Double> values = Arrays.asList(10.0, 20.0, 30.0);

    // Call the method to test
    double result = BoxAndWhiskerCalculator.calculateQ1(values);

    // Verify that the result is correct
    assertEquals(20.0, result);
}----------------------------------

2023-12-12 00:33:11,492 - DEBUG - Starting new HTTP connection (1): 172.19.96.1:7890
2023-12-12 00:33:11,693 - DEBUG - http://172.19.96.1:7890 "POST http://localhost:11434/api/generate HTTP/1.1" 200 None
2023-12-12 00:33:28,994 - DEBUG - Encoding detection: ascii is most likely the one.
2023-12-12 00:33:28,995 - INFO - 
-------------generate result-------------
 
package org.jfree.data.statistics;

import org.junit.jupiter.api.*;
import static org.junit.jupiter.api.Assertions.*;

public class BoxAndWhiskerCalculatorTest {
    @Test
    public void calculateQ1Test() {
        List values = new ArrayList();
        double result = BoxAndWhiskerCalculator.calculateQ1(values);
        assertTrue(Double.isNaN(result));
    }
}----------------------------------

2023-12-12 00:33:28,996 - DEBUG - Starting new HTTP connection (1): 172.19.96.1:7890
2023-12-12 00:33:29,194 - DEBUG - http://172.19.96.1:7890 "POST http://localhost:11434/api/generate HTTP/1.1" 200 None
2023-12-12 00:33:44,549 - DEBUG - Encoding detection: ascii is most likely the one.
2023-12-12 00:33:44,550 - INFO - 
-------------generate result-------------
 
@Test
public void calculateQ1Test() {
    List<Double> values = Arrays.asList(new Double[] {10.0, 5.0, 2.0, 3.0, 8.0, 7.0});
    double result = BoxAndWhiskerCalculator.calculateQ1(values);
    assertEquals(6.0, result, 0.0001);
}----------------------------------

2023-12-12 00:33:44,550 - INFO - 
-------------source code-------------
 
public static double calculateQ1(List values) {
    Args.nullNotPermitted(values, "values");

    double result = Double.NaN;
    int count = values.size();
    if (count > 0) {
        if (count % 2 == 1) {
            if (count > 1) {
                result = Statistics.calculateMedian(values, 0, count / 2);
            }
            else {
                result = Statistics.calculateMedian(values, 0, 0);
            }
        }
        else {
            result = Statistics.calculateMedian(values, 0, count / 2 - 1);
        }

    }
    return result;
}
----------------------------------

2023-12-12 00:33:44,551 - DEBUG - Starting new HTTP connection (1): 172.19.96.1:7890
2023-12-12 00:33:56,831 - DEBUG - http://172.19.96.1:7890 "POST http://localhost:11434/api/generate HTTP/1.1" 200 None
2023-12-12 00:36:44,551 - ERROR - 
2023-12-12 00:36:44,553 - DEBUG - Starting new HTTP connection (1): 172.19.96.1:7890
2023-12-12 00:36:57,327 - DEBUG - http://172.19.96.1:7890 "POST http://localhost:11434/api/generate HTTP/1.1" 200 None
2023-12-12 00:36:59,720 - DEBUG - Encoding detection: ascii is most likely the one.
2023-12-12 00:36:59,721 - INFO - 
-------------generate result-------------
 <FILL>

### Response: ----------------------------------

2023-12-12 00:36:59,722 - DEBUG - Starting new HTTP connection (1): 172.19.96.1:7890
2023-12-12 00:36:59,925 - DEBUG - http://172.19.96.1:7890 "POST http://localhost:11434/api/generate HTTP/1.1" 200 None
2023-12-12 00:38:14,033 - DEBUG - Encoding detection: ascii is most likely the one.
2023-12-12 00:38:14,034 - INFO - 
-------------generate result-------------
 package org.jfree.data.statistics;

import java.util.*;

public class BoxAndWhiskerCalculator {
    /**
     * Calculates the quartiles for a list of numbers.  The values are assumed
     * to be in ascending order.
     * <P>
     * If the list is empty, this method returns {@code Double.NaN} for all
     * the quartile values.
     *
     * @param values  the list of values ({@code null} not permitted).
     */
    public static double[] calculateQuartiles(List<Double> values) {
        Args.nullNotPermitted(values, "values");
        if (values.isEmpty()) {
            return new double[]{Double.NaN, Double.NaN, Double.NaN};
        }
        int midpoint = 0;
        if ((values.size() % 2) == 1) {
            midpoint = values.size() / 2;
        }
        else {
            midpoint = (int) Math.floor(values.size() / 2);
        }
        double q1 = Statistics.calculateMedian(values, 0, midpoint);
        double q3 = Statistics.calculateMedian(values, midpoint + 1, values.size() - 1);
        return new double[]{q1, q3};
    }
}----------------------------------

2023-12-12 00:38:14,035 - DEBUG - Starting new HTTP connection (1): 172.19.96.1:7890
2023-12-12 00:38:14,268 - DEBUG - http://172.19.96.1:7890 "POST http://localhost:11434/api/generate HTTP/1.1" 200 None
2023-12-12 00:41:14,035 - ERROR - 
2023-12-12 00:41:14,037 - DEBUG - Starting new HTTP connection (1): 172.19.96.1:7890
2023-12-12 00:41:26,810 - DEBUG - http://172.19.96.1:7890 "POST http://localhost:11434/api/generate HTTP/1.1" 200 None
2023-12-12 00:42:01,990 - DEBUG - Encoding detection: ascii is most likely the one.
2023-12-12 00:42:01,991 - INFO - 
-------------generate result-------------
 package org.jfree.data.statistics;

import java.util.*;
import org.junit.jupiter.api.*;
import static org.junit.jupiter.api.Assertions.*;

public class BoxAndWhiskerCalculatorTest {
    @Test
    public void calculateQ1Test() {
        List vlist = new ArrayList();
        vlist.add(2.0);
        vlist.add(3.0);
        vlist.add(4.0);
        double q1 = BoxAndWhiskerCalculator.calculateQ1(vlist);
        assertEquals(q1, 2.5, 0.0);
    }
}----------------------------------

2023-12-12 00:42:01,992 - DEBUG - Starting new HTTP connection (1): 172.19.96.1:7890
2023-12-12 00:42:02,239 - DEBUG - http://172.19.96.1:7890 "POST http://localhost:11434/api/generate HTTP/1.1" 200 None
2023-12-12 00:43:45,655 - DEBUG - Encoding detection: ascii is most likely the one.
2023-12-12 00:43:45,657 - INFO - 
-------------generate result-------------
 package org.jfree.data.statistics;

import java.util.ArrayList;
import java.util.Collections;
import java.util.List;

/**
 * An implementation of the {@link BoxAndWhiskerCalculator} interface.
 */
public class DefaultBoxAndWhiskerCalculator implements BoxAndWhiskerCalculator {

    /**
     * Calculates a box and whisker item for the specified dataset.
     *
     * @param dataset  the dataset ({@code null} not permitted).
     *
     * @return The box and whisker item (never {@code null}).
     */
    @Override
    public BoxAndWhiskerItem calculateBoxAndWhiskerStatistics(
            List<Number> dataset) {
        Args.nullNotPermitted(dataset, "dataset");
        double[] sorted = new double[dataset.size()];
        for (int i = 0; i < dataset.size(); i++) {
            Number n = dataset.get(i);
            if (!n.equals(Double.NaN)) {
                sorted[i] = n.doubleValue();
            } else {
                sorted[i] = Double.POSITIVE_INFINITY;
            }
        }
        double min = 0.0;
        double max = Double.MAX_VALUE;
        int count = dataset.size();
        if (count > 0) {
            double sum = 0.0;
            for (int i = 0; i < sorted.length; i++) {
                sum += sorted[i];
            }
            min = sorted[0];
            max = sorted[sorted.length - 1];
        }
        return new BoxAndWhiskerItem(min, max, count);
    }
}----------------------------------

2023-12-12 00:43:45,657 - DEBUG - Starting new HTTP connection (1): 172.19.96.1:7890
2023-12-12 00:43:45,956 - DEBUG - http://172.19.96.1:7890 "POST http://localhost:11434/api/generate HTTP/1.1" 200 None
2023-12-12 00:45:25,101 - DEBUG - Encoding detection: ascii is most likely the one.
2023-12-12 00:45:25,102 - INFO - 
-------------generate result-------------
 package org.jfree.data.statistics;

import java.util.ArrayList;
import java.util.List;

public class BoxAndWhiskerCalculator {

    /**
     * Calculates the first quartile for a list of numbers in ascending order.
     * If the items in the list are not in ascending order, the result is
     * unspecified.  If the list contains items that are {@code null}, not
     * an instance of {@code Number}, or equivalent to
     * {@code Double.NaN}, the result is unspecified.
     *
     * @param values  the numbers in ascending order ({@code null} not
     *     permitted).
     *
     * @return The first quartile.
     */
    public static double calculateQ1(List values) {
        Args.nullNotPermitted(values, "values");

        double result = Double.NaN;
        int count = values.size();
        if (count > 0) {
            if (count % 2 == 1) {
                if (count > 1) {
                    result = Statistics.calculateMedian(values, 0, count / 2);
                }
                else {
                    result = Statistics.calculateMedian(values, 0, 0);
                }
            }
            else {
                result = Statistics.calculateMedian(values, 0, count / 2 - 1);
            }
        }
        return result;
    }
}----------------------------------

2023-12-12 00:45:25,103 - DEBUG - Starting new HTTP connection (1): 172.19.96.1:7890
2023-12-12 00:45:25,409 - DEBUG - http://172.19.96.1:7890 "POST http://localhost:11434/api/generate HTTP/1.1" 200 None
2023-12-12 00:48:25,103 - ERROR - 
2023-12-12 00:48:25,105 - DEBUG - Starting new HTTP connection (1): 172.19.96.1:7890
2023-12-12 00:48:37,733 - DEBUG - http://172.19.96.1:7890 "POST http://localhost:11434/api/generate HTTP/1.1" 200 None
2023-12-12 00:48:46,889 - DEBUG - Encoding detection: ascii is most likely the one.
2023-12-12 00:48:46,889 - INFO - 
-------------generate result-------------
 BoxAndWhiskerItem item = BoxAndWhiskerCalculator.calculateBoxAndWhiskerStatistics(values, true);
double q1 = item.getQ1();
----------------------------------

2023-12-12 00:48:46,890 - DEBUG - Starting new HTTP connection (1): 172.19.96.1:7890
2023-12-12 00:48:47,194 - DEBUG - http://172.19.96.1:7890 "POST http://localhost:11434/api/generate HTTP/1.1" 200 None
2023-12-12 00:49:02,476 - DEBUG - Encoding detection: ascii is most likely the one.
2023-12-12 00:49:02,477 - INFO - 
-------------generate result-------------
 
@Test
public void calculateQ1Test() {
    List<Number> vlist = new ArrayList<>();
    // Add elements to list
    assertEquals(calculateQ1(vlist), Double.NaN, 0);
}----------------------------------

2023-12-12 00:49:02,477 - INFO - 
-------------source code-------------
 
public static double calculateQ1(List values) {
    Args.nullNotPermitted(values, "values");

    double result = Double.NaN;
    int count = values.size();
    if (count > 0) {
        if (count % 2 == 1) {
            if (count > 1) {
                result = Statistics.calculateMedian(values, 0, count / 2);
            }
            else {
                result = Statistics.calculateMedian(values, 0, 0);
            }
        }
        else {
            result = Statistics.calculateMedian(values, 0, count / 2 - 1);
        }

    }
    return result;
}
----------------------------------

2023-12-12 00:49:02,478 - DEBUG - Starting new HTTP connection (1): 172.19.96.1:7890
2023-12-12 00:49:06,318 - DEBUG - http://172.19.96.1:7890 "POST http://localhost:11434/api/generate HTTP/1.1" 200 None
2023-12-12 00:49:41,057 - DEBUG - Encoding detection: ascii is most likely the one.
2023-12-12 00:49:41,057 - INFO - 
-------------generate result-------------
 
package org.jfree.data.statistics;

import org.junit.jupiter.api.*;
import static org.junit.jupiter.api.Assertions.*;

public class BoxAndWhiskerCalculatorTest {
    @Test
    public void calculateQ1Test() {
        // Create a list of values to pass to the method
        List<Double> values = new ArrayList<>();
        values.add(10.0);
        values.add(20.0);
        values.add(30.0);
        values.add(40.0);
        
        // Call the method and get the result
        double q1 = BoxAndWhiskerCalculator.calculateQ1(values);
        
        // Assert that the result is correct
        assertEquals(20.0, q1);
    }
}----------------------------------

2023-12-12 00:49:41,058 - DEBUG - Starting new HTTP connection (1): 172.19.96.1:7890
2023-12-12 00:49:41,280 - DEBUG - http://172.19.96.1:7890 "POST http://localhost:11434/api/generate HTTP/1.1" 200 None
2023-12-12 00:50:17,566 - DEBUG - Encoding detection: ascii is most likely the one.
2023-12-12 00:50:17,567 - INFO - 
-------------generate result-------------
 
package org.jfree.data.statistics;

import java.util.ArrayList;
import java.util.Collections;
import java.util.Iterator;
import java.util.List;

import org.junit.jupiter.api.Test;
import static org.junit.jupiter.api.Assertions.*;

public class BoxAndWhiskerCalculatorTest {
    @Test
    public void calculateQ1Test() {
        List<Integer> values = new ArrayList<>();
        values.add(1);
        values.add(2);
        values.add(3);
        values.add(4);
        values.add(5);
        double q1 = BoxAndWhiskerCalculator.calculateQ1(values);
        assertEquals(q1, 3.0);
    }
}----------------------------------

2023-12-12 00:50:17,568 - DEBUG - Starting new HTTP connection (1): 172.19.96.1:7890
2023-12-12 00:50:17,751 - DEBUG - http://172.19.96.1:7890 "POST http://localhost:11434/api/generate HTTP/1.1" 200 None
2023-12-12 00:50:43,665 - DEBUG - Encoding detection: ascii is most likely the one.
2023-12-12 00:50:43,666 - INFO - 
-------------generate result-------------
 
package org.jfree.data.statistics;

import java.util.List;

import org.junit.jupiter.api.Test;
import static org.junit.jupiter.api.Assertions.*;

public class BoxAndWhiskerCalculatorTest {
    @Test
    public void calculateQ1Test() {
        List<Double> values = new ArrayList<>();
        double result = BoxAndWhiskerCalculator.calculateQ1(values);
        assertEquals(Double.NaN, result);
    }
}----------------------------------

2023-12-12 00:50:43,667 - DEBUG - Starting new HTTP connection (1): 172.19.96.1:7890
2023-12-12 00:50:43,847 - DEBUG - http://172.19.96.1:7890 "POST http://localhost:11434/api/generate HTTP/1.1" 200 None
2023-12-12 00:51:41,771 - DEBUG - Encoding detection: ascii is most likely the one.
2023-12-12 00:51:41,772 - INFO - 
-------------generate result-------------
 The `calculateQ1` method is used to calculate the first quartile of a dataset. The test case for this method should check that it returns the correct value when given different input lists.

Here is an example of how the test case could be written:
```
@Test
public void calculateQ1Test() {
    // Test with empty list
    List<Double> values = new ArrayList<>();
    double q1 = BoxAndWhiskerCalculator.calculateQ1(values);
    assertEquals(Double.NaN, q1);

    // Test with single value
    values.add(10.0);
    q1 = BoxAndWhiskerCalculator.calculateQ1(values);
    assertEquals(10.0, q1);

    // Test with multiple values
    values.addAll(Arrays.asList(20.0, 30.0, 40.0));
    q1 = BoxAndWhiskerCalculator.calculateQ1(values);
    assertEquals(25.0, q1);
}
```
In this example, we test the `calculateQ1` method with an empty list, a single value, and multiple values. The expected output for each case is included in the `assertEquals` statement to ensure that the correct value is returned.----------------------------------

2023-12-12 00:51:41,773 - DEBUG - Starting new HTTP connection (1): 172.19.96.1:7890
2023-12-12 00:51:41,960 - DEBUG - http://172.19.96.1:7890 "POST http://localhost:11434/api/generate HTTP/1.1" 200 None
2023-12-12 00:52:09,715 - DEBUG - Encoding detection: ascii is most likely the one.
2023-12-12 00:52:09,715 - INFO - 
-------------generate result-------------
 package org.jfree.data.statistics;

import org.junit.jupiter.api.*;
import static org.junit.jupiter.api.Assertions.*;

public class BoxAndWhiskerCalculatorTest {
    @Test
    public void calculateQ1Test() {
        List<Double> values = new ArrayList<>();
        values.add(0.0);
        values.add(1.0);
        values.add(2.0);
        values.add(3.0);
        assertEquals(1.5, BoxAndWhiskerCalculator.calculateQ1(values), 0.001);
    }
}----------------------------------

2023-12-12 00:52:09,716 - DEBUG - Starting new HTTP connection (1): 172.19.96.1:7890
2023-12-12 00:52:09,934 - DEBUG - http://172.19.96.1:7890 "POST http://localhost:11434/api/generate HTTP/1.1" 200 None
2023-12-12 00:54:14,774 - DEBUG - Encoding detection: ascii is most likely the one.
2023-12-12 00:54:14,775 - INFO - 
-------------generate result-------------
 The `calculateQ1` method calculates the first quartile (Q1) of a list of values. The method takes a `List<Double>` as input and returns the value of Q1.

To write a unit test for this method, you can follow these steps:

1. Create a new instance of `BoxAndWhiskerCalculator` and call the `calculateQ1` method with a list of values.
2. Use the `assertEquals` method to compare the expected result (Q1) with the actual result returned by the method.
3. If the two values are not equal, use the `fail()` method to indicate that the test has failed.
4. Repeat these steps for all possible cases, such as an empty list or a list of only one value.

Here is an example of how you can write the unit test:
```
package org.jfree.data.statistics;

import org.junit.jupiter.api.*;
import static org.junit.jupiter.api.Assertions.*;

public class BoxAndWhiskerCalculatorTest {
    @Test
    public void calculateQ1Test() {
        // Test case 1: Empty list
        List<Double> values = new ArrayList<>();
        double result = BoxAndWhiskerCalculator.calculateQ1(values);
        assertEquals(Double.NaN, result, "Empty list should return NaN");
        
        // Test case 2: List with only one value
        values = Collections.singletonList(10.0);
        result = BoxAndWhiskerCalculator.calculateQ1(values);
        assertEquals(10.0, result, "List with only one value should return the same value");
        
        // Test case 3: List with multiple values
        values = Arrays.asList(10.0, 20.0, 30.0, 40.0);
        result = BoxAndWhiskerCalculator.calculateQ1(values);
        assertEquals(25.0, result, "Expected Q1 value for list with multiple values");
        
        // Test case 4: List with uneven number of values
        values = Arrays.asList(10.0, 20.0, 30.0, 40.0, 50.0);
        result = BoxAndWhiskerCalculator.calculateQ1(values);
        assertEquals(25.0, result, "Expected Q1 value for list with uneven number of values");
    }
}
```----------------------------------

2023-12-12 00:54:14,776 - DEBUG - Starting new HTTP connection (1): 172.19.96.1:7890
2023-12-12 00:54:14,969 - DEBUG - http://172.19.96.1:7890 "POST http://localhost:11434/api/generate HTTP/1.1" 200 None
2023-12-12 00:54:40,307 - DEBUG - Encoding detection: ascii is most likely the one.
2023-12-12 00:54:40,308 - INFO - 
-------------generate result-------------
 
package org.jfree.data.statistics;

import static org.junit.Assert.*;
import org.junit.Test;

public class BoxAndWhiskerCalculatorTest {
    @Test
    public void calculateQ1Test() {
        List<Double> values = new ArrayList<>();
        values.add(10.0);
        values.add(20.0);
        values.add(30.0);
        values.add(40.0);
        assertEquals(25.0, BoxAndWhiskerCalculator.calculateQ1(values), 0.001);
    }
}----------------------------------

2023-12-12 00:54:40,309 - DEBUG - Starting new HTTP connection (1): 172.19.96.1:7890
2023-12-12 00:54:40,486 - DEBUG - http://172.19.96.1:7890 "POST http://localhost:11434/api/generate HTTP/1.1" 200 None
2023-12-12 00:55:59,211 - DEBUG - Encoding detection: ascii is most likely the one.
2023-12-12 00:55:59,212 - INFO - 
-------------generate result-------------
 package org.jfree.data.statistics;

import org.junit.jupiter.api.*;
import static org.junit.jupiter.api.Assertions.*;

public class BoxAndWhiskerCalculatorTest {
    @Test
    public void calculateQ1Test() {
        // Test with empty list
        List<Double> values = new ArrayList<>();
        assertEquals(Double.NaN, BoxAndWhiskerCalculator.calculateQ1(values), 0.0);
        
        // Test with one element list
        values = new ArrayList<>();
        values.add(1.0);
        assertEquals(1.0, BoxAndWhiskerCalculator.calculateQ1(values), 0.0);
        
        // Test with two elements list
        values = new ArrayList<>();
        values.add(1.0);
        values.add(2.0);
        assertEquals(1.5, BoxAndWhiskerCalculator.calculateQ1(values), 0.0);
        
        // Test with three elements list
        values = new ArrayList<>();
        values.add(1.0);
        values.add(2.0);
        values.add(3.0);
        assertEquals(2.0, BoxAndWhiskerCalculator.calculateQ1(values), 0.0);
        
        // Test with four elements list
        values = new ArrayList<>();
        values.add(1.0);
        values.add(2.0);
        values.add(3.0);
        values.add(4.0);
        assertEquals(2.5, BoxAndWhiskerCalculator.calculateQ1(values), 0.0);
    }
}----------------------------------

2023-12-12 00:55:59,213 - DEBUG - Starting new HTTP connection (1): 172.19.96.1:7890
2023-12-12 00:55:59,386 - DEBUG - http://172.19.96.1:7890 "POST http://localhost:11434/api/generate HTTP/1.1" 200 None
2023-12-12 00:56:29,706 - DEBUG - Encoding detection: ascii is most likely the one.
2023-12-12 00:56:29,707 - INFO - 
-------------generate result-------------
 package org.jfree.data.statistics;

import org.junit.jupiter.api.*;
import static org.junit.jupiter.api.Assertions.*;

public class BoxAndWhiskerCalculatorTest {
    @Test
    public void calculateQ1Test() {
        List<Integer> values = new ArrayList<>();
        values.add(5);
        values.add(7);
        values.add(3);
        values.add(9);
        double result = BoxAndWhiskerCalculator.calculateQ1(values);
        assertEquals(6, result, 0.001);
    }
}----------------------------------

2023-12-12 00:56:29,708 - DEBUG - Starting new HTTP connection (1): 172.19.96.1:7890
2023-12-12 00:56:29,881 - DEBUG - http://172.19.96.1:7890 "POST http://localhost:11434/api/generate HTTP/1.1" 200 None
2023-12-12 00:56:59,997 - DEBUG - Encoding detection: ascii is most likely the one.
2023-12-12 00:56:59,997 - INFO - 
-------------generate result-------------
 package org.jfree.data.statistics;

import org.junit.jupiter.api.*;
import static org.junit.jupiter.api.Assertions.*;

public class BoxAndWhiskerCalculatorTest {
    @Test
    public void calculateQ1Test() {
        List<Double> values = new ArrayList<>();
        values.add(1.0);
        values.add(2.0);
        values.add(3.0);
        values.add(4.0);
        values.add(5.0);

        double result = BoxAndWhiskerCalculator.calculateQ1(values);

        assertEquals(3.0, result, 0.0001);
    }
}----------------------------------

2023-12-12 00:56:59,999 - INFO - 
-------------source code-------------
 
public static double[] getPowerRegression(double[][] data) {

    int n = data.length;
    if (n < 2) {
        throw new IllegalArgumentException("Not enough data.");
    }

    double sumX = 0;
    double sumY = 0;
    double sumXX = 0;
    double sumXY = 0;
    for (int i = 0; i < n; i++) {
        double x = Math.log(data[i][0]);
        double y = Math.log(data[i][1]);
        sumX += x;
        sumY += y;
        double xx = x * x;
        sumXX += xx;
        double xy = x * y;
        sumXY += xy;
    }
    double sxx = sumXX - (sumX * sumX) / n;
    double sxy = sumXY - (sumX * sumY) / n;
    double xbar = sumX / n;
    double ybar = sumY / n;

    double[] result = new double[2];
    result[1] = sxy / sxx;
    result[0] = Math.pow(Math.exp(1.0), ybar - result[1] * xbar);

    return result;

}
----------------------------------

2023-12-12 00:57:00,000 - DEBUG - Starting new HTTP connection (1): 172.19.96.1:7890
2023-12-12 00:57:02,907 - DEBUG - http://172.19.96.1:7890 "POST http://localhost:11434/api/generate HTTP/1.1" 200 None
2023-12-12 00:58:59,947 - DEBUG - Encoding detection: ascii is most likely the one.
2023-12-12 00:58:59,948 - INFO - 
-------------generate result-------------
 The `getPowerRegression` method in the Java Source Code is used to calculate the power regression of a set of data. The method takes an array of arrays as input, where each sub-array contains two elements: the first element is the independent variable and the second element is the dependent variable.

To write a unit test for this method using JUnit, you can use the following steps:

1. Create a new JUnit test class named `RegressionTest`.
2. In the `getPowerRegressionTest` method, create two arrays of doubles that contain the data to be tested. For example, you can create an array with two elements, where each element is an array containing the independent and dependent variables.
3. Call the `getPowerRegression` method on the test data, and assign the result to a variable.
4. Use JUnit assertions to check that the returned value is what you expect. For example, you can use the `assertEquals` method to compare the expected value with the actual value returned by the method.
5. Repeat the process for different test data sets to ensure that the method works correctly for all possible input values.

Here's an example of how you can write the unit test for the `getPowerRegression` method:
```java
import org.junit.jupiter.api.*;
import static org.junit.jupiter.api.Assertions.*;

public class RegressionTest {
    @Test
    public void getPowerRegressionTest() {
        // Test data with a positive correlation
        double[][] data1 = {{1, 2}, {3, 4}, {5, 6}};
        double expected1 = 0.9876;
        double actual1 = getPowerRegression(data1);
        assertEquals(expected1, actual1, 0.0001);

        // Test data with a negative correlation
        double[][] data2 = {{1, 4}, {3, 5}, {6, 8}};
        double expected2 = -0.9876;
        double actual2 = getPowerRegression(data2);
        assertEquals(expected2, actual2, 0.0001);
    }
}
```
In this example, we create two test data sets with different correlations and compare the expected values with the actual values returned by the `getPowerRegression` method. We use JUnit's `assertEquals` method to check that the expected and actual values are equal within a certain tolerance.----------------------------------

2023-12-12 00:58:59,949 - DEBUG - Starting new HTTP connection (1): 172.19.96.1:7890
2023-12-12 00:59:00,141 - DEBUG - http://172.19.96.1:7890 "POST http://localhost:11434/api/generate HTTP/1.1" 200 None
2023-12-12 00:59:52,171 - DEBUG - Encoding detection: ascii is most likely the one.
2023-12-12 00:59:52,172 - INFO - 
-------------generate result-------------
 ```
package org.jfree.data.statistics;

import org.junit.jupiter.api.*;
import static org.junit.jupiter.api.Assertions.*;

public class RegressionTest {
    @Test
    public void getPowerRegressionTest() {
        double[][] data = new double[4][2];
        data[0] = new double[]{1, 1};
        data[1] = new double[]{2, 4};
        data[2] = new double[]{3, 9};
        data[3] = new double[]{4, 16};

        double[] result = Regression.getPowerRegression(data);

        assertEquals(result[0], 2.0, 1e-10);
        assertEquals(result[1], 8.0, 1e-10);
    }
}
```
In this test case, we are testing the `getPowerRegression` method of the `Regression` class by passing it an array of data that contains the values `{1, 1}, {2, 4}, {3, 9}, and {4, 16}`. We then check that the returned values of the `result` variable are equal to `2.0` and `8.0`, respectively.----------------------------------

2023-12-12 00:59:52,172 - DEBUG - Starting new HTTP connection (1): 172.19.96.1:7890
2023-12-12 00:59:52,357 - DEBUG - http://172.19.96.1:7890 "POST http://localhost:11434/api/generate HTTP/1.1" 200 None
2023-12-12 01:00:15,123 - DEBUG - Encoding detection: ascii is most likely the one.
2023-12-12 01:00:15,124 - INFO - 
-------------generate result-------------
 
@Test
public void getPowerRegressionTest() {
    double[][] data = new double[][] {{1.0, 2.0}, {2.0, 4.0}, {3.0, 8.0}, {4.0, 16.0}};
    double[] expectedResult = new double[] {Math.pow(Math.exp(1.0), 4.0), Math.pow(Math.exp(1.0), 2.0)};

    assertArrayEquals(expectedResult, Regression.getPowerRegression(data));
}----------------------------------

2023-12-12 01:00:15,124 - DEBUG - Starting new HTTP connection (1): 172.19.96.1:7890
2023-12-12 01:00:15,297 - DEBUG - http://172.19.96.1:7890 "POST http://localhost:11434/api/generate HTTP/1.1" 200 None
2023-12-12 01:01:04,642 - DEBUG - Encoding detection: ascii is most likely the one.
2023-12-12 01:01:04,642 - INFO - 
-------------generate result-------------
 
package org.jfree.data.statistics;

import org.junit.jupiter.api.*;
import static org.junit.jupiter.api.Assertions.*;

public class RegressionTest {
    @Test
    public void getPowerRegressionTest() {
        double[][] data = new double[5][2];
        data[0][0] = 1;
        data[0][1] = 2;
        data[1][0] = 2;
        data[1][1] = 4;
        data[2][0] = 3;
        data[2][1] = 8;
        data[3][0] = 5;
        data[3][1] = 16;
        data[4][0] = 7;
        data[4][1] = 32;

        double[] result = Regression.getPowerRegression(data);
        assertEquals(1, result[0], 0.000001); // Verify the expected value of the first element in the result array
        assertEquals(-1, result[1], 0.000001); // Verify the expected value of the second element in the result array
    }
}----------------------------------

2023-12-12 01:01:04,643 - DEBUG - Starting new HTTP connection (1): 172.19.96.1:7890
2023-12-12 01:01:04,809 - DEBUG - http://172.19.96.1:7890 "POST http://localhost:11434/api/generate HTTP/1.1" 200 None
