2023-12-20 01:51:02,157 - INFO - 
-------------source code-------------
 
private String getReqestParams(HttpServletRequest request, JoinPoint joinPoint) {
    String httpMethod = request.getMethod();
    String params = "";
    if (CommonConstant.HTTP_POST.equals(httpMethod) || CommonConstant.HTTP_PUT.equals(httpMethod) || CommonConstant.HTTP_PATCH.equals(httpMethod)) {
        Object[] paramsArray = joinPoint.getArgs();
        // java.lang.IllegalStateException: It is illegal to call this method if the current request is not in asynchronous mode (i.e. isAsyncStarted() returns false)
        //  https://my.oschina.net/mengzhang6/blog/2395893
        Object[] arguments  = new Object[paramsArray.length];
        for (int i = 0; i < paramsArray.length; i++) {
            if (paramsArray[i] instanceof BindingResult || paramsArray[i] instanceof ServletRequest || paramsArray[i] instanceof ServletResponse || paramsArray[i] instanceof MultipartFile) {
                //ServletRequest不能序列化，从入参里排除，否则报异常：java.lang.IllegalStateException: It is illegal to call this method if the current request is not in asynchronous mode (i.e. isAsyncStarted() returns false)
                //ServletResponse不能序列化 从入参里排除，否则报异常：java.lang.IllegalStateException: getOutputStream() has already been called for this response
                continue;
            }
            arguments[i] = paramsArray[i];
        }
        //update-begin-author:taoyan date:20200724 for:日志数据太长的直接过滤掉
        PropertyFilter profilter = new PropertyFilter() {
            @Override
            public boolean apply(Object o, String name, Object value) {
                int length = 500;
                if(value!=null && value.toString().length()>length){
                    return false;
                }
                return true;
            }
        };
        params = JSONObject.toJSONString(arguments, profilter);
        //update-end-author:taoyan date:20200724 for:日志数据太长的直接过滤掉
    } else {
        MethodSignature signature = (MethodSignature) joinPoint.getSignature();
        Method method = signature.getMethod();
        // 请求的方法参数值
        Object[] args = joinPoint.getArgs();
        // 请求的方法参数名称
        LocalVariableTableParameterNameDiscoverer u = new LocalVariableTableParameterNameDiscoverer();
        String[] paramNames = u.getParameterNames(method);
        if (args != null && paramNames != null) {
            for (int i = 0; i < args.length; i++) {
                params += "  " + paramNames[i] + ": " + args[i];
            }
        }
    }
    return params;
}
----------------------------------

2023-12-20 01:51:02,157 - INFO - No.1 generated result for generate_result/jeecg-boot_out/AutoLogAspect_getReqestParams_0/SourceCodeOnly/ -- 

2023-12-20 01:51:02,158 - DEBUG - Starting new HTTP connection (1): localhost:11434
2023-12-20 01:51:07,738 - DEBUG - http://localhost:11434 "POST /api/generate HTTP/1.1" 200 None
2023-12-20 01:51:18,449 - DEBUG - Encoding detection: ascii is most likely the one.
2023-12-20 01:51:18,450 - INFO - 
-------------generate result-------------
 The `getReqestParams` method is used to get the request parameters from an HTTP request. It takes two arguments: a `HttpServletRequest` and a `JoinPoint`.

The first step of the method is to get the HTTP method from the request, and then check if it's a POST, PUT or PATCH method. If so, it gets the arguments from the join point using the `getArgs()` method, and then iterates over them to exclude any arguments that are not serializable (such as `BindingResult`, `ServletRequest` or `ServletResponse`) or if they have too many characters (more than 500).

If the HTTP method is not POST, PUT or PATCH, it gets the method signature from the join point using the `getSignature()` method. Then, it gets the method parameters names from the method using a `LocalVariableTableParameterNameDiscoverer`. Finally, it builds a string with the parameter names and values, separated by spaces, and returns this string.

Here's an example of how to use the `getReqestParams` method in a JUnit test:
```java
package org.jeecg.common.aspect;

import org.junit.jupiter.api.*;
import static org.junit.jupiter.api.Assertions.*;

public class AutoLogAspectTest {
    @Test
    public void getReqestParamsTest() {
        HttpServletRequest request = new MockHttpServletRequest();
        JoinPoint joinPoint = new MethodJoinPoint(request, "myMethod");
        String params = getReqestParams(request, joinPoint);
        assertEquals("", params); // Test that the parameters are empty if there are no arguments
    }
}
```
In this example, we create a `MockHttpServletRequest` object and a `JoinPoint` object with a method name. We then call the `getReqestParams` method with these objects as arguments, and assert that the returned string is empty if there are no arguments.----------------------------------

2023-12-20 01:51:18,451 - INFO - No.2 generated result for generate_result/jeecg-boot_out/AutoLogAspect_getReqestParams_0/SourceCodeOnly/ -- 

2023-12-20 01:51:18,452 - DEBUG - Starting new HTTP connection (1): localhost:11434
2023-12-20 01:51:19,804 - DEBUG - http://localhost:11434 "POST /api/generate HTTP/1.1" 200 None
2023-12-20 01:51:27,507 - DEBUG - Encoding detection: ascii is most likely the one.
2023-12-20 01:51:27,508 - INFO - 
-------------generate result-------------
 The unit test for the `getReqestParams` method in the Java source code with JUnit should be written as follows:
```java
package org.jeecg.common.aspect;

import org.junit.jupiter.api.*;
import static org.junit.jupiter.api.Assertions.*;

public class AutoLogAspectTest {
    @Test
    public void getReqestParamsTest() {
        // Arrange
        HttpServletRequest request = Mockito.mock(HttpServletRequest.class);
        JoinPoint joinPoint = Mockito.mock(JoinPoint.class);
        
        String expectedParams = "";
        
        // Act
        String actualParams = AutoLogAspect.getReqestParams(request, joinPoint);
        
        // Assert
        assertEquals(expectedParams, actualParams);
    }
}
```
In the above code, we have created mock objects for `HttpServletRequest` and `JoinPoint`. We have also set up the expected output value for `getReqestParams()` method.

In the `Act` section, we are calling the `getReqestParams()` method with the mocked request and join point object as input parameters.

Finally, in the `Assert` section, we are comparing the actual output of `getReqestParams()` method with the expected output value. If they match, then the test case passes. Otherwise, it fails.----------------------------------

2023-12-20 01:51:27,508 - INFO - No.3 generated result for generate_result/jeecg-boot_out/AutoLogAspect_getReqestParams_0/SourceCodeOnly/ -- 

2023-12-20 01:51:27,509 - DEBUG - Starting new HTTP connection (1): localhost:11434
2023-12-20 01:51:28,866 - DEBUG - http://localhost:11434 "POST /api/generate HTTP/1.1" 200 None
2023-12-20 01:51:40,535 - DEBUG - Encoding detection: ascii is most likely the one.
2023-12-20 01:51:40,536 - INFO - 
-------------generate result-------------
 
@Test
public void getReqestParamsTest() {
    String httpMethod = "GET";
    HttpServletRequest request = mock(HttpServletRequest.class);
    when(request.getMethod()).thenReturn(httpMethod);
    JoinPoint joinPoint = mock(JoinPoint.class);
    Object[] args = new Object[]{};
    when(joinPoint.getArgs()).thenReturn(args);
    String params = getReqestParams(request, joinPoint);
    assertEquals("", params);
}

@Test
public void getReqestParamsTest_POST() {
    String httpMethod = "POST";
    HttpServletRequest request = mock(HttpServletRequest.class);
    when(request.getMethod()).thenReturn(httpMethod);
    JoinPoint joinPoint = mock(JoinPoint.class);
    Object[] args = new Object[]{};
    when(joinPoint.getArgs()).thenReturn(args);
    String params = getReqestParams(request, joinPoint);
    assertEquals("", params);
}

@Test
public void getReqestParamsTest_PUT() {
    String httpMethod = "PUT";
    HttpServletRequest request = mock(HttpServletRequest.class);
    when(request.getMethod()).thenReturn(httpMethod);
    JoinPoint joinPoint = mock(JoinPoint.class);
    Object[] args = new Object[]{};
    when(joinPoint.getArgs()).thenReturn(args);
    String params = getReqestParams(request, joinPoint);
    assertEquals("", params);
}

@Test
public void getReqestParamsTest_PATCH() {
    String httpMethod = "PATCH";
    HttpServletRequest request = mock(HttpServletRequest.class);
    when(request.getMethod()).thenReturn(httpMethod);
    JoinPoint joinPoint = mock(JoinPoint.class);
    Object[] args = new Object[]{};
    when(joinPoint.getArgs()).thenReturn(args);
    String params = getReqestParams(request, joinPoint);
    assertEquals("", params);
}----------------------------------

2023-12-20 01:51:40,537 - INFO - No.4 generated result for generate_result/jeecg-boot_out/AutoLogAspect_getReqestParams_0/SourceCodeOnly/ -- 

2023-12-20 01:51:40,538 - DEBUG - Starting new HTTP connection (1): localhost:11434
2023-12-20 01:51:41,893 - DEBUG - http://localhost:11434 "POST /api/generate HTTP/1.1" 200 None
2023-12-20 01:51:50,163 - DEBUG - Encoding detection: ascii is most likely the one.
2023-12-20 01:51:50,164 - INFO - 
-------------generate result-------------
 The provided JUnit test case is incomplete and needs to be completed with the actual implementation of the `getReqestParamsTest` method.

Here's an example of how you can complete the test:
```java
package org.jeecg.common.aspect;

import org.junit.jupiter.api.*;
import static org.junit.jupiter.api.Assertions.*;

public class AutoLogAspectTest {
    @Test
    public void getReqestParamsTest() {
        // Set up the test data
        HttpServletRequest request = mock(HttpServletRequest.class);
        JoinPoint joinPoint = mock(JoinPoint.class);
        when(request.getMethod()).thenReturn("POST");
        Object[] paramsArray = new Object[1];
        paramsArray[0] = "testParam";
        when(joinPoint.getArgs()).thenReturn(paramsArray);

        // Call the method being tested
        String result = getReqestParams(request, joinPoint);

        // Verify that the expected result is returned
        assertEquals("{\"args\":[\"testParam\"]}", result);
    }
}
```
In this example, we mock the `HttpServletRequest` and `JoinPoint` objects to create test data. We then call the `getReqestParams` method with these mocked objects as input and verify that the expected result is returned.

You can modify the test case as per your requirement by modifying the test data, changing the expected output, etc.----------------------------------

2023-12-20 01:51:50,164 - INFO - No.5 generated result for generate_result/jeecg-boot_out/AutoLogAspect_getReqestParams_0/SourceCodeOnly/ -- 

2023-12-20 01:51:50,165 - DEBUG - Starting new HTTP connection (1): localhost:11434
2023-12-20 01:51:51,521 - DEBUG - http://localhost:11434 "POST /api/generate HTTP/1.1" 200 None
2023-12-20 01:51:56,126 - DEBUG - Encoding detection: ascii is most likely the one.
2023-12-20 01:51:56,127 - INFO - 
-------------generate result-------------
 
package org.jeecg.common.aspect;

import org.junit.jupiter.api.*;
import static org.junit.jupiter.api.Assertions.*;

public class AutoLogAspectTest {
    @Test
    public void getReqestParamsTest() {
        HttpServletRequest request = Mockito.mock(HttpServletRequest.class);
        JoinPoint joinPoint = Mockito.mock(JoinPoint.class);
        
        when(request.getMethod()).thenReturn("POST");
        when(joinPoint.getArgs()).thenReturn(new Object[] { "param1", "param2" });
        
        String params = getReqestParams(request, joinPoint);
        assertEquals("{\"param1\":\"param1\",\"param2\":\"param2\"}", params);
    }
}----------------------------------

2023-12-20 01:51:56,127 - INFO - No.6 generated result for generate_result/jeecg-boot_out/AutoLogAspect_getReqestParams_0/SourceCodeOnly/ -- 

2023-12-20 01:51:56,128 - DEBUG - Starting new HTTP connection (1): localhost:11434
2023-12-20 01:51:57,486 - DEBUG - http://localhost:11434 "POST /api/generate HTTP/1.1" 200 None
2023-12-20 01:52:06,380 - DEBUG - Encoding detection: ascii is most likely the one.
2023-12-20 01:52:06,382 - INFO - 
-------------generate result-------------
 
Here is a possible implementation of the `getReqestParamsTest()` method:
```java
@Test
public void getReqestParamsTest() {
    HttpServletRequest request = mock(HttpServletRequest.class);
    when(request.getMethod()).thenReturn("POST");

    JoinPoint joinPoint = mock(JoinPoint.class);
    Object[] paramsArray = new Object[2];
    paramsArray[0] = "param1";
    paramsArray[1] = "param2";
    when(joinPoint.getArgs()).thenReturn(paramsArray);

    AutoLogAspect aspect = new AutoLogAspect();
    String actualParams = aspect.getReqestParams(request, joinPoint);

    assertEquals("{\"param1\":\"param1\",\"param2\":\"param2\"}", actualParams);
}
```
In this implementation, we create a mock `HttpServletRequest` object and set its `getMethod()` method to return "POST". We then create a mock `JoinPoint` object and set its `getArgs()` method to return an array of two strings, which will be used as the request parameters.

We then create a new instance of the `AutoLogAspect` class and call its `getReqestParams()` method with the mock `HttpServletRequest` and `JoinPoint` objects as arguments. We assert that the returned value is equal to the expected JSON string.

Note that we use JUnit's `assertEquals()` method to compare the actual result with the expected result. If the two values are not equal, the test will fail and an error message will be displayed indicating the mismatch between the expected and actual results.----------------------------------

2023-12-20 01:52:06,382 - INFO - No.7 generated result for generate_result/jeecg-boot_out/AutoLogAspect_getReqestParams_0/SourceCodeOnly/ -- 

2023-12-20 01:52:06,383 - DEBUG - Starting new HTTP connection (1): localhost:11434
2023-12-20 01:52:07,738 - DEBUG - http://localhost:11434 "POST /api/generate HTTP/1.1" 200 None
2023-12-20 01:52:15,101 - DEBUG - Encoding detection: ascii is most likely the one.
2023-12-20 01:52:15,102 - INFO - 
-------------generate result-------------
 
The provided code is a Java method that takes an `HttpServletRequest` and a `JoinPoint` as parameters, and returns a `String`. The method uses the `getMethod()` method of the `HttpServletRequest` class to get the HTTP request method, which can be either "POST", "PUT", or "PATCH".

If the request method is one of these three methods, the method creates an array of objects that represent the parameters passed in the request. It then iterates over this array and checks if each object is an instance of `BindingResult`, `ServletRequest`, `ServletResponse`, or `MultipartFile`. If it is not any of these types, it adds it to a new array called `arguments`.

After that, the method creates a `PropertyFilter` object and sets its `apply()` method to return `false` if the length of the value parameter is greater than 500. It then uses this filter to convert the `arguments` array into a JSON string using the `JSONObject.toJSONString()` method.

If the request method is not one of these three methods, the method creates an instance of `LocalVariableTableParameterNameDiscoverer`, which is used to get the parameter names of the request method. It then iterates over the arguments and parameters arrays and adds them to a string with the format "  {parameter name}: {argument value}".

Finally, the method returns this string as its result.----------------------------------

2023-12-20 01:52:15,103 - INFO - No.8 generated result for generate_result/jeecg-boot_out/AutoLogAspect_getReqestParams_0/SourceCodeOnly/ -- 

2023-12-20 01:52:15,104 - DEBUG - Starting new HTTP connection (1): localhost:11434
2023-12-20 01:52:16,462 - DEBUG - http://localhost:11434 "POST /api/generate HTTP/1.1" 200 None
2023-12-20 01:52:21,106 - DEBUG - Encoding detection: ascii is most likely the one.
2023-12-20 01:52:21,107 - INFO - 
-------------generate result-------------
 
package org.jeecg.common.aspect;

import org.junit.jupiter.api.*;
import static org.junit.jupiter.api.Assertions.*;

public class AutoLogAspectTest {
    @Test
    public void getReqestParamsTest() {
        HttpServletRequest request = new MockHttpServletRequest();
        JoinPoint joinPoint = new JoinPointStub();
        
        String params = AutoLogAspect.getReqestParams(request, joinPoint);
        
        assertEquals("", params);
    }
}

The above test case will pass if the `getReqestParams` method in the `AutoLogAspect` class returns an empty string when both `HttpServletRequest` and `JoinPoint` are null. You can modify the test case as per your requirement to cover different scenarios.----------------------------------

2023-12-20 01:52:21,107 - INFO - No.9 generated result for generate_result/jeecg-boot_out/AutoLogAspect_getReqestParams_0/SourceCodeOnly/ -- 

2023-12-20 01:52:21,108 - DEBUG - Starting new HTTP connection (1): localhost:11434
2023-12-20 01:52:22,461 - DEBUG - http://localhost:11434 "POST /api/generate HTTP/1.1" 200 None
2023-12-20 01:52:29,502 - DEBUG - Encoding detection: ascii is most likely the one.
2023-12-20 01:52:29,503 - INFO - 
-------------generate result-------------
 
Here is the completed JUnit test case for the `getReqestParams` method:
```java
package org.jeecg.common.aspect;

import org.junit.jupiter.api.*;
import static org.junit.jupiter.api.Assertions.*;

public class AutoLogAspectTest {
    @Test
    public void getReqestParamsTest() {
        // Arrange
        HttpServletRequest request = new MockHttpServletRequest();
        JoinPoint joinPoint = new MockJoinPoint(request);
        
        // Act
        String params = getReqestParams(request, joinPoint);
        
        // Assert
        assertEquals("", params);
    }
}
```
In the above test case, we have created a `MockHttpServletRequest` and a `MockJoinPoint` objects to simulate the request and the JoinPoint objects that are passed into the method. We then called the `getReqestParams` method with these two mock objects as arguments and verified that it returns an empty string.

Note that we have also used JUnit's `@Test` annotation to mark this method as a test case, and JUnit's `assertEquals` method to verify that the return value of the `getReqestParams` method is equal to the expected output.----------------------------------

2023-12-20 01:52:29,503 - INFO - No.10 generated result for generate_result/jeecg-boot_out/AutoLogAspect_getReqestParams_0/SourceCodeOnly/ -- 

2023-12-20 01:52:29,504 - DEBUG - Starting new HTTP connection (1): localhost:11434
2023-12-20 01:52:30,858 - DEBUG - http://localhost:11434 "POST /api/generate HTTP/1.1" 200 None
2023-12-20 01:52:35,376 - DEBUG - Encoding detection: ascii is most likely the one.
2023-12-20 01:52:35,377 - INFO - 
-------------generate result-------------
 
package org.jeecg.common.aspect;

import org.junit.jupiter.api.*;
import static org.junit.jupiter.api.Assertions.*;

public class AutoLogAspectTest {
    @Test
    public void getReqestParamsTest() {
        HttpServletRequest request = mock(HttpServletRequest.class);
        when(request.getMethod()).thenReturn("GET");
        
        JoinPoint joinPoint = mock(JoinPoint.class);
        Object[] args = new Object[] {"arg1", "arg2"};
        when(joinPoint.getArgs()).thenReturn(args);
        
        String params = getReqestParams(request, joinPoint);
        assertEquals("GET arg1: arg1, arg2: arg2", params);
    }
}----------------------------------

2023-12-20 01:52:35,378 - INFO - 
-------------source code-------------
 
private String getReqestParams(HttpServletRequest request, JoinPoint joinPoint) {
    String httpMethod = request.getMethod();
    String params = "";
    if (CommonConstant.HTTP_POST.equals(httpMethod) || CommonConstant.HTTP_PUT.equals(httpMethod) || CommonConstant.HTTP_PATCH.equals(httpMethod)) {
        Object[] paramsArray = joinPoint.getArgs();
        // java.lang.IllegalStateException: It is illegal to call this method if the current request is not in asynchronous mode (i.e. isAsyncStarted() returns false)
        //  https://my.oschina.net/mengzhang6/blog/2395893
        Object[] arguments  = new Object[paramsArray.length];
        for (int i = 0; i < paramsArray.length; i++) {
            if (paramsArray[i] instanceof BindingResult || paramsArray[i] instanceof ServletRequest || paramsArray[i] instanceof ServletResponse || paramsArray[i] instanceof MultipartFile) {
                //ServletRequest不能序列化，从入参里排除，否则报异常：java.lang.IllegalStateException: It is illegal to call this method if the current request is not in asynchronous mode (i.e. isAsyncStarted() returns false)
                //ServletResponse不能序列化 从入参里排除，否则报异常：java.lang.IllegalStateException: getOutputStream() has already been called for this response
                continue;
            }
            arguments[i] = paramsArray[i];
        }
        //update-begin-author:taoyan date:20200724 for:日志数据太长的直接过滤掉
        PropertyFilter profilter = new PropertyFilter() {
            @Override
            public boolean apply(Object o, String name, Object value) {
                int length = 500;
                if(value!=null && value.toString().length()>length){
                    return false;
                }
                return true;
            }
        };
        params = JSONObject.toJSONString(arguments, profilter);
        //update-end-author:taoyan date:20200724 for:日志数据太长的直接过滤掉
    } else {
        MethodSignature signature = (MethodSignature) joinPoint.getSignature();
        Method method = signature.getMethod();
        // 请求的方法参数值
        Object[] args = joinPoint.getArgs();
        // 请求的方法参数名称
        LocalVariableTableParameterNameDiscoverer u = new LocalVariableTableParameterNameDiscoverer();
        String[] paramNames = u.getParameterNames(method);
        if (args != null && paramNames != null) {
            for (int i = 0; i < args.length; i++) {
                params += "  " + paramNames[i] + ": " + args[i];
            }
        }
    }
    return params;
}
----------------------------------

2023-12-20 01:52:35,378 - INFO - No.1 generated result for generate_result/jeecg-boot_out/AutoLogAspect_getReqestParams_0/SourceCode&Full/ -- 

2023-12-20 01:52:35,379 - DEBUG - Starting new HTTP connection (1): localhost:11434
2023-12-20 01:52:38,114 - DEBUG - http://localhost:11434 "POST /api/generate HTTP/1.1" 200 None
2023-12-20 01:52:45,430 - DEBUG - Encoding detection: utf_8 is most likely the one.
2023-12-20 01:52:45,431 - INFO - 
-------------generate result-------------
 
package org.jeecg.common.aspect;
import com.alibaba.fastjson.JSONObject;
import lombok.extern.slf4j.Slf4j;
import org.apache.commons.lang3.StringUtils;
import org.aspectj.lang.JoinPoint;
import org.jeecg.common.api.vo.Result;
import org.jeecg.common.constant.CommonConstant;
import org.jeecg.common.util.IPUtils;
import org.springframework.stereotype.Component;
import javax.servlet.http.HttpServletResponse;
/**
 * 在线程中打印日志，建议使用slf4j的方式
 */
@Slf4j
@Component
public class Slf4jLog {
    private static final String REQUEST_ID = "Request-Id";
    /**
     * 打印接口执行结果，记录请求、入参和出参
     * @param result  接口返回的对象
     */
    public void log(Result<?> result) {
        log.info("{}:{}", result.getCode(), result.getMsg());
    }
}
----------------------------------

2023-12-20 01:52:45,431 - INFO - No.2 generated result for generate_result/jeecg-boot_out/AutoLogAspect_getReqestParams_0/SourceCode&Full/ -- 

2023-12-20 01:52:45,432 - DEBUG - Starting new HTTP connection (1): localhost:11434
2023-12-20 01:52:48,168 - DEBUG - http://localhost:11434 "POST /api/generate HTTP/1.1" 200 None
2023-12-20 01:52:48,329 - DEBUG - Encoding detection: ascii is most likely the one.
2023-12-20 01:52:48,330 - INFO - 
-------------generate result-------------
 
[PRIVATE]----------------------------------

2023-12-20 01:52:48,330 - INFO - No.3 generated result for generate_result/jeecg-boot_out/AutoLogAspect_getReqestParams_0/SourceCode&Full/ -- 

2023-12-20 01:52:48,331 - DEBUG - Starting new HTTP connection (1): localhost:11434
2023-12-20 01:52:51,030 - DEBUG - http://localhost:11434 "POST /api/generate HTTP/1.1" 200 None
2023-12-20 01:55:48,330 - ERROR - 
2023-12-20 01:55:48,331 - INFO - No.4 generated result for generate_result/jeecg-boot_out/AutoLogAspect_getReqestParams_0/SourceCode&Full/ -- 

2023-12-20 01:55:48,332 - DEBUG - Starting new HTTP connection (1): localhost:11434
2023-12-20 01:58:48,331 - ERROR - 
2023-12-20 01:58:48,331 - INFO - No.5 generated result for generate_result/jeecg-boot_out/AutoLogAspect_getReqestParams_0/SourceCode&Full/ -- 

2023-12-20 01:58:48,332 - DEBUG - Starting new HTTP connection (1): localhost:11434
2023-12-20 02:01:48,331 - ERROR - 
2023-12-20 02:01:48,332 - INFO - No.6 generated result for generate_result/jeecg-boot_out/AutoLogAspect_getReqestParams_0/SourceCode&Full/ -- 

2023-12-20 02:01:48,333 - DEBUG - Starting new HTTP connection (1): localhost:11434
2023-12-20 02:04:48,332 - ERROR - 
2023-12-20 02:04:48,332 - INFO - No.7 generated result for generate_result/jeecg-boot_out/AutoLogAspect_getReqestParams_0/SourceCode&Full/ -- 

2023-12-20 02:04:48,333 - DEBUG - Starting new HTTP connection (1): localhost:11434
2023-12-20 02:07:48,333 - ERROR - 
2023-12-20 02:07:48,333 - INFO - No.8 generated result for generate_result/jeecg-boot_out/AutoLogAspect_getReqestParams_0/SourceCode&Full/ -- 

2023-12-20 02:07:48,334 - DEBUG - Starting new HTTP connection (1): localhost:11434
2023-12-20 02:10:48,333 - ERROR - 
2023-12-20 02:10:48,333 - INFO - No.9 generated result for generate_result/jeecg-boot_out/AutoLogAspect_getReqestParams_0/SourceCode&Full/ -- 

2023-12-20 02:10:48,334 - DEBUG - Starting new HTTP connection (1): localhost:11434
2023-12-20 02:11:05,056 - DEBUG - http://localhost:11434 "POST /api/generate HTTP/1.1" 200 None
2023-12-20 02:11:05,238 - DEBUG - Encoding detection: ascii is most likely the one.
2023-12-20 02:11:05,239 - INFO - 
-------------generate result-------------
 ### Request:----------------------------------

2023-12-20 02:11:05,239 - INFO - No.10 generated result for generate_result/jeecg-boot_out/AutoLogAspect_getReqestParams_0/SourceCode&Full/ -- 

2023-12-20 02:11:05,240 - DEBUG - Starting new HTTP connection (1): localhost:11434
2023-12-20 02:11:07,919 - DEBUG - http://localhost:11434 "POST /api/generate HTTP/1.1" 200 None
2023-12-20 02:11:09,478 - DEBUG - Encoding detection: ascii is most likely the one.
2023-12-20 02:11:09,479 - INFO - 
-------------generate result-------------
 package org.jeecg.common.aspect;

import java.io.Serializable;
import lombok.Data;
@Data
public class RequestLog implements Serializable {
    private String httpMethod;
    private String requestUri;
    private long costTime;
}----------------------------------

2023-12-20 02:11:09,479 - INFO - 
-------------source code-------------
 
private String getReqestParams(HttpServletRequest request, JoinPoint joinPoint) {
    String httpMethod = request.getMethod();
    String params = "";
    if (CommonConstant.HTTP_POST.equals(httpMethod) || CommonConstant.HTTP_PUT.equals(httpMethod) || CommonConstant.HTTP_PATCH.equals(httpMethod)) {
        Object[] paramsArray = joinPoint.getArgs();
        // java.lang.IllegalStateException: It is illegal to call this method if the current request is not in asynchronous mode (i.e. isAsyncStarted() returns false)
        //  https://my.oschina.net/mengzhang6/blog/2395893
        Object[] arguments  = new Object[paramsArray.length];
        for (int i = 0; i < paramsArray.length; i++) {
            if (paramsArray[i] instanceof BindingResult || paramsArray[i] instanceof ServletRequest || paramsArray[i] instanceof ServletResponse || paramsArray[i] instanceof MultipartFile) {
                //ServletRequest不能序列化，从入参里排除，否则报异常：java.lang.IllegalStateException: It is illegal to call this method if the current request is not in asynchronous mode (i.e. isAsyncStarted() returns false)
                //ServletResponse不能序列化 从入参里排除，否则报异常：java.lang.IllegalStateException: getOutputStream() has already been called for this response
                continue;
            }
            arguments[i] = paramsArray[i];
        }
        //update-begin-author:taoyan date:20200724 for:日志数据太长的直接过滤掉
        PropertyFilter profilter = new PropertyFilter() {
            @Override
            public boolean apply(Object o, String name, Object value) {
                int length = 500;
                if(value!=null && value.toString().length()>length){
                    return false;
                }
                return true;
            }
        };
        params = JSONObject.toJSONString(arguments, profilter);
        //update-end-author:taoyan date:20200724 for:日志数据太长的直接过滤掉
    } else {
        MethodSignature signature = (MethodSignature) joinPoint.getSignature();
        Method method = signature.getMethod();
        // 请求的方法参数值
        Object[] args = joinPoint.getArgs();
        // 请求的方法参数名称
        LocalVariableTableParameterNameDiscoverer u = new LocalVariableTableParameterNameDiscoverer();
        String[] paramNames = u.getParameterNames(method);
        if (args != null && paramNames != null) {
            for (int i = 0; i < args.length; i++) {
                params += "  " + paramNames[i] + ": " + args[i];
            }
        }
    }
    return params;
}
----------------------------------

2023-12-20 02:11:09,479 - INFO - No.1 generated result for generate_result/jeecg-boot_out/AutoLogAspect_getReqestParams_0/SourceCode&Simple/ -- 

2023-12-20 02:11:09,481 - DEBUG - Starting new HTTP connection (1): localhost:11434
2023-12-20 02:11:11,657 - DEBUG - http://localhost:11434 "POST /api/generate HTTP/1.1" 200 None
2023-12-20 02:11:24,174 - DEBUG - Encoding detection: ascii is most likely the one.
2023-12-20 02:11:24,176 - INFO - 
-------------generate result-------------
 The response to the instruction is as follows:
    
package org.jeecg.common.aspect;

import com.alibaba.fastjson.JSONObject;
import com.alibaba.fastjson.serializer.PropertyFilter;
import org.junit.jupiter.api.*;
import static org.junit.jupiter.api.Assertions.*;

public class AutoLogAspectTest {
    @Test
    public void getReqestParamsTest() {
        HttpServletRequest request = <FILL>;
        JoinPoint joinPoint = <FILL>;
        String httpMethod = request.getMethod();
        if (CommonConstant.HTTP_POST.equals(httpMethod) || CommonConstant.HTTP_PUT.equals(httpMethod) || CommonConstant.HTTP_PATCH.equals(httpMethod)) {
            Object[] paramsArray = joinPoint.getArgs();
            PropertyFilter profilter = new PropertyFilter() {
                @Override
                public boolean apply(Object o, String name, Object value) {
                    int length = 500;
                    if(value!=null && value.toString().length()>length){
                        return false;
                    }
                    return true;
                }
            };
            JSONObject jsonObject = new JSONObject();
            for (int i = 0; i < paramsArray.length; i++) {
                if (paramsArray[i] instanceof BindingResult || paramsArray[i] instanceof ServletRequest || paramsArray[i] instanceof ServletResponse || paramsArray[i] instanceof MultipartFile) {
                    continue;
                }
                jsonObject.put("arg" + i, paramsArray[i]);
            }
            String result = JSONObject.toJSONString(jsonObject, profilter);
            assertEquals("<expected value>", result);
        } else {
            MethodSignature signature = (MethodSignature) joinPoint.getSignature();
            Method method = signature.getMethod();
            Object[] args = joinPoint.getArgs();
            LocalVariableTableParameterNameDiscoverer u = new LocalVariableTableParameterNameDiscoverer();
            String[] paramNames = u.getParameterNames(method);
            assertEquals("<expected value>", paramNames[0]);
        }
    }
}----------------------------------

2023-12-20 02:11:24,176 - INFO - No.2 generated result for generate_result/jeecg-boot_out/AutoLogAspect_getReqestParams_0/SourceCode&Simple/ -- 

2023-12-20 02:11:24,177 - DEBUG - Starting new HTTP connection (1): localhost:11434
2023-12-20 02:11:26,397 - DEBUG - http://localhost:11434 "POST /api/generate HTTP/1.1" 200 None
2023-12-20 02:11:35,996 - DEBUG - Encoding detection: ascii is most likely the one.
2023-12-20 02:11:35,997 - INFO - 
-------------generate result-------------
 The `getReqestParams` method is used to extract the request parameters from an HTTP request and return them as a string. It takes two arguments: an `HttpServletRequest` object, which represents the incoming HTTP request, and a `JoinPoint` object, which provides information about the current method invocation.

Here's an example test case for the `getReqestParams` method using JUnit 5:
```java
import org.junit.jupiter.api.Test;
import static org.junit.jupiter.api.Assertions.*;
import javax.servlet.http.HttpServletRequest;
import org.jeecg.common.aspect.AutoLogAspect;

public class AutoLogAspectTest {
    @Test
    public void getReqestParamsTest() {
        // Create a mock HTTP request object
        HttpServletRequest request = Mockito.mock(HttpServletRequest.class);
        
        // Set up the expected parameters for the test
        String expectedParams = "param1=value1&param2=value2";
        
        // Call the method under test
        String actualParams = AutoLogAspect.getReqestParams(request, null);
        
        // Verify that the method returned the expected parameters
        assertEquals(expectedParams, actualParams);
    }
}
```
In this example, we create a mock `HttpServletRequest` object and set up the expected parameters for the test. We then call the `getReqestParams` method with our mock request object and verify that it returns the expected parameters using the JUnit `assertEquals` method.

Note that we are not actually making any HTTP requests in this example, but rather using a mocked version of the `HttpServletRequest` object to simulate an HTTP request for testing purposes.----------------------------------

2023-12-20 02:11:35,998 - INFO - No.3 generated result for generate_result/jeecg-boot_out/AutoLogAspect_getReqestParams_0/SourceCode&Simple/ -- 

2023-12-20 02:11:35,999 - DEBUG - Starting new HTTP connection (1): localhost:11434
2023-12-20 02:11:38,217 - DEBUG - http://localhost:11434 "POST /api/generate HTTP/1.1" 200 None
2023-12-20 02:11:42,438 - DEBUG - Encoding detection: ascii is most likely the one.
2023-12-20 02:11:42,439 - INFO - 
-------------generate result-------------
 @Test
public void getReqestParamsTest() {
    HttpServletRequest request = Mockito.mock(HttpServletRequest.class);
    when(request.getMethod()).thenReturn("POST");
    
    JoinPoint joinPoint = Mockito.mock(JoinPoint.class);
    Object[] paramsArray = new Object[2];
    paramsArray[0] = "param1";
    paramsArray[1] = "param2";
    when(joinPoint.getArgs()).thenReturn(paramsArray);
    
    AutoLogAspect aspect = new AutoLogAspect();
    String params = aspect.getReqestParams(request, joinPoint);
    assertEquals("{\"param1\":\"param1\", \"param2\":\"param2\"}", params);
}----------------------------------

2023-12-20 02:11:42,439 - INFO - No.4 generated result for generate_result/jeecg-boot_out/AutoLogAspect_getReqestParams_0/SourceCode&Simple/ -- 

2023-12-20 02:11:42,440 - DEBUG - Starting new HTTP connection (1): localhost:11434
2023-12-20 02:11:44,659 - DEBUG - http://localhost:11434 "POST /api/generate HTTP/1.1" 200 None
2023-12-20 02:11:57,122 - DEBUG - Encoding detection: ascii is most likely the one.
2023-12-20 02:11:57,124 - INFO - 
-------------generate result-------------
 The `getReqestParams` method is used to get the parameters of an HTTP request. It takes two arguments: `HttpServletRequest` and `JoinPoint`. The first argument is an instance of `HttpServletRequest`, which represents the client's request, and the second argument is a proxy for a join point in the program.

The method uses these two arguments to construct a string representation of the parameters of the HTTP request. It does this by getting the request's method (e.g., GET, POST, PUT, etc.) and then retrieving the corresponding arguments from the join point. If the request is a POST, PUT, or PATCH request, it uses the `JSONObject` class to convert the arguments into a JSON string. Otherwise, it uses a `LocalVariableTableParameterNameDiscoverer` object to get the parameter names and values of the method being called.

Here's an example test case for this method:
```java
@Test
public void getReqestParamsTest() {
    HttpServletRequest request = new MockHttpServletRequest();
    request.setMethod("POST");
    JoinPoint joinPoint = new MethodJoinPoint(new Object(), "testMethod", new Object[] {"arg1", "arg2"});
    
    String params = getReqestParams(request, joinPoint);
    assertEquals("{\"arg1\":\"val1\",\"arg2\":\"val2\"}", params);
}
```
In this example, we create a `MockHttpServletRequest` object to simulate an HTTP request. We set the method of the request to "POST". Then, we create a `JoinPoint` object that represents a join point in our program. The `testMethod` method takes two arguments: `"arg1"` and `"arg2"`.

We then call the `getReqestParams` method with the `request` and `joinPoint` objects as arguments. This should return a JSON string representation of the request parameters, which we can then assert against. In this case, we expect the JSON string to contain two key-value pairs: `"arg1": "val1"` and `"arg2": "val2"`.

Note that this is just one example test case for the `getReqestParams` method. Depending on your specific requirements, you may need to write additional test cases to ensure that the method works correctly in all possible scenarios.----------------------------------

2023-12-20 02:11:57,124 - INFO - No.5 generated result for generate_result/jeecg-boot_out/AutoLogAspect_getReqestParams_0/SourceCode&Simple/ -- 

2023-12-20 02:11:57,125 - DEBUG - Starting new HTTP connection (1): localhost:11434
2023-12-20 02:11:59,354 - DEBUG - http://localhost:11434 "POST /api/generate HTTP/1.1" 200 None
2023-12-20 02:12:02,870 - DEBUG - Encoding detection: ascii is most likely the one.
2023-12-20 02:12:02,870 - INFO - 
-------------generate result-------------
 @Test
public void getReqestParamsTest() {
    // Arrange
    HttpServletRequest request = Mockito.mock(HttpServletRequest.class);
    JoinPoint joinPoint = Mockito.mock(JoinPoint.class);
    Object[] args = new Object[1];
    args[0] = "test";
    when(joinPoint.getArgs()).thenReturn(args);
    when(request.getMethod()).thenReturn("POST");
    
    // Act
    String result = AutoLogAspect.getReqestParams(request, joinPoint);
    
    // Assert
    assertEquals("test", result);
}----------------------------------

2023-12-20 02:12:02,871 - INFO - No.6 generated result for generate_result/jeecg-boot_out/AutoLogAspect_getReqestParams_0/SourceCode&Simple/ -- 

2023-12-20 02:12:02,872 - DEBUG - Starting new HTTP connection (1): localhost:11434
2023-12-20 02:12:05,055 - DEBUG - http://localhost:11434 "POST /api/generate HTTP/1.1" 200 None
2023-12-20 02:12:22,133 - DEBUG - Encoding detection: ascii is most likely the one.
2023-12-20 02:12:22,135 - INFO - 
-------------generate result-------------
 
package org.jeecg.common.aspect;

import com.alibaba.fastjson.JSONObject;
import com.alibaba.fastjson.serializer.PropertyFilter;
import org.apache.shiro.SecurityUtils;
import org.aspectj.lang.JoinPoint;
import org.aspectj.lang.ProceedingJoinPoint;
import org.aspectj.lang.annotation.Around;
import org.aspectj.lang.annotation.Aspect;
import org.aspectj.lang.annotation.Pointcut;
import org.aspectj.lang.reflect.MethodSignature;
import org.jeecg.common.api.dto.LogDTO;
import org.jeecg.common.api.vo.Result;
import org.jeecg.common.aspect.annotation.AutoLog;
import org.jeecg.common.constant.CommonConstant;
import org.jeecg.common.constant.enums.ModuleType;
import org.jeecg.common.constant.enums.OperateTypeEnum;
import org.jeecg.modules.base.service.BaseCommonService;
import org.jeecg.common.system.vo.LoginUser;
import org.jeecg.common.util.IpUtils;
import org.jeecg.common.util.SpringContextUtils;
import org.jeecg.common.util.oConvertUtils;
import org.springframework.core.LocalVariableTableParameterNameDiscoverer;
import org.springframework.stereotype.Component;
import org.springframework.validation.BindingResult;
import org.springframework.web.multipart.MultipartFile;
import javax.annotation.Resource;
import javax.servlet.ServletRequest;
import javax.servlet.ServletResponse;
import javax.servlet.http.HttpServletRequest;
import java.lang.reflect.Method;
import java.util.Date;

@Aspect
@Component
public class AutoLogAspect {
    private BaseCommonService baseCommonService;

    public  logPointCut();

    public Object around(ProceedingJoinPoint point)throws Throwable;

    private  saveSysLog(ProceedingJoinPoint joinPoint, long time, Object obj);

    private int getOperateType(String methodName, int operateType);

    private String getReqestParams(HttpServletRequest request, JoinPoint joinPoint);

    private String getOnlineLogContent(Object obj, String content);
}

@Aspect
@Component
public class AutoLogAspectTest {
    @Autowired
    private BaseCommonService baseCommonService;

    @Test
    public void getReqestParamsTest() {
        HttpServletRequest request = new MockHttpServletRequest();
        JoinPoint joinPoint = new MethodInvocation(new Object(), new Class[]{}, null, null);
        String paramsStr = AutoLogAspect.getReqestParams(request, joinPoint);
        assertEquals("", paramsStr);
    }
}----------------------------------

2023-12-20 02:12:22,136 - INFO - No.7 generated result for generate_result/jeecg-boot_out/AutoLogAspect_getReqestParams_0/SourceCode&Simple/ -- 

2023-12-20 02:12:22,137 - DEBUG - Starting new HTTP connection (1): localhost:11434
2023-12-20 02:12:24,362 - DEBUG - http://localhost:11434 "POST /api/generate HTTP/1.1" 200 None
2023-12-20 02:12:32,816 - DEBUG - Encoding detection: ascii is most likely the one.
2023-12-20 02:12:32,818 - INFO - 
-------------generate result-------------
 Here is an example of a JUnit test case for the `getReqestParams` method:
```java
package org.jeecg.common.aspect;

import static org.junit.jupiter.api.Assertions.*;
import org.junit.jupiter.api.Test;
import org.springframework.mock.web.MockHttpServletRequest;
import org.springframework.mock.web.MockHttpServletResponse;

public class AutoLogAspectTest {
    @Test
    public void getReqestParamsTest() {
        // Create a mock HTTP request and response objects
        MockHttpServletRequest request = new MockHttpServletRequest();
        MockHttpServletResponse response = new MockHttpServletResponse();
        
        // Set up the test data
        String httpMethod = "GET";
        Object[] paramsArray = {1, 2, 3};
        JoinPoint joinPoint = new JoinPoint(request, response);
        
        // Call the method being tested
        String result = AutoLogAspect.getReqestParams(httpMethod, paramsArray, joinPoint);
        
        // Verify the results
        assertEquals("1: 1\n2: 2\n3: 3", result);
    }
}
```
This test creates a mock HTTP request and response objects, sets up some test data for the method being tested, calls the method with those parameters, and verifies that the result is as expected.

You can also use other frameworks like Mockito to mock the dependencies and verify the behavior of the methods.----------------------------------

2023-12-20 02:12:32,818 - INFO - No.8 generated result for generate_result/jeecg-boot_out/AutoLogAspect_getReqestParams_0/SourceCode&Simple/ -- 

2023-12-20 02:12:32,819 - DEBUG - Starting new HTTP connection (1): localhost:11434
2023-12-20 02:12:35,043 - DEBUG - http://localhost:11434 "POST /api/generate HTTP/1.1" 200 None
2023-12-20 02:12:38,863 - DEBUG - Encoding detection: ascii is most likely the one.
2023-12-20 02:12:38,864 - INFO - 
-------------generate result-------------
 @Test
public void getReqestParamsTest() {
    HttpServletRequest request = Mockito.mock(HttpServletRequest.class);
    JoinPoint joinPoint = Mockito.mock(JoinPoint.class);
    
    String httpMethod = "POST";
    when(request.getMethod()).thenReturn(httpMethod);
    Object[] paramsArray = new Object[] {1, 2};
    when(joinPoint.getArgs()).thenReturn(paramsArray);
    
    AutoLogAspect aspect = new AutoLogAspect();
    String params = aspect.getReqestParams(request, joinPoint);
    assertEquals("{\"0\":1,\"1\":2}", params);
}----------------------------------

2023-12-20 02:12:38,864 - INFO - No.9 generated result for generate_result/jeecg-boot_out/AutoLogAspect_getReqestParams_0/SourceCode&Simple/ -- 

2023-12-20 02:12:38,865 - DEBUG - Starting new HTTP connection (1): localhost:11434
2023-12-20 02:12:41,050 - DEBUG - http://localhost:11434 "POST /api/generate HTTP/1.1" 200 None
2023-12-20 02:12:43,083 - DEBUG - Encoding detection: ascii is most likely the one.
2023-12-20 02:12:43,083 - INFO - 
-------------generate result-------------
 @Test
public void getReqestParamsTest() {
    HttpServletRequest request = <FILL>; // create a mock HttpServletRequest object
    JoinPoint joinPoint = <FILL>; // create a mock JoinPoint object
    String params = AutoLogAspect.getReqestParams(request, joinPoint);
    assertEquals("<expected_output>", params);
}----------------------------------

2023-12-20 02:12:43,083 - INFO - No.10 generated result for generate_result/jeecg-boot_out/AutoLogAspect_getReqestParams_0/SourceCode&Simple/ -- 

2023-12-20 02:12:43,085 - DEBUG - Starting new HTTP connection (1): localhost:11434
2023-12-20 02:12:45,306 - DEBUG - http://localhost:11434 "POST /api/generate HTTP/1.1" 200 None
2023-12-20 02:12:53,957 - DEBUG - Encoding detection: ascii is most likely the one.
2023-12-20 02:12:53,958 - INFO - 
-------------generate result-------------
 
The `getReqestParams` method in the `AutoLogAspect` class is used to extract request parameters from an HTTP servlet request. The method takes two arguments: a `HttpServletRequest` object and a `JoinPoint` object, which represents the current execution point within the aspect.

Here is an example of how you can use this method in your JUnit test case:
```java
@Test
public void getReqestParamsTest() {
    HttpServletRequest request = mock(HttpServletRequest.class);
    when(request.getMethod()).thenReturn("POST");
    
    JoinPoint joinPoint = mock(JoinPoint.class);
    when(joinPoint.getSignature()).thenReturn(mock(MethodSignature.class));
    Object[] args = new Object[1];
    args[0] = "test";
    when(joinPoint.getArgs()).thenReturn(args);
    
    String params = AutoLogAspect.getReqestParams(request, joinPoint);
    assertEquals("{\"args\":[\"test\"]}", params);
}
```
In this example, we are mocking the `HttpServletRequest` and `JoinPoint` objects to simulate the behavior of an HTTP request and method execution, respectively. We then use the `getReqestParams` method to extract the request parameters from the mocked `request` object and assert that they match the expected values.

Note that in this example, we are only testing a small part of the functionality provided by the `AutoLogAspect` class. You will need to write additional test cases to cover all aspects of the code.----------------------------------

2023-12-20 02:12:53,959 - INFO - 
-------------source code-------------
 
private Object parseDictText(Object result) {
    if (result instanceof Result) {
        if (((Result) result).getResult() instanceof IPage) {
            List<JSONObject> items = new ArrayList<>();

            //step.1 筛选出加了 Dict 注解的字段列表
            List<Field> dictFieldList = new ArrayList<>();
            // 字典数据列表， key = 字典code，value=数据列表
            Map<String, List<String>> dataListMap = new HashMap<>(5);
            //取出结果集
            List<Object> records=((IPage) ((Result) result).getResult()).getRecords();
            //update-begin--Author:zyf -- Date:20220606 ----for：【VUEN-1230】 判断是否含有字典注解,没有注解返回-----
            Boolean hasDict= checkHasDict(records);
            if(!hasDict){
                return result;
            }

            log.debug(" __ 进入字典翻译切面 DictAspect —— " );
            //update-end--Author:zyf -- Date:20220606 ----for：【VUEN-1230】 判断是否含有字典注解,没有注解返回-----
            for (Object record : records) {
                String json="{}";
                try {
                    //update-begin--Author:zyf -- Date:20220531 ----for：【issues/#3629】 DictAspect Jackson序列化报错-----
                    //解决@JsonFormat注解解析不了的问题详见SysAnnouncement类的@JsonFormat
                     json = objectMapper.writeValueAsString(record);
                    //update-end--Author:zyf -- Date:20220531 ----for：【issues/#3629】 DictAspect Jackson序列化报错-----
                } catch (JsonProcessingException e) {
                    log.error("json解析失败"+e.getMessage(),e);
                }
                //update-begin--Author:scott -- Date:20211223 ----for：【issues/3303】restcontroller返回json数据后key顺序错乱 -----
                JSONObject item = JSONObject.parseObject(json, Feature.OrderedField);
                //update-end--Author:scott -- Date:20211223 ----for：【issues/3303】restcontroller返回json数据后key顺序错乱 -----

                //update-begin--Author:scott -- Date:20190603 ----for：解决继承实体字段无法翻译问题------
                //for (Field field : record.getClass().getDeclaredFields()) {
                // 遍历所有字段，把字典Code取出来，放到 map 里
                for (Field field : oConvertUtils.getAllFields(record)) {
                    String value = item.getString(field.getName());
                    if (oConvertUtils.isEmpty(value)) {
                        continue;
                    }
                //update-end--Author:scott  -- Date:20190603 ----for：解决继承实体字段无法翻译问题------
                    if (field.getAnnotation(Dict.class) != null) {
                        if (!dictFieldList.contains(field)) {
                            dictFieldList.add(field);
                        }
                        String code = field.getAnnotation(Dict.class).dicCode();
                        String text = field.getAnnotation(Dict.class).dicText();
                        String table = field.getAnnotation(Dict.class).dictTable();

                        List<String> dataList;
                        String dictCode = code;
                        if (!StringUtils.isEmpty(table)) {
                            dictCode = String.format("%s,%s,%s", table, text, code);
                        }
                        dataList = dataListMap.computeIfAbsent(dictCode, k -> new ArrayList<>());
                        this.listAddAllDeduplicate(dataList, Arrays.asList(value.split(",")));
                    }
                    //date类型默认转换string格式化日期
                    //update-begin--Author:zyf -- Date:20220531 ----for：【issues/#3629】 DictAspect Jackson序列化报错-----
                    //if (JAVA_UTIL_DATE.equals(field.getType().getName())&&field.getAnnotation(JsonFormat.class)==null&&item.get(field.getName())!=null){
                        //SimpleDateFormat aDate=new SimpleDateFormat("yyyy-MM-dd HH:mm:ss");
                        // item.put(field.getName(), aDate.format(new Date((Long) item.get(field.getName()))));
                    //}
                    //update-end--Author:zyf -- Date:20220531 ----for：【issues/#3629】 DictAspect Jackson序列化报错-----
                }
                items.add(item);
            }

            //step.2 调用翻译方法，一次性翻译
            Map<String, List<DictModel>> translText = this.translateAllDict(dataListMap);

            //step.3 将翻译结果填充到返回结果里
            for (JSONObject record : items) {
                for (Field field : dictFieldList) {
                    String code = field.getAnnotation(Dict.class).dicCode();
                    String text = field.getAnnotation(Dict.class).dicText();
                    String table = field.getAnnotation(Dict.class).dictTable();

                    String fieldDictCode = code;
                    if (!StringUtils.isEmpty(table)) {
                        fieldDictCode = String.format("%s,%s,%s", table, text, code);
                    }

                    String value = record.getString(field.getName());
                    if (oConvertUtils.isNotEmpty(value)) {
                        List<DictModel> dictModels = translText.get(fieldDictCode);
                        if(dictModels==null || dictModels.size()==0){
                            continue;
                        }

                        String textValue = this.translDictText(dictModels, value);
                        log.debug(" 字典Val : " + textValue);
                        log.debug(" __翻译字典字段__ " + field.getName() + CommonConstant.DICT_TEXT_SUFFIX + "： " + textValue);

                        // TODO-sun 测试输出，待删
                        log.debug(" ---- dictCode: " + fieldDictCode);
                        log.debug(" ---- value: " + value);
                        log.debug(" ----- text: " + textValue);
                        log.debug(" ---- dictModels: " + JSON.toJSONString(dictModels));

                        record.put(field.getName() + CommonConstant.DICT_TEXT_SUFFIX, textValue);
                    }
                }
            }

            ((IPage) ((Result) result).getResult()).setRecords(items);
        }

    }
    return result;
}
----------------------------------

2023-12-20 02:12:53,959 - INFO - No.1 generated result for generate_result/jeecg-boot_out/DictAspect_parseDictText_1/SourceCodeOnly/ -- 

2023-12-20 02:12:53,960 - DEBUG - Starting new HTTP connection (1): localhost:11434
2023-12-20 02:12:55,425 - DEBUG - http://localhost:11434 "POST /api/generate HTTP/1.1" 200 None
2023-12-20 02:13:01,502 - DEBUG - Encoding detection: utf_8 is most likely the one.
2023-12-20 02:13:01,503 - INFO - 
-------------generate result-------------
 package org.jeecg.modules.common.aspect;

import io.swagger.annotations.ApiOperation;
import lombok.extern.slf4j.Slf4j;
import org.apache.ibatis.javassist.ClassPool;
import org.apache.ibatis.javassist.CtClass;
import org.jeecg.common.api.vo.Result;
import org.jeecg.modules.common.annotation.AutoLog;
import org.springframework.beans.factory.annotation.Autowired;
import org.springframework.web.bind.annotation.*;
import springfox.documentation.annotations.ApiIgnore;

import javax.servlet.http.HttpServletRequest;
import java.lang.reflect.Field;
import java.util.ArrayList;
import java.util.Arrays;
import java.util.List;
import java.util.Map;

/**
 * 字典工具类
 */
@Slf4j
public class DictAspectTest {
    public void parseDictTextTest() {
        <FILL>
    }
}----------------------------------

2023-12-20 02:13:01,503 - INFO - No.2 generated result for generate_result/jeecg-boot_out/DictAspect_parseDictText_1/SourceCodeOnly/ -- 

2023-12-20 02:13:01,504 - DEBUG - Starting new HTTP connection (1): localhost:11434
2023-12-20 02:13:02,965 - DEBUG - http://localhost:11434 "POST /api/generate HTTP/1.1" 200 None
2023-12-20 02:13:08,852 - DEBUG - Encoding detection: utf_8 is most likely the one.
2023-12-20 02:13:08,853 - INFO - 
-------------generate result-------------
 ### Response:
package org.jeecg.common.aspect;

import org.jeecg.modules.system.model.DictModel;

import java.util.HashMap;
import java.util.List;

public class DictAspectTest {
    @Test
    public void parseDictTextTest() {
        HashMap<String, List<DictModel>> dictMap = new HashMap<>();

        String value = "1";
        String dictCode = "sys_user,realname,username";

        List<DictModel> dictList = null;
        if (dictMap.containsKey(dictCode)) {
            dictList = dictMap.get(dictCode);
        } else {
            dictList = new ArrayList<>();
            dictMap.put(dictCode, dictList);
        }

        for (DictModel model : dictList) {
            if (model.getValue().equals(value)) {
                assertEquals("超级管理员", model.getText());
            }
        }
    }
}
    

### Response:----------------------------------

2023-12-20 02:13:08,853 - INFO - No.3 generated result for generate_result/jeecg-boot_out/DictAspect_parseDictText_1/SourceCodeOnly/ -- 

2023-12-20 02:13:08,854 - DEBUG - Starting new HTTP connection (1): localhost:11434
2023-12-20 02:13:10,318 - DEBUG - http://localhost:11434 "POST /api/generate HTTP/1.1" 200 None
2023-12-20 02:13:19,926 - DEBUG - Encoding detection: utf_8 is most likely the one.
2023-12-20 02:13:19,927 - INFO - 
-------------generate result-------------
 @Slf4j
public class DictAspect {
    @Resource
    public RedisUtil redisUtils;

    /**
     * 获取字典值对应的文本值
     */
    @Around("execution(* org.jeecg.modules..service.*Service.queryDictText*(..))")
    public Object parseDictText(ProceedingJoinPoint point) throws Throwable {
        long beginTime = System.currentTimeMillis();
        //获取拦截方法的参数
        Object[] args = point.getArgs();
        String dictCode = (String) args[0];
        String dictText = (String) args[1];
        String realtext = (String) args[2];

        // 缓存的 key
        String cacheKey = null;
        if (!StringUtils.isEmpty(dictCode)) {
            cacheKey = "JC_DICT:" + dictCode + ":" + dictText + ":" + realtext;
        }
        // 从缓存中取
        if (cacheKey != null) {
            String jsonResult = redisUtils.get(cacheKey);
            if (!StringUtils.isEmpty(jsonResult)) {
                return JSONObject.parseArray(jsonResult);
            }
        }

        // 缓存为空，执行数据库查询
        Object result = point.proceed();
        List<DictModel> list = (List<DictModel>) result;

        if (!StringUtils.isEmpty(cacheKey)) {
            redisUtils.set(cacheKey, JSONObject.toJSONString(list));
        }
        return list;
    }
}
    

### Response:----------------------------------

2023-12-20 02:13:19,928 - INFO - No.4 generated result for generate_result/jeecg-boot_out/DictAspect_parseDictText_1/SourceCodeOnly/ -- 

2023-12-20 02:13:19,929 - DEBUG - Starting new HTTP connection (1): localhost:11434
2023-12-20 02:13:21,392 - DEBUG - http://localhost:11434 "POST /api/generate HTTP/1.1" 200 None
2023-12-20 02:16:19,928 - ERROR - 
2023-12-20 02:16:19,928 - INFO - No.5 generated result for generate_result/jeecg-boot_out/DictAspect_parseDictText_1/SourceCodeOnly/ -- 

2023-12-20 02:16:19,929 - DEBUG - Starting new HTTP connection (1): localhost:11434
2023-12-20 02:19:20,850 - INFO - 
-------------source code-------------
 
private String getReqestParams(HttpServletRequest request, JoinPoint joinPoint) {
    String httpMethod = request.getMethod();
    String params = "";
    if (CommonConstant.HTTP_POST.equals(httpMethod) || CommonConstant.HTTP_PUT.equals(httpMethod) || CommonConstant.HTTP_PATCH.equals(httpMethod)) {
        Object[] paramsArray = joinPoint.getArgs();
        // java.lang.IllegalStateException: It is illegal to call this method if the current request is not in asynchronous mode (i.e. isAsyncStarted() returns false)
        //  https://my.oschina.net/mengzhang6/blog/2395893
        Object[] arguments  = new Object[paramsArray.length];
        for (int i = 0; i < paramsArray.length; i++) {
            if (paramsArray[i] instanceof BindingResult || paramsArray[i] instanceof ServletRequest || paramsArray[i] instanceof ServletResponse || paramsArray[i] instanceof MultipartFile) {
                //ServletRequest不能序列化，从入参里排除，否则报异常：java.lang.IllegalStateException: It is illegal to call this method if the current request is not in asynchronous mode (i.e. isAsyncStarted() returns false)
                //ServletResponse不能序列化 从入参里排除，否则报异常：java.lang.IllegalStateException: getOutputStream() has already been called for this response
                continue;
            }
            arguments[i] = paramsArray[i];
        }
        //update-begin-author:taoyan date:20200724 for:日志数据太长的直接过滤掉
        PropertyFilter profilter = new PropertyFilter() {
            @Override
            public boolean apply(Object o, String name, Object value) {
                int length = 500;
                if(value!=null && value.toString().length()>length){
                    return false;
                }
                return true;
            }
        };
        params = JSONObject.toJSONString(arguments, profilter);
        //update-end-author:taoyan date:20200724 for:日志数据太长的直接过滤掉
    } else {
        MethodSignature signature = (MethodSignature) joinPoint.getSignature();
        Method method = signature.getMethod();
        // 请求的方法参数值
        Object[] args = joinPoint.getArgs();
        // 请求的方法参数名称
        LocalVariableTableParameterNameDiscoverer u = new LocalVariableTableParameterNameDiscoverer();
        String[] paramNames = u.getParameterNames(method);
        if (args != null && paramNames != null) {
            for (int i = 0; i < args.length; i++) {
                params += "  " + paramNames[i] + ": " + args[i];
            }
        }
    }
    return params;
}
----------------------------------

2023-12-20 02:19:20,850 - INFO - No.1 generated result for generate_result/jeecg-boot_out/AutoLogAspect_getReqestParams_0/SourceCodeOnly/ -- 

2023-12-20 02:19:20,852 - DEBUG - Starting new HTTP connection (1): localhost:11434
2023-12-20 02:19:37,693 - DEBUG - http://localhost:11434 "POST /api/generate HTTP/1.1" 200 None
2023-12-20 02:19:37,694 - INFO - 
-------------generate result-------------
 The `getReqestParams` method is used to retrieve the request parameters for a given HTTP request. The method takes two arguments: an instance of `HttpServletRequest` and an instance of `JoinPoint`.

To complete the unit test, we need to provide mock instances of these classes and call the `getReqestParams` method with them. We can use the `@MockBean` annotation from Spring Boot Test to create a mock instance of `HttpServletRequest` and `JoinPoint`.

Here is an example of how to complete the unit test:
```java
import org.jeecg.common.aspect.AutoLogAspect;
import org.junit.jupiter.api.Test;
import org.springframework.boot.test.context.SpringBootTest;
import org.springframework.boot.test.mock.mockito.MockBean;
import static org.mockito.Mockito.*;

@SpringBootTest(classes = AutoLogAspect.class)
public class AutoLogAspectTest {
    @MockBean
    private HttpServletRequest request;
    
    @MockBean
    private JoinPoint joinPoint;
    
    @Test
    public void getReqestParamsTest() {
        // Set up the mock instances
        when(request.getMethod()).thenReturn("POST");
        Object[] params = new Object[2];
        params[0] = "param1";
        params[1] = "param2";
        when(joinPoint.getArgs()).thenReturn(params);
        
        // Call the method under test
        String result = AutoLogAspect.getReqestParams(request, joinPoint);
        
        // Verify the result
        assertEquals("POST param1:param2", result);
    }
}
```
In this example, we create mock instances of `HttpServletRequest` and `JoinPoint` using the `@MockBean` annotation. We then set up the mock instances to return the expected values for the methods called on them. Finally, we call the `getReqestParams` method with the mock instances and verify that it returns the expected result.----------------------------------

2023-12-20 02:19:37,694 - INFO - No.2 generated result for generate_result/jeecg-boot_out/AutoLogAspect_getReqestParams_0/SourceCodeOnly/ -- 

2023-12-20 02:19:37,695 - DEBUG - Starting new HTTP connection (1): localhost:11434
2023-12-20 02:19:44,385 - DEBUG - http://localhost:11434 "POST /api/generate HTTP/1.1" 200 None
2023-12-20 02:19:44,386 - INFO - 
-------------generate result-------------
 
package org.jeecg.common.aspect;

import org.junit.jupiter.api.*;
import static org.junit.jupiter.api.Assertions.*;

public class AutoLogAspectTest {
    @Test
    public void getReqestParamsTest() {
        String httpMethod = "POST";
        String params = "";
        
        // Mock a HttpServletRequest object
        HttpServletRequest request = mock(HttpServletRequest.class);
        when(request.getMethod()).thenReturn(httpMethod);
        
        // Mock a JoinPoint object
        JoinPoint joinPoint = mock(JoinPoint.class);
        when(joinPoint.getArgs()).thenReturn(new Object[] {});
        
        // Invoke the getReqestParams() method with the mock objects
        params = AutoLogAspect.getReqestParams(request, joinPoint);
        
        // Assert that the result is empty
        assertEquals("", params);
    }
}----------------------------------

2023-12-20 02:19:44,386 - INFO - No.3 generated result for generate_result/jeecg-boot_out/AutoLogAspect_getReqestParams_0/SourceCodeOnly/ -- 

2023-12-20 02:19:44,387 - DEBUG - Starting new HTTP connection (1): localhost:11434
2023-12-20 02:19:48,980 - DEBUG - http://localhost:11434 "POST /api/generate HTTP/1.1" 200 None
2023-12-20 02:19:48,980 - INFO - 
-------------generate result-------------
 package org.jeecg.common.aspect;

import org.junit.jupiter.api.*;
import static org.junit.jupiter.api.Assertions.*;

public class AutoLogAspectTest {
    @Test
    public void getReqestParamsTest() {
        HttpServletRequest request = <FILL>; // create a mock request object
        JoinPoint joinPoint = <FILL>; // create a mock join point object
        String actualResult = getReqestParams(request, joinPoint);
        
        assertEquals("Expected result", "Actual result");
    }
}----------------------------------

2023-12-20 02:19:48,980 - INFO - No.4 generated result for generate_result/jeecg-boot_out/AutoLogAspect_getReqestParams_0/SourceCodeOnly/ -- 

2023-12-20 02:19:48,981 - DEBUG - Starting new HTTP connection (1): localhost:11434
2023-12-20 02:19:58,277 - DEBUG - http://localhost:11434 "POST /api/generate HTTP/1.1" 200 None
2023-12-20 02:19:58,277 - INFO - 
-------------generate result-------------
 The response to this task is:
```
package org.jeecg.common.aspect;

import org.junit.jupiter.api.*;
import static org.junit.jupiter.api.Assertions.*;

public class AutoLogAspectTest {
    @Test
    public void getReqestParamsTest() {
        HttpServletRequest request = Mockito.mock(HttpServletRequest.class);
        JoinPoint joinPoint = Mockito.mock(JoinPoint.class);
        when(request.getMethod()).thenReturn("POST");
        when(joinPoint.getArgs()).thenReturn(new Object[] {1, 2, 3});
        String params = getReqestParams(request, joinPoint);
        assertEquals("{\"0\":1,\"1\":2,\"2\":3}", params);
    }
}
```
This test case uses the `Mockito` library to create mock instances of the `HttpServletRequest` and `JoinPoint` classes. The `when` method is used to set up the behavior of the mocks, with the `getMethod` method of the `HttpServletRequest` returning "POST" and the `getArgs` method of the `JoinPoint` returning an array containing 1, 2, and 3.

The test then calls the `getReqestParams` method with these mocks as arguments and checks that it returns a JSON string containing the expected values. The `assertEquals` method is used to check that the returned string matches the expected output.----------------------------------

2023-12-20 02:19:58,278 - INFO - No.5 generated result for generate_result/jeecg-boot_out/AutoLogAspect_getReqestParams_0/SourceCodeOnly/ -- 

2023-12-20 02:19:58,278 - DEBUG - Starting new HTTP connection (1): localhost:11434
2023-12-20 02:20:05,594 - DEBUG - http://localhost:11434 "POST /api/generate HTTP/1.1" 200 None
2023-12-20 02:20:05,594 - INFO - 
-------------generate result-------------
 package org.jeecg.common.aspect;

import com.alibaba.fastjson.JSONObject;
import org.aspectj.lang.JoinPoint;
import org.junit.jupiter.api.*;
import static org.junit.jupiter.api.Assertions.*;

public class AutoLogAspectTest {
    @Test
    public void getReqestParamsTest() {
        // arrange
        HttpServletRequest request = mock(HttpServletRequest.class);
        JoinPoint joinPoint = mock(JoinPoint.class);
        when(request.getMethod()).thenReturn("POST");
        Object[] paramsArray = new Object[2];
        paramsArray[0] = "param1";
        paramsArray[1] = "param2";
        when(joinPoint.getArgs()).thenReturn(paramsArray);
        
        // act
        String result = AutoLogAspectTest.getReqestParams(request, joinPoint);
        
        // assert
        assertEquals("{\"param1\":\"param1\",\"param2\":\"param2\"}", result);
    }
}----------------------------------

2023-12-20 02:20:05,595 - INFO - No.6 generated result for generate_result/jeecg-boot_out/AutoLogAspect_getReqestParams_0/SourceCodeOnly/ -- 

2023-12-20 02:20:05,595 - DEBUG - Starting new HTTP connection (1): localhost:11434
2023-12-20 02:20:16,346 - DEBUG - http://localhost:11434 "POST /api/generate HTTP/1.1" 200 None
2023-12-20 02:20:16,347 - INFO - 
-------------generate result-------------
 
Here is the completed test case for the `getReqestParams` method:
```java
package org.jeecg.common.aspect;

import org.junit.jupiter.api.*;
import static org.junit.jupiter.api.Assertions.*;

public class AutoLogAspectTest {
    @Test
    public void getReqestParamsTest() {
        HttpServletRequest request = Mockito.mock(HttpServletRequest.class);
        JoinPoint joinPoint = Mockito.mock(JoinPoint.class);
        
        String httpMethod = "POST";
        when(request.getMethod()).thenReturn(httpMethod);
        
        Object[] paramsArray = {1, 2};
        when(joinPoint.getArgs()).thenReturn(paramsArray);
        
        PropertyFilter profilter = new PropertyFilter() {
            @Override
            public boolean apply(Object o, String name, Object value) {
                int length = 500;
                if(value!=null && value.toString().length()>length){
                    return false;
                }
                return true;
            }
        };
        
        String params = getReqestParams(request, joinPoint);
        assertEquals("[1, 2]", params);
    }
}
```
In this test case, we mocked the `HttpServletRequest` and `JoinPoint` objects to simulate the parameters that are passed into the `getReqestParams` method. We then set up a `PropertyFilter` object to filter out any values that are longer than 500 characters. Finally, we call the `getReqestParams` method with our mocked request and join point objects and assert that the returned value is equal to "[1, 2]".----------------------------------

2023-12-20 02:20:16,347 - INFO - No.7 generated result for generate_result/jeecg-boot_out/AutoLogAspect_getReqestParams_0/SourceCodeOnly/ -- 

2023-12-20 02:20:16,348 - DEBUG - Starting new HTTP connection (1): localhost:11434
2023-12-20 02:20:33,667 - DEBUG - http://localhost:11434 "POST /api/generate HTTP/1.1" 200 None
2023-12-20 02:20:33,668 - INFO - 
-------------generate result-------------
 
Here is the completed JUnit test case for the `getReqestParams` method:
```java
package org.jeecg.common.aspect;

import org.junit.jupiter.api.*;
import static org.junit.jupiter.api.Assertions.*;

public class AutoLogAspectTest {
    @Test
    public void getReqestParamsTest() {
        // Test 1: Http POST request with method arguments that can be serialized to JSON
        HttpServletRequest request = new MockHttpServletRequest("POST", "/my/api");
        JoinPoint joinPoint = new MockJoinPoint(new Object(), new String[]{"arg1", "arg2"});
        Object[] args = { "value1", "value2" };
        PropertyFilter profilter = new PropertyFilter() {
            @Override
            public boolean apply(Object o, String name, Object value) {
                int length = 500;
                if(value!=null && value.toString().length()>length){
                    return false;
                }
                return true;
            }
        };
        // Expected result: JSON string with method arguments
        String expectedResult = "{\"arg1\":\"value1\",\"arg2\":\"value2\"}";
        assertEquals(expectedResult, getReqestParams(request, joinPoint));

        // Test 2: Http POST request with a large number of method arguments that can be serialized to JSON
        int numArgs = 50;
        Object[] argsLarge = new Object[numArgs];
        for (int i = 0; i < numArgs; i++) {
            argsLarge[i] = "value" + i;
        }
        PropertyFilter profilterLarge = new PropertyFilter() {
            @Override
            public boolean apply(Object o, String name, Object value) {
                int length = 500;
                if(value!=null && value.toString().length()>length){
                    return false;
                }
                return true;
            }
        };
        // Expected result: JSON string with method arguments
        String expectedResultLarge = "{\"arg1\":\"value1\",\"arg2\":\"value2\"}";
        assertEquals(expectedResultLarge, getReqestParams(request, joinPoint));
    }
}
```
In this test case, we have two tests for the `getReqestParams` method. The first test checks that the method returns a JSON string with the correct method arguments for an HTTP POST request. The second test checks that the method handles a large number of method arguments correctly by checking that the result is a JSON string with the correct method arguments.

Note that we have used the `MockHttpServletRequest` and `MockJoinPoint` classes to create mock instances of the `HttpServletRequest` and `JoinPoint` interfaces, which allows us to simulate an HTTP POST request and test the behavior of the `getReqestParams` method.----------------------------------

2023-12-20 02:20:33,668 - INFO - No.8 generated result for generate_result/jeecg-boot_out/AutoLogAspect_getReqestParams_0/SourceCodeOnly/ -- 

2023-12-20 02:20:33,669 - DEBUG - Starting new HTTP connection (1): localhost:11434
2023-12-20 02:20:40,419 - DEBUG - http://localhost:11434 "POST /api/generate HTTP/1.1" 200 None
2023-12-20 02:20:40,420 - INFO - 
-------------generate result-------------
 The response for the task is:

package org.jeecg.common.aspect;

import org.junit.jupiter.api.*;
import static org.junit.jupiter.api.Assertions.*;

public class AutoLogAspectTest {
    @Test
    public void getReqestParamsTest() {
        // Arrange
        HttpServletRequest request = mock(HttpServletRequest.class);
        JoinPoint joinPoint = mock(JoinPoint.class);

        when(request.getMethod()).thenReturn("POST");
        when(joinPoint.getArgs()).thenReturn(new Object[]{"arg1", "arg2"});
        when(joinPoint.getSignature()).thenReturn(mock(MethodSignature.class));

        AutoLogAspect aspect = new AutoLogAspect();

        // Act
        String actualParams = aspect.getReqestParams(request, joinPoint);

        // Assert
        assertEquals("arg1", actualParams);
    }
}----------------------------------

2023-12-20 02:20:40,420 - INFO - No.9 generated result for generate_result/jeecg-boot_out/AutoLogAspect_getReqestParams_0/SourceCodeOnly/ -- 

2023-12-20 02:20:40,421 - DEBUG - Starting new HTTP connection (1): localhost:11434
2023-12-20 02:20:49,770 - DEBUG - http://localhost:11434 "POST /api/generate HTTP/1.1" 200 None
2023-12-20 02:20:49,771 - INFO - 
-------------generate result-------------
 The given code is an aspect that logs the request parameters of a REST API call. The aspect uses reflection to extract the method parameters and their values from the join point.

To complete the test case, you need to create a mock HTTP servlet request and invoke the `getReqestParams` method with this request as input. You can then verify that the returned value is correct based on the expected output.

Here's an example of how you can modify the test case:
```java
package org.jeecg.common.aspect;

import javax.servlet.http.HttpServletRequest;
import org.junit.jupiter.api.*;
import static org.junit.jupiter.api.Assertions.*;

public class AutoLogAspectTest {
    @Test
    public void getReqestParamsTest() {
        // Create a mock HTTP servlet request
        HttpServletRequest request = new MockHttpServletRequest();
        
        // Set the request method to GET
        request.setMethod("GET");
        
        // Set the request parameters
        request.addParameter("param1", "value1");
        request.addParameter("param2", "value2");
        
        // Invoke the getReqestParams method with the mock request as input
        String params = AutoLogAspect.getReqestParams(request, null);
        
        // Verify that the returned value is correct based on the expected output
        assertEquals("param1=value1&param2=value2", params);
    }
}
```----------------------------------

2023-12-20 02:20:49,771 - INFO - No.10 generated result for generate_result/jeecg-boot_out/AutoLogAspect_getReqestParams_0/SourceCodeOnly/ -- 

2023-12-20 02:20:49,772 - DEBUG - Starting new HTTP connection (1): localhost:11434
2023-12-20 02:20:57,831 - DEBUG - http://localhost:11434 "POST /api/generate HTTP/1.1" 200 None
2023-12-20 02:20:57,832 - INFO - 
-------------generate result-------------
 package org.jeecg.common.aspect;

import org.junit.jupiter.api.*;
import static org.junit.jupiter.api.Assertions.*;

public class AutoLogAspectTest {
    @Test
    public void getReqestParamsTest() {
        HttpServletRequest request = Mockito.mock(HttpServletRequest.class);
        JoinPoint joinPoint = Mockito.mock(JoinPoint.class);

        String httpMethod = "POST";
        when(request.getMethod()).thenReturn(httpMethod);
        Object[] paramsArray = {1, 2};
        when(joinPoint.getArgs()).thenReturn(paramsArray);

        PropertyFilter profilter = new PropertyFilter() {
            @Override
            public boolean apply(Object o, String name, Object value) {
                int length = 500;
                if (value != null && value.toString().length() > length) {
                    return false;
                }
                return true;
            }
        };

        AutoLogAspect aspect = new AutoLogAspect();
        String params = aspect.getReqestParams(request, joinPoint);

        assertEquals("1: 2", params);
    }
}----------------------------------

2023-12-20 02:20:57,832 - INFO - 
-------------source code-------------
 
private String getReqestParams(HttpServletRequest request, JoinPoint joinPoint) {
    String httpMethod = request.getMethod();
    String params = "";
    if (CommonConstant.HTTP_POST.equals(httpMethod) || CommonConstant.HTTP_PUT.equals(httpMethod) || CommonConstant.HTTP_PATCH.equals(httpMethod)) {
        Object[] paramsArray = joinPoint.getArgs();
        // java.lang.IllegalStateException: It is illegal to call this method if the current request is not in asynchronous mode (i.e. isAsyncStarted() returns false)
        //  https://my.oschina.net/mengzhang6/blog/2395893
        Object[] arguments  = new Object[paramsArray.length];
        for (int i = 0; i < paramsArray.length; i++) {
            if (paramsArray[i] instanceof BindingResult || paramsArray[i] instanceof ServletRequest || paramsArray[i] instanceof ServletResponse || paramsArray[i] instanceof MultipartFile) {
                //ServletRequest不能序列化，从入参里排除，否则报异常：java.lang.IllegalStateException: It is illegal to call this method if the current request is not in asynchronous mode (i.e. isAsyncStarted() returns false)
                //ServletResponse不能序列化 从入参里排除，否则报异常：java.lang.IllegalStateException: getOutputStream() has already been called for this response
                continue;
            }
            arguments[i] = paramsArray[i];
        }
        //update-begin-author:taoyan date:20200724 for:日志数据太长的直接过滤掉
        PropertyFilter profilter = new PropertyFilter() {
            @Override
            public boolean apply(Object o, String name, Object value) {
                int length = 500;
                if(value!=null && value.toString().length()>length){
                    return false;
                }
                return true;
            }
        };
        params = JSONObject.toJSONString(arguments, profilter);
        //update-end-author:taoyan date:20200724 for:日志数据太长的直接过滤掉
    } else {
        MethodSignature signature = (MethodSignature) joinPoint.getSignature();
        Method method = signature.getMethod();
        // 请求的方法参数值
        Object[] args = joinPoint.getArgs();
        // 请求的方法参数名称
        LocalVariableTableParameterNameDiscoverer u = new LocalVariableTableParameterNameDiscoverer();
        String[] paramNames = u.getParameterNames(method);
        if (args != null && paramNames != null) {
            for (int i = 0; i < args.length; i++) {
                params += "  " + paramNames[i] + ": " + args[i];
            }
        }
    }
    return params;
}
----------------------------------

2023-12-20 02:20:57,833 - INFO - No.1 generated result for generate_result/jeecg-boot_out/AutoLogAspect_getReqestParams_0/SourceCode&Full/ -- 

2023-12-20 02:20:57,834 - DEBUG - Starting new HTTP connection (1): localhost:11434
2023-12-20 02:23:52,864 - ERROR - Timeout
2023-12-20 02:23:52,864 - INFO - No.2 generated result for generate_result/jeecg-boot_out/AutoLogAspect_getReqestParams_0/SourceCode&Full/ -- 

2023-12-20 02:23:52,866 - DEBUG - Starting new HTTP connection (1): localhost:11434
2023-12-20 02:26:55,838 - INFO - 
-------------source code-------------
 
private String getReqestParams(HttpServletRequest request, JoinPoint joinPoint) {
    String httpMethod = request.getMethod();
    String params = "";
    if (CommonConstant.HTTP_POST.equals(httpMethod) || CommonConstant.HTTP_PUT.equals(httpMethod) || CommonConstant.HTTP_PATCH.equals(httpMethod)) {
        Object[] paramsArray = joinPoint.getArgs();
        // java.lang.IllegalStateException: It is illegal to call this method if the current request is not in asynchronous mode (i.e. isAsyncStarted() returns false)
        //  https://my.oschina.net/mengzhang6/blog/2395893
        Object[] arguments  = new Object[paramsArray.length];
        for (int i = 0; i < paramsArray.length; i++) {
            if (paramsArray[i] instanceof BindingResult || paramsArray[i] instanceof ServletRequest || paramsArray[i] instanceof ServletResponse || paramsArray[i] instanceof MultipartFile) {
                //ServletRequest不能序列化，从入参里排除，否则报异常：java.lang.IllegalStateException: It is illegal to call this method if the current request is not in asynchronous mode (i.e. isAsyncStarted() returns false)
                //ServletResponse不能序列化 从入参里排除，否则报异常：java.lang.IllegalStateException: getOutputStream() has already been called for this response
                continue;
            }
            arguments[i] = paramsArray[i];
        }
        //update-begin-author:taoyan date:20200724 for:日志数据太长的直接过滤掉
        PropertyFilter profilter = new PropertyFilter() {
            @Override
            public boolean apply(Object o, String name, Object value) {
                int length = 500;
                if(value!=null && value.toString().length()>length){
                    return false;
                }
                return true;
            }
        };
        params = JSONObject.toJSONString(arguments, profilter);
        //update-end-author:taoyan date:20200724 for:日志数据太长的直接过滤掉
    } else {
        MethodSignature signature = (MethodSignature) joinPoint.getSignature();
        Method method = signature.getMethod();
        // 请求的方法参数值
        Object[] args = joinPoint.getArgs();
        // 请求的方法参数名称
        LocalVariableTableParameterNameDiscoverer u = new LocalVariableTableParameterNameDiscoverer();
        String[] paramNames = u.getParameterNames(method);
        if (args != null && paramNames != null) {
            for (int i = 0; i < args.length; i++) {
                params += "  " + paramNames[i] + ": " + args[i];
            }
        }
    }
    return params;
}
----------------------------------

2023-12-20 02:26:55,838 - INFO - No.1 generated result for generate_result/jeecg-boot_out/AutoLogAspect_getReqestParams_0/SourceCodeOnly/ -- 

2023-12-20 02:26:55,839 - DEBUG - Starting new HTTP connection (1): localhost:11434
